<?xml version="1.0" encoding="UTF-8"?>
<!-- Generated by org.testng.reporters.JUnitXMLReporter -->
<testsuite hostname="Navya-PC" name="Default test" tests="2" failures="1" timestamp="6 Apr 2015 07:01:19 GMT" time="23.154" errors="0">
  <testcase name="TestLogin" time="8.218" classname="com.onelogin.tests.LoginTest"/>
  <testcase name="ContactTabBar" time="0.004" classname="com.onelogin.tests.GeneralTabBarTest">
    <failure type="java.lang.StackOverflowError">
      <![CDATA[java.lang.StackOverflowError
	at com.onelogin.tests.GeneralTabBarTest.ContactTabBar(GeneralTabBarTest.java:11)
	at com.onelogin.tests.GeneralTabBarTest.ContactTabBar(GeneralTabBarTest.java:12)
	at com.onelogin.tests.GeneralTabBarTest.ContactTabBar(GeneralTabBarTest.java:12)
	at com.onelogin.tests.GeneralTabBarTest.ContactTabBar(GeneralTabBarTest.java:12)
	at com.onelogin.tests.GeneralTabBarTest.ContactTabBar(GeneralTabBarTest.java:12)
	at com.onelogin.tests.GeneralTabBarTest.ContactTabBar(GeneralTabBarTest.java:12)
	at com.onelogin.tests.GeneralTabBarTest.ContactTabBar(GeneralTabBarTest.java:12)
	at com.onelogin.tests.GeneralTabBarTest.ContactTabBar(GeneralTabBarTest.java:12)
	at com.onelogin.tests.GeneralTabBarTest.ContactTabBar(GeneralTabBarTest.java:12)
	at com.onelogin.tests.GeneralTabBarTest.ContactTabBar(GeneralTabBarTest.java:12)
	at com.onelogin.tests.GeneralTabBarTest.ContactTabBar(GeneralTabBarTest.java:12)
	at com.onelogin.tests.GeneralTabBarTest.ContactTabBar(GeneralTabBarTest.java:12)
	at com.onelogin.tests.GeneralTabBarTest.ContactTabBar(GeneralTabBarTest.java:12)
	at com.onelogin.tests.GeneralTabBarTest.ContactTabBar(GeneralTabBarTest.java:12)
	at com.onelogin.tests.GeneralTabBarTest.ContactTabBar(GeneralTabBarTest.java:12)
	at com.onelogin.tests.GeneralTabBarTest.ContactTabBar(GeneralTabBarTest.java:12)
	at com.onelogin.tests.GeneralTabBarTest.ContactTabBar(GeneralTabBarTest.java:12)
	at com.onelogin.tests.GeneralTabBarTest.ContactTabBar(GeneralTabBarTest.java:12)
	at com.onelogin.tests.GeneralTabBarTest.ContactTabBar(GeneralTabBarTest.java:12)
	at com.onelogin.tests.GeneralTabBarTest.ContactTabBar(GeneralTabBarTest.java:12)
	at com.onelogin.tests.GeneralTabBarTest.ContactTabBar(GeneralTabBarTest.java:12)
	at com.onelogin.tests.GeneralTabBarTest.ContactTabBar(GeneralTabBarTest.java:12)
	at com.onelogin.tests.GeneralTabBarTest.ContactTabBar(GeneralTabBarTest.java:12)
	at com.onelogin.tests.GeneralTabBarTest.ContactTabBar(GeneralTabBarTest.java:12)
	at com.onelogin.tests.GeneralTabBarTest.ContactTabBar(GeneralTabBarTest.java:12)
	at com.onelogin.tests.GeneralTabBarTest.ContactTabBar(GeneralTabBarTest.java:12)
	at com.onelogin.tests.GeneralTabBarTest.ContactTabBar(GeneralTabBarTest.java:12)
	at com.onelogin.tests.GeneralTabBarTest.ContactTabBar(GeneralTabBarTest.java:12)
	at com.onelogin.tests.GeneralTabBarTest.ContactTabBar(GeneralTabBarTest.java:12)
	at com.onelogin.tests.GeneralTabBarTest.ContactTabBar(GeneralTabBarTest.java:12)
	at com.onelogin.tests.GeneralTabBarTest.ContactTabBar(GeneralTabBarTest.java:12)
	at com.onelogin.tests.GeneralTabBarTest.ContactTabBar(GeneralTabBarTest.java:12)
	at com.onelogin.tests.GeneralTabBarTest.ContactTabBar(GeneralTabBarTest.java:12)
	at com.onelogin.tests.GeneralTabBarTest.ContactTabBar(GeneralTabBarTest.java:12)
	at com.onelogin.tests.GeneralTabBarTest.ContactTabBar(GeneralTabBarTest.java:12)
	at com.onelogin.tests.GeneralTabBarTest.ContactTabBar(GeneralTabBarTest.java:12)
	at com.onelogin.tests.GeneralTabBarTest.ContactTabBar(GeneralTabBarTest.java:12)
	at com.onelogin.tests.GeneralTabBarTest.ContactTabBar(GeneralTabBarTest.java:12)
	at com.onelogin.tests.GeneralTabBarTest.ContactTabBar(GeneralTabBarTest.java:12)
	at com.onelogin.tests.GeneralTabBarTest.ContactTabBar(GeneralTabBarTest.java:12)
	at com.onelogin.tests.GeneralTabBarTest.ContactTabBar(GeneralTabBarTest.java:12)
	at com.onelogin.tests.GeneralTabBarTest.ContactTabBar(GeneralTabBarTest.java:12)
	at com.onelogin.tests.GeneralTabBarTest.ContactTabBar(GeneralTabBarTest.java:12)
	at com.onelogin.tests.GeneralTabBarTest.ContactTabBar(GeneralTabBarTest.java:12)
	at com.onelogin.tests.GeneralTabBarTest.ContactTabBar(GeneralTabBarTest.java:12)
	at com.onelogin.tests.GeneralTabBarTest.ContactTabBar(GeneralTabBarTest.java:12)
	at com.onelogin.tests.GeneralTabBarTest.ContactTabBar(GeneralTabBarTest.java:12)
	at com.onelogin.tests.GeneralTabBarTest.ContactTabBar(GeneralTabBarTest.java:12)
	at com.onelogin.tests.GeneralTabBarTest.ContactTabBar(GeneralTabBarTest.java:12)
	at com.onelogin.tests.GeneralTabBarTest.ContactTabBar(GeneralTabBarTest.java:12)
	at com.onelogin.tests.GeneralTabBarTest.ContactTabBar(GeneralTabBarTest.java:12)
	at com.onelogin.tests.GeneralTabBarTest.ContactTabBar(GeneralTabBarTest.java:12)
	at com.onelogin.tests.GeneralTabBarTest.ContactTabBar(GeneralTabBarTest.java:12)
	at com.onelogin.tests.GeneralTabBarTest.ContactTabBar(GeneralTabBarTest.java:12)
	at com.onelogin.tests.GeneralTabBarTest.ContactTabBar(GeneralTabBarTest.java:12)
	at com.onelogin.tests.GeneralTabBarTest.ContactTabBar(GeneralTabBarTest.java:12)
	at com.onelogin.tests.GeneralTabBarTest.ContactTabBar(GeneralTabBarTest.java:12)
	at com.onelogin.tests.GeneralTabBarTest.ContactTabBar(GeneralTabBarTest.java:12)
	at com.onelogin.tests.GeneralTabBarTest.ContactTabBar(GeneralTabBarTest.java:12)
	at com.onelogin.tests.GeneralTabBarTest.ContactTabBar(GeneralTabBarTest.java:12)
	at com.onelogin.tests.GeneralTabBarTest.ContactTabBar(GeneralTabBarTest.java:12)
	at com.onelogin.tests.GeneralTabBarTest.ContactTabBar(GeneralTabBarTest.java:12)
	at com.onelogin.tests.GeneralTabBarTest.ContactTabBar(GeneralTabBarTest.java:12)
	at com.onelogin.tests.GeneralTabBarTest.ContactTabBar(GeneralTabBarTest.java:12)
	at com.onelogin.tests.GeneralTabBarTest.ContactTabBar(GeneralTabBarTest.java:12)
	at com.onelogin.tests.GeneralTabBarTest.ContactTabBar(GeneralTabBarTest.java:12)
	at com.onelogin.tests.GeneralTabBarTest.ContactTabBar(GeneralTabBarTest.java:12)
	at com.onelogin.tests.GeneralTabBarTest.ContactTabBar(GeneralTabBarTest.java:12)
	at com.onelogin.tests.GeneralTabBarTest.ContactTabBar(GeneralTabBarTest.java:12)
	at com.onelogin.tests.GeneralTabBarTest.ContactTabBar(GeneralTabBarTest.java:12)
	at com.onelogin.tests.GeneralTabBarTest.ContactTabBar(GeneralTabBarTest.java:12)
	at com.onelogin.tests.GeneralTabBarTest.ContactTabBar(GeneralTabBarTest.java:12)
	at com.onelogin.tests.GeneralTabBarTest.ContactTabBar(GeneralTabBarTest.java:12)
	at com.onelogin.tests.GeneralTabBarTest.ContactTabBar(GeneralTabBarTest.java:12)
	at com.onelogin.tests.GeneralTabBarTest.ContactTabBar(GeneralTabBarTest.java:12)
	at com.onelogin.tests.GeneralTabBarTest.ContactTabBar(GeneralTabBarTest.java:12)
	at com.onelogin.tests.GeneralTabBarTest.ContactTabBar(GeneralTabBarTest.java:12)
	at com.onelogin.tests.GeneralTabBarTest.ContactTabBar(GeneralTabBarTest.java:12)
	at com.onelogin.tests.GeneralTabBarTest.ContactTabBar(GeneralTabBarTest.java:12)
	at com.onelogin.tests.GeneralTabBarTest.ContactTabBar(GeneralTabBarTest.java:12)
	at com.onelogin.tests.GeneralTabBarTest.ContactTabBar(GeneralTabBarTest.java:12)
	at com.onelogin.tests.GeneralTabBarTest.ContactTabBar(GeneralTabBarTest.java:12)
	at com.onelogin.tests.GeneralTabBarTest.ContactTabBar(GeneralTabBarTest.java:12)
	at com.onelogin.tests.GeneralTabBarTest.ContactTabBar(GeneralTabBarTest.java:12)
	at com.onelogin.tests.GeneralTabBarTest.ContactTabBar(GeneralTabBarTest.java:12)
	at com.onelogin.tests.GeneralTabBarTest.ContactTabBar(GeneralTabBarTest.java:12)
	at com.onelogin.tests.GeneralTabBarTest.ContactTabBar(GeneralTabBarTest.java:12)
	at com.onelogin.tests.GeneralTabBarTest.ContactTabBar(GeneralTabBarTest.java:12)
	at com.onelogin.tests.GeneralTabBarTest.ContactTabBar(GeneralTabBarTest.java:12)
	at com.onelogin.tests.GeneralTabBarTest.ContactTabBar(GeneralTabBarTest.java:12)
	at com.onelogin.tests.GeneralTabBarTest.ContactTabBar(GeneralTabBarTest.java:12)
	at com.onelogin.tests.GeneralTabBarTest.ContactTabBar(GeneralTabBarTest.java:12)
	at com.onelogin.tests.GeneralTabBarTest.ContactTabBar(GeneralTabBarTest.java:12)
	at com.onelogin.tests.GeneralTabBarTest.ContactTabBar(GeneralTabBarTest.java:12)
	at com.onelogin.tests.GeneralTabBarTest.ContactTabBar(GeneralTabBarTest.java:12)
	at com.onelogin.tests.GeneralTabBarTest.ContactTabBar(GeneralTabBarTest.java:12)
	at com.onelogin.tests.GeneralTabBarTest.ContactTabBar(GeneralTabBarTest.java:12)
	at com.onelogin.tests.GeneralTabBarTest.ContactTabBar(GeneralTabBarTest.java:12)
	at com.onelogin.tests.GeneralTabBarTest.ContactTabBar(GeneralTabBarTest.java:12)
	at com.onelogin.tests.GeneralTabBarTest.ContactTabBar(GeneralTabBarTest.java:12)
	at com.onelogin.tests.GeneralTabBarTest.ContactTabBar(GeneralTabBarTest.java:12)
	at com.onelogin.tests.GeneralTabBarTest.ContactTabBar(GeneralTabBarTest.java:12)
	at com.onelogin.tests.GeneralTabBarTest.ContactTabBar(GeneralTabBarTest.java:12)
	at com.onelogin.tests.GeneralTabBarTest.ContactTabBar(GeneralTabBarTest.java:12)
	at com.onelogin.tests.GeneralTabBarTest.ContactTabBar(GeneralTabBarTest.java:12)
	at com.onelogin.tests.GeneralTabBarTest.ContactTabBar(GeneralTabBarTest.java:12)
	at com.onelogin.tests.GeneralTabBarTest.ContactTabBar(GeneralTabBarTest.java:12)
	at com.onelogin.tests.GeneralTabBarTest.ContactTabBar(GeneralTabBarTest.java:12)
	at com.onelogin.tests.GeneralTabBarTest.ContactTabBar(GeneralTabBarTest.java:12)
	at com.onelogin.tests.GeneralTabBarTest.ContactTabBar(GeneralTabBarTest.java:12)
	at com.onelogin.tests.GeneralTabBarTest.ContactTabBar(GeneralTabBarTest.java:12)
	at com.onelogin.tests.GeneralTabBarTest.ContactTabBar(GeneralTabBarTest.java:12)
	at com.onelogin.tests.GeneralTabBarTest.ContactTabBar(GeneralTabBarTest.java:12)
	at com.onelogin.tests.GeneralTabBarTest.ContactTabBar(GeneralTabBarTest.java:12)
	at com.onelogin.tests.GeneralTabBarTest.ContactTabBar(GeneralTabBarTest.java:12)
	at com.onelogin.tests.GeneralTabBarTest.ContactTabBar(GeneralTabBarTest.java:12)
	at com.onelogin.tests.GeneralTabBarTest.ContactTabBar(GeneralTabBarTest.java:12)
	at com.onelogin.tests.GeneralTabBarTest.ContactTabBar(GeneralTabBarTest.java:12)
	at com.onelogin.tests.GeneralTabBarTest.ContactTabBar(GeneralTabBarTest.java:12)
	at com.onelogin.tests.GeneralTabBarTest.ContactTabBar(GeneralTabBarTest.java:12)
	at com.onelogin.tests.GeneralTabBarTest.ContactTabBar(GeneralTabBarTest.java:12)
	at com.onelogin.tests.GeneralTabBarTest.ContactTabBar(GeneralTabBarTest.java:12)
	at com.onelogin.tests.GeneralTabBarTest.ContactTabBar(GeneralTabBarTest.java:12)
	at com.onelogin.tests.GeneralTabBarTest.ContactTabBar(GeneralTabBarTest.java:12)
	at com.onelogin.tests.GeneralTabBarTest.ContactTabBar(GeneralTabBarTest.java:12)
	at com.onelogin.tests.GeneralTabBarTest.ContactTabBar(GeneralTabBarTest.java:12)
	at com.onelogin.tests.GeneralTabBarTest.ContactTabBar(GeneralTabBarTest.java:12)
	at com.onelogin.tests.GeneralTabBarTest.ContactTabBar(GeneralTabBarTest.java:12)
	at com.onelogin.tests.GeneralTabBarTest.ContactTabBar(GeneralTabBarTest.java:12)
	at com.onelogin.tests.GeneralTabBarTest.ContactTabBar(GeneralTabBarTest.java:12)
	at com.onelogin.tests.GeneralTabBarTest.ContactTabBar(GeneralTabBarTest.java:12)
	at com.onelogin.tests.GeneralTabBarTest.ContactTabBar(GeneralTabBarTest.java:12)
	at com.onelogin.tests.GeneralTabBarTest.ContactTabBar(GeneralTabBarTest.java:12)
	at com.onelogin.tests.GeneralTabBarTest.ContactTabBar(GeneralTabBarTest.java:12)
	at com.onelogin.tests.GeneralTabBarTest.ContactTabBar(GeneralTabBarTest.java:12)
	at com.onelogin.tests.GeneralTabBarTest.ContactTabBar(GeneralTabBarTest.java:12)
	at com.onelogin.tests.GeneralTabBarTest.ContactTabBar(GeneralTabBarTest.java:12)
	at com.onelogin.tests.GeneralTabBarTest.ContactTabBar(GeneralTabBarTest.java:12)
	at com.onelogin.tests.GeneralTabBarTest.ContactTabBar(GeneralTabBarTest.java:12)
	at com.onelogin.tests.GeneralTabBarTest.ContactTabBar(GeneralTabBarTest.java:12)
	at com.onelogin.tests.GeneralTabBarTest.ContactTabBar(GeneralTabBarTest.java:12)
	at com.onelogin.tests.GeneralTabBarTest.ContactTabBar(GeneralTabBarTest.java:12)
	at com.onelogin.tests.GeneralTabBarTest.ContactTabBar(GeneralTabBarTest.java:12)
	at com.onelogin.tests.GeneralTabBarTest.ContactTabBar(GeneralTabBarTest.java:12)
	at com.onelogin.tests.GeneralTabBarTest.ContactTabBar(GeneralTabBarTest.java:12)
	at com.onelogin.tests.GeneralTabBarTest.ContactTabBar(GeneralTabBarTest.java:12)
	at com.onelogin.tests.GeneralTabBarTest.ContactTabBar(GeneralTabBarTest.java:12)
	at com.onelogin.tests.GeneralTabBarTest.ContactTabBar(GeneralTabBarTest.java:12)
	at com.onelogin.tests.GeneralTabBarTest.ContactTabBar(GeneralTabBarTest.java:12)
	at com.onelogin.tests.GeneralTabBarTest.ContactTabBar(GeneralTabBarTest.java:12)
	at com.onelogin.tests.GeneralTabBarTest.ContactTabBar(GeneralTabBarTest.java:12)
	at com.onelogin.tests.GeneralTabBarTest.ContactTabBar(GeneralTabBarTest.java:12)
	at com.onelogin.tests.GeneralTabBarTest.ContactTabBar(GeneralTabBarTest.java:12)
	at com.onelogin.tests.GeneralTabBarTest.ContactTabBar(GeneralTabBarTest.java:12)
	at com.onelogin.tests.GeneralTabBarTest.ContactTabBar(GeneralTabBarTest.java:12)
	at com.onelogin.tests.GeneralTabBarTest.ContactTabBar(GeneralTabBarTest.java:12)
	at com.onelogin.tests.GeneralTabBarTest.ContactTabBar(GeneralTabBarTest.java:12)
	at com.onelogin.tests.GeneralTabBarTest.ContactTabBar(GeneralTabBarTest.java:12)
	at com.onelogin.tests.GeneralTabBarTest.ContactTabBar(GeneralTabBarTest.java:12)
	at com.onelogin.tests.GeneralTabBarTest.ContactTabBar(GeneralTabBarTest.java:12)
	at com.onelogin.tests.GeneralTabBarTest.ContactTabBar(GeneralTabBarTest.java:12)
	at com.onelogin.tests.GeneralTabBarTest.ContactTabBar(GeneralTabBarTest.java:12)
	at com.onelogin.tests.GeneralTabBarTest.ContactTabBar(GeneralTabBarTest.java:12)
	at com.onelogin.tests.GeneralTabBarTest.ContactTabBar(GeneralTabBarTest.java:12)
	at com.onelogin.tests.GeneralTabBarTest.ContactTabBar(GeneralTabBarTest.java:12)
	at com.onelogin.tests.GeneralTabBarTest.ContactTabBar(GeneralTabBarTest.java:12)
	at com.onelogin.tests.GeneralTabBarTest.ContactTabBar(GeneralTabBarTest.java:12)
	at com.onelogin.tests.GeneralTabBarTest.ContactTabBar(GeneralTabBarTest.java:12)
	at com.onelogin.tests.GeneralTabBarTest.ContactTabBar(GeneralTabBarTest.java:12)
	at com.onelogin.tests.GeneralTabBarTest.ContactTabBar(GeneralTabBarTest.java:12)
	at com.onelogin.tests.GeneralTabBarTest.ContactTabBar(GeneralTabBarTest.java:12)
	at com.onelogin.tests.GeneralTabBarTest.ContactTabBar(GeneralTabBarTest.java:12)
	at com.onelogin.tests.GeneralTabBarTest.ContactTabBar(GeneralTabBarTest.java:12)
	at com.onelogin.tests.GeneralTabBarTest.ContactTabBar(GeneralTabBarTest.java:12)
	at com.onelogin.tests.GeneralTabBarTest.ContactTabBar(GeneralTabBarTest.java:12)
	at com.onelogin.tests.GeneralTabBarTest.ContactTabBar(GeneralTabBarTest.java:12)
	at com.onelogin.tests.GeneralTabBarTest.ContactTabBar(GeneralTabBarTest.java:12)
	at com.onelogin.tests.GeneralTabBarTest.ContactTabBar(GeneralTabBarTest.java:12)
	at com.onelogin.tests.GeneralTabBarTest.ContactTabBar(GeneralTabBarTest.java:12)
	at com.onelogin.tests.GeneralTabBarTest.ContactTabBar(GeneralTabBarTest.java:12)
	at com.onelogin.tests.GeneralTabBarTest.ContactTabBar(GeneralTabBarTest.java:12)
	at com.onelogin.tests.GeneralTabBarTest.ContactTabBar(GeneralTabBarTest.java:12)
	at com.onelogin.tests.GeneralTabBarTest.ContactTabBar(GeneralTabBarTest.java:12)
	at com.onelogin.tests.GeneralTabBarTest.ContactTabBar(GeneralTabBarTest.java:12)
	at com.onelogin.tests.GeneralTabBarTest.ContactTabBar(GeneralTabBarTest.java:12)
	at com.onelogin.tests.GeneralTabBarTest.ContactTabBar(GeneralTabBarTest.java:12)
	at com.onelogin.tests.GeneralTabBarTest.ContactTabBar(GeneralTabBarTest.java:12)
	at com.onelogin.tests.GeneralTabBarTest.ContactTabBar(GeneralTabBarTest.java:12)
	at com.onelogin.tests.GeneralTabBarTest.ContactTabBar(GeneralTabBarTest.java:12)
	at com.onelogin.tests.GeneralTabBarTest.ContactTabBar(GeneralTabBarTest.java:12)
	at com.onelogin.tests.GeneralTabBarTest.ContactTabBar(GeneralTabBarTest.java:12)
	at com.onelogin.tests.GeneralTabBarTest.ContactTabBar(GeneralTabBarTest.java:12)
	at com.onelogin.tests.GeneralTabBarTest.ContactTabBar(GeneralTabBarTest.java:12)
	at com.onelogin.tests.GeneralTabBarTest.ContactTabBar(GeneralTabBarTest.java:12)
	at com.onelogin.tests.GeneralTabBarTest.ContactTabBar(GeneralTabBarTest.java:12)
	at com.onelogin.tests.GeneralTabBarTest.ContactTabBar(GeneralTabBarTest.java:12)
	at com.onelogin.tests.GeneralTabBarTest.ContactTabBar(GeneralTabBarTest.java:12)
	at com.onelogin.tests.GeneralTabBarTest.ContactTabBar(GeneralTabBarTest.java:12)
	at com.onelogin.tests.GeneralTabBarTest.ContactTabBar(GeneralTabBarTest.java:12)
	at com.onelogin.tests.GeneralTabBarTest.ContactTabBar(GeneralTabBarTest.java:12)
	at com.onelogin.tests.GeneralTabBarTest.ContactTabBar(GeneralTabBarTest.java:12)
	at com.onelogin.tests.GeneralTabBarTest.ContactTabBar(GeneralTabBarTest.java:12)
	at com.onelogin.tests.GeneralTabBarTest.ContactTabBar(GeneralTabBarTest.java:12)
	at com.onelogin.tests.GeneralTabBarTest.ContactTabBar(GeneralTabBarTest.java:12)
	at com.onelogin.tests.GeneralTabBarTest.ContactTabBar(GeneralTabBarTest.java:12)
	at com.onelogin.tests.GeneralTabBarTest.ContactTabBar(GeneralTabBarTest.java:12)
	at com.onelogin.tests.GeneralTabBarTest.ContactTabBar(GeneralTabBarTest.java:12)
	at com.onelogin.tests.GeneralTabBarTest.ContactTabBar(GeneralTabBarTest.java:12)
	at com.onelogin.tests.GeneralTabBarTest.ContactTabBar(GeneralTabBarTest.java:12)
	at com.onelogin.tests.GeneralTabBarTest.ContactTabBar(GeneralTabBarTest.java:12)
	at com.onelogin.tests.GeneralTabBarTest.ContactTabBar(GeneralTabBarTest.java:12)
	at com.onelogin.tests.GeneralTabBarTest.ContactTabBar(GeneralTabBarTest.java:12)
	at com.onelogin.tests.GeneralTabBarTest.ContactTabBar(GeneralTabBarTest.java:12)
	at com.onelogin.tests.GeneralTabBarTest.ContactTabBar(GeneralTabBarTest.java:12)
	at com.onelogin.tests.GeneralTabBarTest.ContactTabBar(GeneralTabBarTest.java:12)
	at com.onelogin.tests.GeneralTabBarTest.ContactTabBar(GeneralTabBarTest.java:12)
	at com.onelogin.tests.GeneralTabBarTest.ContactTabBar(GeneralTabBarTest.java:12)
	at com.onelogin.tests.GeneralTabBarTest.ContactTabBar(GeneralTabBarTest.java:12)
	at com.onelogin.tests.GeneralTabBarTest.ContactTabBar(GeneralTabBarTest.java:12)
	at com.onelogin.tests.GeneralTabBarTest.ContactTabBar(GeneralTabBarTest.java:12)
	at com.onelogin.tests.GeneralTabBarTest.ContactTabBar(GeneralTabBarTest.java:12)
	at com.onelogin.tests.GeneralTabBarTest.ContactTabBar(GeneralTabBarTest.java:12)
	at com.onelogin.tests.GeneralTabBarTest.ContactTabBar(GeneralTabBarTest.java:12)
	at com.onelogin.tests.GeneralTabBarTest.ContactTabBar(GeneralTabBarTest.java:12)
	at com.onelogin.tests.GeneralTabBarTest.ContactTabBar(GeneralTabBarTest.java:12)
	at com.onelogin.tests.GeneralTabBarTest.ContactTabBar(GeneralTabBarTest.java:12)
	at com.onelogin.tests.GeneralTabBarTest.ContactTabBar(GeneralTabBarTest.java:12)
	at com.onelogin.tests.GeneralTabBarTest.ContactTabBar(GeneralTabBarTest.java:12)
	at com.onelogin.tests.GeneralTabBarTest.ContactTabBar(GeneralTabBarTest.java:12)
	at com.onelogin.tests.GeneralTabBarTest.ContactTabBar(GeneralTabBarTest.java:12)
	at com.onelogin.tests.GeneralTabBarTest.ContactTabBar(GeneralTabBarTest.java:12)
	at com.onelogin.tests.GeneralTabBarTest.ContactTabBar(GeneralTabBarTest.java:12)
	at com.onelogin.tests.GeneralTabBarTest.ContactTabBar(GeneralTabBarTest.java:12)
	at com.onelogin.tests.GeneralTabBarTest.ContactTabBar(GeneralTabBarTest.java:12)
	at com.onelogin.tests.GeneralTabBarTest.ContactTabBar(GeneralTabBarTest.java:12)
	at com.onelogin.tests.GeneralTabBarTest.ContactTabBar(GeneralTabBarTest.java:12)
	at com.onelogin.tests.GeneralTabBarTest.ContactTabBar(GeneralTabBarTest.java:12)
	at com.onelogin.tests.GeneralTabBarTest.ContactTabBar(GeneralTabBarTest.java:12)
	at com.onelogin.tests.GeneralTabBarTest.ContactTabBar(GeneralTabBarTest.java:12)
	at com.onelogin.tests.GeneralTabBarTest.ContactTabBar(GeneralTabBarTest.java:12)
	at com.onelogin.tests.GeneralTabBarTest.ContactTabBar(GeneralTabBarTest.java:12)
	at com.onelogin.tests.GeneralTabBarTest.ContactTabBar(GeneralTabBarTest.java:12)
	at com.onelogin.tests.GeneralTabBarTest.ContactTabBar(GeneralTabBarTest.java:12)
	at com.onelogin.tests.GeneralTabBarTest.ContactTabBar(GeneralTabBarTest.java:12)
	at com.onelogin.tests.GeneralTabBarTest.ContactTabBar(GeneralTabBarTest.java:12)
	at com.onelogin.tests.GeneralTabBarTest.ContactTabBar(GeneralTabBarTest.java:12)
	at com.onelogin.tests.GeneralTabBarTest.ContactTabBar(GeneralTabBarTest.java:12)
	at com.onelogin.tests.GeneralTabBarTest.ContactTabBar(GeneralTabBarTest.java:12)
	at com.onelogin.tests.GeneralTabBarTest.ContactTabBar(GeneralTabBarTest.java:12)
	at com.onelogin.tests.GeneralTabBarTest.ContactTabBar(GeneralTabBarTest.java:12)
	at com.onelogin.tests.GeneralTabBarTest.ContactTabBar(GeneralTabBarTest.java:12)
	at com.onelogin.tests.GeneralTabBarTest.ContactTabBar(GeneralTabBarTest.java:12)
	at com.onelogin.tests.GeneralTabBarTest.ContactTabBar(GeneralTabBarTest.java:12)
	at com.onelogin.tests.GeneralTabBarTest.ContactTabBar(GeneralTabBarTest.java:12)
	at com.onelogin.tests.GeneralTabBarTest.ContactTabBar(GeneralTabBarTest.java:12)
	at com.onelogin.tests.GeneralTabBarTest.ContactTabBar(GeneralTabBarTest.java:12)
	at com.onelogin.tests.GeneralTabBarTest.ContactTabBar(GeneralTabBarTest.java:12)
	at com.onelogin.tests.GeneralTabBarTest.ContactTabBar(GeneralTabBarTest.java:12)
	at com.onelogin.tests.GeneralTabBarTest.ContactTabBar(GeneralTabBarTest.java:12)
	at com.onelogin.tests.GeneralTabBarTest.ContactTabBar(GeneralTabBarTest.java:12)
	at com.onelogin.tests.GeneralTabBarTest.ContactTabBar(GeneralTabBarTest.java:12)
	at com.onelogin.tests.GeneralTabBarTest.ContactTabBar(GeneralTabBarTest.java:12)
	at com.onelogin.tests.GeneralTabBarTest.ContactTabBar(GeneralTabBarTest.java:12)
	at com.onelogin.tests.GeneralTabBarTest.ContactTabBar(GeneralTabBarTest.java:12)
	at com.onelogin.tests.GeneralTabBarTest.ContactTabBar(GeneralTabBarTest.java:12)
	at com.onelogin.tests.GeneralTabBarTest.ContactTabBar(GeneralTabBarTest.java:12)
	at com.onelogin.tests.GeneralTabBarTest.ContactTabBar(GeneralTabBarTest.java:12)
	at com.onelogin.tests.GeneralTabBarTest.ContactTabBar(GeneralTabBarTest.java:12)
	at com.onelogin.tests.GeneralTabBarTest.ContactTabBar(GeneralTabBarTest.java:12)
	at com.onelogin.tests.GeneralTabBarTest.ContactTabBar(GeneralTabBarTest.java:12)
	at com.onelogin.tests.GeneralTabBarTest.ContactTabBar(GeneralTabBarTest.java:12)
	at com.onelogin.tests.GeneralTabBarTest.ContactTabBar(GeneralTabBarTest.java:12)
	at com.onelogin.tests.GeneralTabBarTest.ContactTabBar(GeneralTabBarTest.java:12)
	at com.onelogin.tests.GeneralTabBarTest.ContactTabBar(GeneralTabBarTest.java:12)
	at com.onelogin.tests.GeneralTabBarTest.ContactTabBar(GeneralTabBarTest.java:12)
	at com.onelogin.tests.GeneralTabBarTest.ContactTabBar(GeneralTabBarTest.java:12)
	at com.onelogin.tests.GeneralTabBarTest.ContactTabBar(GeneralTabBarTest.java:12)
	at com.onelogin.tests.GeneralTabBarTest.ContactTabBar(GeneralTabBarTest.java:12)
	at com.onelogin.tests.GeneralTabBarTest.ContactTabBar(GeneralTabBarTest.java:12)
	at com.onelogin.tests.GeneralTabBarTest.ContactTabBar(GeneralTabBarTest.java:12)
	at com.onelogin.tests.GeneralTabBarTest.ContactTabBar(GeneralTabBarTest.java:12)
	at com.onelogin.tests.GeneralTabBarTest.ContactTabBar(GeneralTabBarTest.java:12)
	at com.onelogin.tests.GeneralTabBarTest.ContactTabBar(GeneralTabBarTest.java:12)
	at com.onelogin.tests.GeneralTabBarTest.ContactTabBar(GeneralTabBarTest.java:12)
	at com.onelogin.tests.GeneralTabBarTest.ContactTabBar(GeneralTabBarTest.java:12)
	at com.onelogin.tests.GeneralTabBarTest.ContactTabBar(GeneralTabBarTest.java:12)
	at com.onelogin.tests.GeneralTabBarTest.ContactTabBar(GeneralTabBarTest.java:12)
	at com.onelogin.tests.GeneralTabBarTest.ContactTabBar(GeneralTabBarTest.java:12)
	at com.onelogin.tests.GeneralTabBarTest.ContactTabBar(GeneralTabBarTest.java:12)
	at com.onelogin.tests.GeneralTabBarTest.ContactTabBar(GeneralTabBarTest.java:12)
	at com.onelogin.tests.GeneralTabBarTest.ContactTabBar(GeneralTabBarTest.java:12)
	at com.onelogin.tests.GeneralTabBarTest.ContactTabBar(GeneralTabBarTest.java:12)
	at com.onelogin.tests.GeneralTabBarTest.ContactTabBar(GeneralTabBarTest.java:12)
	at com.onelogin.tests.GeneralTabBarTest.ContactTabBar(GeneralTabBarTest.java:12)
	at com.onelogin.tests.GeneralTabBarTest.ContactTabBar(GeneralTabBarTest.java:12)
	at com.onelogin.tests.GeneralTabBarTest.ContactTabBar(GeneralTabBarTest.java:12)
	at com.onelogin.tests.GeneralTabBarTest.ContactTabBar(GeneralTabBarTest.java:12)
	at com.onelogin.tests.GeneralTabBarTest.ContactTabBar(GeneralTabBarTest.java:12)
	at com.onelogin.tests.GeneralTabBarTest.ContactTabBar(GeneralTabBarTest.java:12)
	at com.onelogin.tests.GeneralTabBarTest.ContactTabBar(GeneralTabBarTest.java:12)
	at com.onelogin.tests.GeneralTabBarTest.ContactTabBar(GeneralTabBarTest.java:12)
	at com.onelogin.tests.GeneralTabBarTest.ContactTabBar(GeneralTabBarTest.java:12)
	at com.onelogin.tests.GeneralTabBarTest.ContactTabBar(GeneralTabBarTest.java:12)
	at com.onelogin.tests.GeneralTabBarTest.ContactTabBar(GeneralTabBarTest.java:12)
	at com.onelogin.tests.GeneralTabBarTest.ContactTabBar(GeneralTabBarTest.java:12)
	at com.onelogin.tests.GeneralTabBarTest.ContactTabBar(GeneralTabBarTest.java:12)
	at com.onelogin.tests.GeneralTabBarTest.ContactTabBar(GeneralTabBarTest.java:12)
	at com.onelogin.tests.GeneralTabBarTest.ContactTabBar(GeneralTabBarTest.java:12)
	at com.onelogin.tests.GeneralTabBarTest.ContactTabBar(GeneralTabBarTest.java:12)
	at com.onelogin.tests.GeneralTabBarTest.ContactTabBar(GeneralTabBarTest.java:12)
	at com.onelogin.tests.GeneralTabBarTest.ContactTabBar(GeneralTabBarTest.java:12)
	at com.onelogin.tests.GeneralTabBarTest.ContactTabBar(GeneralTabBarTest.java:12)
	at com.onelogin.tests.GeneralTabBarTest.ContactTabBar(GeneralTabBarTest.java:12)
	at com.onelogin.tests.GeneralTabBarTest.ContactTabBar(GeneralTabBarTest.java:12)
	at com.onelogin.tests.GeneralTabBarTest.ContactTabBar(GeneralTabBarTest.java:12)
	at com.onelogin.tests.GeneralTabBarTest.ContactTabBar(GeneralTabBarTest.java:12)
	at com.onelogin.tests.GeneralTabBarTest.ContactTabBar(GeneralTabBarTest.java:12)
	at com.onelogin.tests.GeneralTabBarTest.ContactTabBar(GeneralTabBarTest.java:12)
	at com.onelogin.tests.GeneralTabBarTest.ContactTabBar(GeneralTabBarTest.java:12)
	at com.onelogin.tests.GeneralTabBarTest.ContactTabBar(GeneralTabBarTest.java:12)
	at com.onelogin.tests.GeneralTabBarTest.ContactTabBar(GeneralTabBarTest.java:12)
	at com.onelogin.tests.GeneralTabBarTest.ContactTabBar(GeneralTabBarTest.java:12)
	at com.onelogin.tests.GeneralTabBarTest.ContactTabBar(GeneralTabBarTest.java:12)
	at com.onelogin.tests.GeneralTabBarTest.ContactTabBar(GeneralTabBarTest.java:12)
	at com.onelogin.tests.GeneralTabBarTest.ContactTabBar(GeneralTabBarTest.java:12)
	at com.onelogin.tests.GeneralTabBarTest.ContactTabBar(GeneralTabBarTest.java:12)
	at com.onelogin.tests.GeneralTabBarTest.ContactTabBar(GeneralTabBarTest.java:12)
	at com.onelogin.tests.GeneralTabBarTest.ContactTabBar(GeneralTabBarTest.java:12)
	at com.onelogin.tests.GeneralTabBarTest.ContactTabBar(GeneralTabBarTest.java:12)
	at com.onelogin.tests.GeneralTabBarTest.ContactTabBar(GeneralTabBarTest.java:12)
	at com.onelogin.tests.GeneralTabBarTest.ContactTabBar(GeneralTabBarTest.java:12)
	at com.onelogin.tests.GeneralTabBarTest.ContactTabBar(GeneralTabBarTest.java:12)
	at com.onelogin.tests.GeneralTabBarTest.ContactTabBar(GeneralTabBarTest.java:12)
	at com.onelogin.tests.GeneralTabBarTest.ContactTabBar(GeneralTabBarTest.java:12)
	at com.onelogin.tests.GeneralTabBarTest.ContactTabBar(GeneralTabBarTest.java:12)
	at com.onelogin.tests.GeneralTabBarTest.ContactTabBar(GeneralTabBarTest.java:12)
	at com.onelogin.tests.GeneralTabBarTest.ContactTabBar(GeneralTabBarTest.java:12)
	at com.onelogin.tests.GeneralTabBarTest.ContactTabBar(GeneralTabBarTest.java:12)
	at com.onelogin.tests.GeneralTabBarTest.ContactTabBar(GeneralTabBarTest.java:12)
	at com.onelogin.tests.GeneralTabBarTest.ContactTabBar(GeneralTabBarTest.java:12)
	at com.onelogin.tests.GeneralTabBarTest.ContactTabBar(GeneralTabBarTest.java:12)
	at com.onelogin.tests.GeneralTabBarTest.ContactTabBar(GeneralTabBarTest.java:12)
	at com.onelogin.tests.GeneralTabBarTest.ContactTabBar(GeneralTabBarTest.java:12)
	at com.onelogin.tests.GeneralTabBarTest.ContactTabBar(GeneralTabBarTest.java:12)
	at com.onelogin.tests.GeneralTabBarTest.ContactTabBar(GeneralTabBarTest.java:12)
	at com.onelogin.tests.GeneralTabBarTest.ContactTabBar(GeneralTabBarTest.java:12)
	at com.onelogin.tests.GeneralTabBarTest.ContactTabBar(GeneralTabBarTest.java:12)
	at com.onelogin.tests.GeneralTabBarTest.ContactTabBar(GeneralTabBarTest.java:12)
	at com.onelogin.tests.GeneralTabBarTest.ContactTabBar(GeneralTabBarTest.java:12)
	at com.onelogin.tests.GeneralTabBarTest.ContactTabBar(GeneralTabBarTest.java:12)
	at com.onelogin.tests.GeneralTabBarTest.ContactTabBar(GeneralTabBarTest.java:12)
	at com.onelogin.tests.GeneralTabBarTest.ContactTabBar(GeneralTabBarTest.java:12)
	at com.onelogin.tests.GeneralTabBarTest.ContactTabBar(GeneralTabBarTest.java:12)
	at com.onelogin.tests.GeneralTabBarTest.ContactTabBar(GeneralTabBarTest.java:12)
	at com.onelogin.tests.GeneralTabBarTest.ContactTabBar(GeneralTabBarTest.java:12)
	at com.onelogin.tests.GeneralTabBarTest.ContactTabBar(GeneralTabBarTest.java:12)
	at com.onelogin.tests.GeneralTabBarTest.ContactTabBar(GeneralTabBarTest.java:12)
	at com.onelogin.tests.GeneralTabBarTest.ContactTabBar(GeneralTabBarTest.java:12)
	at com.onelogin.tests.GeneralTabBarTest.ContactTabBar(GeneralTabBarTest.java:12)
	at com.onelogin.tests.GeneralTabBarTest.ContactTabBar(GeneralTabBarTest.java:12)
	at com.onelogin.tests.GeneralTabBarTest.ContactTabBar(GeneralTabBarTest.java:12)
	at com.onelogin.tests.GeneralTabBarTest.ContactTabBar(GeneralTabBarTest.java:12)
	at com.onelogin.tests.GeneralTabBarTest.ContactTabBar(GeneralTabBarTest.java:12)
	at com.onelogin.tests.GeneralTabBarTest.ContactTabBar(GeneralTabBarTest.java:12)
	at com.onelogin.tests.GeneralTabBarTest.ContactTabBar(GeneralTabBarTest.java:12)
	at com.onelogin.tests.GeneralTabBarTest.ContactTabBar(GeneralTabBarTest.java:12)
	at com.onelogin.tests.GeneralTabBarTest.ContactTabBar(GeneralTabBarTest.java:12)
	at com.onelogin.tests.GeneralTabBarTest.ContactTabBar(GeneralTabBarTest.java:12)
	at com.onelogin.tests.GeneralTabBarTest.ContactTabBar(GeneralTabBarTest.java:12)
	at com.onelogin.tests.GeneralTabBarTest.ContactTabBar(GeneralTabBarTest.java:12)
	at com.onelogin.tests.GeneralTabBarTest.ContactTabBar(GeneralTabBarTest.java:12)
	at com.onelogin.tests.GeneralTabBarTest.ContactTabBar(GeneralTabBarTest.java:12)
	at com.onelogin.tests.GeneralTabBarTest.ContactTabBar(GeneralTabBarTest.java:12)
	at com.onelogin.tests.GeneralTabBarTest.ContactTabBar(GeneralTabBarTest.java:12)
	at com.onelogin.tests.GeneralTabBarTest.ContactTabBar(GeneralTabBarTest.java:12)
	at com.onelogin.tests.GeneralTabBarTest.ContactTabBar(GeneralTabBarTest.java:12)
	at com.onelogin.tests.GeneralTabBarTest.ContactTabBar(GeneralTabBarTest.java:12)
	at com.onelogin.tests.GeneralTabBarTest.ContactTabBar(GeneralTabBarTest.java:12)
	at com.onelogin.tests.GeneralTabBarTest.ContactTabBar(GeneralTabBarTest.java:12)
	at com.onelogin.tests.GeneralTabBarTest.ContactTabBar(GeneralTabBarTest.java:12)
	at com.onelogin.tests.GeneralTabBarTest.ContactTabBar(GeneralTabBarTest.java:12)
	at com.onelogin.tests.GeneralTabBarTest.ContactTabBar(GeneralTabBarTest.java:12)
	at com.onelogin.tests.GeneralTabBarTest.ContactTabBar(GeneralTabBarTest.java:12)
	at com.onelogin.tests.GeneralTabBarTest.ContactTabBar(GeneralTabBarTest.java:12)
	at com.onelogin.tests.GeneralTabBarTest.ContactTabBar(GeneralTabBarTest.java:12)
	at com.onelogin.tests.GeneralTabBarTest.ContactTabBar(GeneralTabBarTest.java:12)
	at com.onelogin.tests.GeneralTabBarTest.ContactTabBar(GeneralTabBarTest.java:12)
	at com.onelogin.tests.GeneralTabBarTest.ContactTabBar(GeneralTabBarTest.java:12)
	at com.onelogin.tests.GeneralTabBarTest.ContactTabBar(GeneralTabBarTest.java:12)
	at com.onelogin.tests.GeneralTabBarTest.ContactTabBar(GeneralTabBarTest.java:12)
	at com.onelogin.tests.GeneralTabBarTest.ContactTabBar(GeneralTabBarTest.java:12)
	at com.onelogin.tests.GeneralTabBarTest.ContactTabBar(GeneralTabBarTest.java:12)
	at com.onelogin.tests.GeneralTabBarTest.ContactTabBar(GeneralTabBarTest.java:12)
	at com.onelogin.tests.GeneralTabBarTest.ContactTabBar(GeneralTabBarTest.java:12)
	at com.onelogin.tests.GeneralTabBarTest.ContactTabBar(GeneralTabBarTest.java:12)
	at com.onelogin.tests.GeneralTabBarTest.ContactTabBar(GeneralTabBarTest.java:12)
	at com.onelogin.tests.GeneralTabBarTest.ContactTabBar(GeneralTabBarTest.java:12)
	at com.onelogin.tests.GeneralTabBarTest.ContactTabBar(GeneralTabBarTest.java:12)
	at com.onelogin.tests.GeneralTabBarTest.ContactTabBar(GeneralTabBarTest.java:12)
	at com.onelogin.tests.GeneralTabBarTest.ContactTabBar(GeneralTabBarTest.java:12)
	at com.onelogin.tests.GeneralTabBarTest.ContactTabBar(GeneralTabBarTest.java:12)
	at com.onelogin.tests.GeneralTabBarTest.ContactTabBar(GeneralTabBarTest.java:12)
	at com.onelogin.tests.GeneralTabBarTest.ContactTabBar(GeneralTabBarTest.java:12)
	at com.onelogin.tests.GeneralTabBarTest.ContactTabBar(GeneralTabBarTest.java:12)
	at com.onelogin.tests.GeneralTabBarTest.ContactTabBar(GeneralTabBarTest.java:12)
	at com.onelogin.tests.GeneralTabBarTest.ContactTabBar(GeneralTabBarTest.java:12)
	at com.onelogin.tests.GeneralTabBarTest.ContactTabBar(GeneralTabBarTest.java:12)
	at com.onelogin.tests.GeneralTabBarTest.ContactTabBar(GeneralTabBarTest.java:12)
	at com.onelogin.tests.GeneralTabBarTest.ContactTabBar(GeneralTabBarTest.java:12)
	at com.onelogin.tests.GeneralTabBarTest.ContactTabBar(GeneralTabBarTest.java:12)
	at com.onelogin.tests.GeneralTabBarTest.ContactTabBar(GeneralTabBarTest.java:12)
	at com.onelogin.tests.GeneralTabBarTest.ContactTabBar(GeneralTabBarTest.java:12)
	at com.onelogin.tests.GeneralTabBarTest.ContactTabBar(GeneralTabBarTest.java:12)
	at com.onelogin.tests.GeneralTabBarTest.ContactTabBar(GeneralTabBarTest.java:12)
	at com.onelogin.tests.GeneralTabBarTest.ContactTabBar(GeneralTabBarTest.java:12)
	at com.onelogin.tests.GeneralTabBarTest.ContactTabBar(GeneralTabBarTest.java:12)
	at com.onelogin.tests.GeneralTabBarTest.ContactTabBar(GeneralTabBarTest.java:12)
	at com.onelogin.tests.GeneralTabBarTest.ContactTabBar(GeneralTabBarTest.java:12)
	at com.onelogin.tests.GeneralTabBarTest.ContactTabBar(GeneralTabBarTest.java:12)
	at com.onelogin.tests.GeneralTabBarTest.ContactTabBar(GeneralTabBarTest.java:12)
	at com.onelogin.tests.GeneralTabBarTest.ContactTabBar(GeneralTabBarTest.java:12)
	at com.onelogin.tests.GeneralTabBarTest.ContactTabBar(GeneralTabBarTest.java:12)
	at com.onelogin.tests.GeneralTabBarTest.ContactTabBar(GeneralTabBarTest.java:12)
	at com.onelogin.tests.GeneralTabBarTest.ContactTabBar(GeneralTabBarTest.java:12)
	at com.onelogin.tests.GeneralTabBarTest.ContactTabBar(GeneralTabBarTest.java:12)
	at com.onelogin.tests.GeneralTabBarTest.ContactTabBar(GeneralTabBarTest.java:12)
	at com.onelogin.tests.GeneralTabBarTest.ContactTabBar(GeneralTabBarTest.java:12)
	at com.onelogin.tests.GeneralTabBarTest.ContactTabBar(GeneralTabBarTest.java:12)
	at com.onelogin.tests.GeneralTabBarTest.ContactTabBar(GeneralTabBarTest.java:12)
	at com.onelogin.tests.GeneralTabBarTest.ContactTabBar(GeneralTabBarTest.java:12)
	at com.onelogin.tests.GeneralTabBarTest.ContactTabBar(GeneralTabBarTest.java:12)
	at com.onelogin.tests.GeneralTabBarTest.ContactTabBar(GeneralTabBarTest.java:12)
	at com.onelogin.tests.GeneralTabBarTest.ContactTabBar(GeneralTabBarTest.java:12)
	at com.onelogin.tests.GeneralTabBarTest.ContactTabBar(GeneralTabBarTest.java:12)
	at com.onelogin.tests.GeneralTabBarTest.ContactTabBar(GeneralTabBarTest.java:12)
	at com.onelogin.tests.GeneralTabBarTest.ContactTabBar(GeneralTabBarTest.java:12)
	at com.onelogin.tests.GeneralTabBarTest.ContactTabBar(GeneralTabBarTest.java:12)
	at com.onelogin.tests.GeneralTabBarTest.ContactTabBar(GeneralTabBarTest.java:12)
	at com.onelogin.tests.GeneralTabBarTest.ContactTabBar(GeneralTabBarTest.java:12)
	at com.onelogin.tests.GeneralTabBarTest.ContactTabBar(GeneralTabBarTest.java:12)
	at com.onelogin.tests.GeneralTabBarTest.ContactTabBar(GeneralTabBarTest.java:12)
	at com.onelogin.tests.GeneralTabBarTest.ContactTabBar(GeneralTabBarTest.java:12)
	at com.onelogin.tests.GeneralTabBarTest.ContactTabBar(GeneralTabBarTest.java:12)
	at com.onelogin.tests.GeneralTabBarTest.ContactTabBar(GeneralTabBarTest.java:12)
	at com.onelogin.tests.GeneralTabBarTest.ContactTabBar(GeneralTabBarTest.java:12)
	at com.onelogin.tests.GeneralTabBarTest.ContactTabBar(GeneralTabBarTest.java:12)
	at com.onelogin.tests.GeneralTabBarTest.ContactTabBar(GeneralTabBarTest.java:12)
	at com.onelogin.tests.GeneralTabBarTest.ContactTabBar(GeneralTabBarTest.java:12)
	at com.onelogin.tests.GeneralTabBarTest.ContactTabBar(GeneralTabBarTest.java:12)
	at com.onelogin.tests.GeneralTabBarTest.ContactTabBar(GeneralTabBarTest.java:12)
	at com.onelogin.tests.GeneralTabBarTest.ContactTabBar(GeneralTabBarTest.java:12)
	at com.onelogin.tests.GeneralTabBarTest.ContactTabBar(GeneralTabBarTest.java:12)
	at com.onelogin.tests.GeneralTabBarTest.ContactTabBar(GeneralTabBarTest.java:12)
	at com.onelogin.tests.GeneralTabBarTest.ContactTabBar(GeneralTabBarTest.java:12)
	at com.onelogin.tests.GeneralTabBarTest.ContactTabBar(GeneralTabBarTest.java:12)
	at com.onelogin.tests.GeneralTabBarTest.ContactTabBar(GeneralTabBarTest.java:12)
	at com.onelogin.tests.GeneralTabBarTest.ContactTabBar(GeneralTabBarTest.java:12)
	at com.onelogin.tests.GeneralTabBarTest.ContactTabBar(GeneralTabBarTest.java:12)
	at com.onelogin.tests.GeneralTabBarTest.ContactTabBar(GeneralTabBarTest.java:12)
	at com.onelogin.tests.GeneralTabBarTest.ContactTabBar(GeneralTabBarTest.java:12)
	at com.onelogin.tests.GeneralTabBarTest.ContactTabBar(GeneralTabBarTest.java:12)
	at com.onelogin.tests.GeneralTabBarTest.ContactTabBar(GeneralTabBarTest.java:12)
	at com.onelogin.tests.GeneralTabBarTest.ContactTabBar(GeneralTabBarTest.java:12)
	at com.onelogin.tests.GeneralTabBarTest.ContactTabBar(GeneralTabBarTest.java:12)
	at com.onelogin.tests.GeneralTabBarTest.ContactTabBar(GeneralTabBarTest.java:12)
	at com.onelogin.tests.GeneralTabBarTest.ContactTabBar(GeneralTabBarTest.java:12)
	at com.onelogin.tests.GeneralTabBarTest.ContactTabBar(GeneralTabBarTest.java:12)
	at com.onelogin.tests.GeneralTabBarTest.ContactTabBar(GeneralTabBarTest.java:12)
	at com.onelogin.tests.GeneralTabBarTest.ContactTabBar(GeneralTabBarTest.java:12)
	at com.onelogin.tests.GeneralTabBarTest.ContactTabBar(GeneralTabBarTest.java:12)
	at com.onelogin.tests.GeneralTabBarTest.ContactTabBar(GeneralTabBarTest.java:12)
	at com.onelogin.tests.GeneralTabBarTest.ContactTabBar(GeneralTabBarTest.java:12)
	at com.onelogin.tests.GeneralTabBarTest.ContactTabBar(GeneralTabBarTest.java:12)
	at com.onelogin.tests.GeneralTabBarTest.ContactTabBar(GeneralTabBarTest.java:12)
	at com.onelogin.tests.GeneralTabBarTest.ContactTabBar(GeneralTabBarTest.java:12)
	at com.onelogin.tests.GeneralTabBarTest.ContactTabBar(GeneralTabBarTest.java:12)
	at com.onelogin.tests.GeneralTabBarTest.ContactTabBar(GeneralTabBarTest.java:12)
	at com.onelogin.tests.GeneralTabBarTest.ContactTabBar(GeneralTabBarTest.java:12)
	at com.onelogin.tests.GeneralTabBarTest.ContactTabBar(GeneralTabBarTest.java:12)
	at com.onelogin.tests.GeneralTabBarTest.ContactTabBar(GeneralTabBarTest.java:12)
	at com.onelogin.tests.GeneralTabBarTest.ContactTabBar(GeneralTabBarTest.java:12)
	at com.onelogin.tests.GeneralTabBarTest.ContactTabBar(GeneralTabBarTest.java:12)
	at com.onelogin.tests.GeneralTabBarTest.ContactTabBar(GeneralTabBarTest.java:12)
	at com.onelogin.tests.GeneralTabBarTest.ContactTabBar(GeneralTabBarTest.java:12)
	at com.onelogin.tests.GeneralTabBarTest.ContactTabBar(GeneralTabBarTest.java:12)
	at com.onelogin.tests.GeneralTabBarTest.ContactTabBar(GeneralTabBarTest.java:12)
	at com.onelogin.tests.GeneralTabBarTest.ContactTabBar(GeneralTabBarTest.java:12)
	at com.onelogin.tests.GeneralTabBarTest.ContactTabBar(GeneralTabBarTest.java:12)
	at com.onelogin.tests.GeneralTabBarTest.ContactTabBar(GeneralTabBarTest.java:12)
	at com.onelogin.tests.GeneralTabBarTest.ContactTabBar(GeneralTabBarTest.java:12)
	at com.onelogin.tests.GeneralTabBarTest.ContactTabBar(GeneralTabBarTest.java:12)
	at com.onelogin.tests.GeneralTabBarTest.ContactTabBar(GeneralTabBarTest.java:12)
	at com.onelogin.tests.GeneralTabBarTest.ContactTabBar(GeneralTabBarTest.java:12)
	at com.onelogin.tests.GeneralTabBarTest.ContactTabBar(GeneralTabBarTest.java:12)
	at com.onelogin.tests.GeneralTabBarTest.ContactTabBar(GeneralTabBarTest.java:12)
	at com.onelogin.tests.GeneralTabBarTest.ContactTabBar(GeneralTabBarTest.java:12)
	at com.onelogin.tests.GeneralTabBarTest.ContactTabBar(GeneralTabBarTest.java:12)
	at com.onelogin.tests.GeneralTabBarTest.ContactTabBar(GeneralTabBarTest.java:12)
	at com.onelogin.tests.GeneralTabBarTest.ContactTabBar(GeneralTabBarTest.java:12)
	at com.onelogin.tests.GeneralTabBarTest.ContactTabBar(GeneralTabBarTest.java:12)
	at com.onelogin.tests.GeneralTabBarTest.ContactTabBar(GeneralTabBarTest.java:12)
	at com.onelogin.tests.GeneralTabBarTest.ContactTabBar(GeneralTabBarTest.java:12)
	at com.onelogin.tests.GeneralTabBarTest.ContactTabBar(GeneralTabBarTest.java:12)
	at com.onelogin.tests.GeneralTabBarTest.ContactTabBar(GeneralTabBarTest.java:12)
	at com.onelogin.tests.GeneralTabBarTest.ContactTabBar(GeneralTabBarTest.java:12)
	at com.onelogin.tests.GeneralTabBarTest.ContactTabBar(GeneralTabBarTest.java:12)
	at com.onelogin.tests.GeneralTabBarTest.ContactTabBar(GeneralTabBarTest.java:12)
	at com.onelogin.tests.GeneralTabBarTest.ContactTabBar(GeneralTabBarTest.java:12)
	at com.onelogin.tests.GeneralTabBarTest.ContactTabBar(GeneralTabBarTest.java:12)
	at com.onelogin.tests.GeneralTabBarTest.ContactTabBar(GeneralTabBarTest.java:12)
	at com.onelogin.tests.GeneralTabBarTest.ContactTabBar(GeneralTabBarTest.java:12)
	at com.onelogin.tests.GeneralTabBarTest.ContactTabBar(GeneralTabBarTest.java:12)
	at com.onelogin.tests.GeneralTabBarTest.ContactTabBar(GeneralTabBarTest.java:12)
	at com.onelogin.tests.GeneralTabBarTest.ContactTabBar(GeneralTabBarTest.java:12)
	at com.onelogin.tests.GeneralTabBarTest.ContactTabBar(GeneralTabBarTest.java:12)
	at com.onelogin.tests.GeneralTabBarTest.ContactTabBar(GeneralTabBarTest.java:12)
	at com.onelogin.tests.GeneralTabBarTest.ContactTabBar(GeneralTabBarTest.java:12)
	at com.onelogin.tests.GeneralTabBarTest.ContactTabBar(GeneralTabBarTest.java:12)
	at com.onelogin.tests.GeneralTabBarTest.ContactTabBar(GeneralTabBarTest.java:12)
	at com.onelogin.tests.GeneralTabBarTest.ContactTabBar(GeneralTabBarTest.java:12)
	at com.onelogin.tests.GeneralTabBarTest.ContactTabBar(GeneralTabBarTest.java:12)
	at com.onelogin.tests.GeneralTabBarTest.ContactTabBar(GeneralTabBarTest.java:12)
	at com.onelogin.tests.GeneralTabBarTest.ContactTabBar(GeneralTabBarTest.java:12)
	at com.onelogin.tests.GeneralTabBarTest.ContactTabBar(GeneralTabBarTest.java:12)
	at com.onelogin.tests.GeneralTabBarTest.ContactTabBar(GeneralTabBarTest.java:12)
	at com.onelogin.tests.GeneralTabBarTest.ContactTabBar(GeneralTabBarTest.java:12)
	at com.onelogin.tests.GeneralTabBarTest.ContactTabBar(GeneralTabBarTest.java:12)
	at com.onelogin.tests.GeneralTabBarTest.ContactTabBar(GeneralTabBarTest.java:12)
	at com.onelogin.tests.GeneralTabBarTest.ContactTabBar(GeneralTabBarTest.java:12)
	at com.onelogin.tests.GeneralTabBarTest.ContactTabBar(GeneralTabBarTest.java:12)
	at com.onelogin.tests.GeneralTabBarTest.ContactTabBar(GeneralTabBarTest.java:12)
	at com.onelogin.tests.GeneralTabBarTest.ContactTabBar(GeneralTabBarTest.java:12)
	at com.onelogin.tests.GeneralTabBarTest.ContactTabBar(GeneralTabBarTest.java:12)
	at com.onelogin.tests.GeneralTabBarTest.ContactTabBar(GeneralTabBarTest.java:12)
	at com.onelogin.tests.GeneralTabBarTest.ContactTabBar(GeneralTabBarTest.java:12)
	at com.onelogin.tests.GeneralTabBarTest.ContactTabBar(GeneralTabBarTest.java:12)
	at com.onelogin.tests.GeneralTabBarTest.ContactTabBar(GeneralTabBarTest.java:12)
	at com.onelogin.tests.GeneralTabBarTest.ContactTabBar(GeneralTabBarTest.java:12)
	at com.onelogin.tests.GeneralTabBarTest.ContactTabBar(GeneralTabBarTest.java:12)
	at com.onelogin.tests.GeneralTabBarTest.ContactTabBar(GeneralTabBarTest.java:12)
	at com.onelogin.tests.GeneralTabBarTest.ContactTabBar(GeneralTabBarTest.java:12)
	at com.onelogin.tests.GeneralTabBarTest.ContactTabBar(GeneralTabBarTest.java:12)
	at com.onelogin.tests.GeneralTabBarTest.ContactTabBar(GeneralTabBarTest.java:12)
	at com.onelogin.tests.GeneralTabBarTest.ContactTabBar(GeneralTabBarTest.java:12)
	at com.onelogin.tests.GeneralTabBarTest.ContactTabBar(GeneralTabBarTest.java:12)
	at com.onelogin.tests.GeneralTabBarTest.ContactTabBar(GeneralTabBarTest.java:12)
	at com.onelogin.tests.GeneralTabBarTest.ContactTabBar(GeneralTabBarTest.java:12)
	at com.onelogin.tests.GeneralTabBarTest.ContactTabBar(GeneralTabBarTest.java:12)
	at com.onelogin.tests.GeneralTabBarTest.ContactTabBar(GeneralTabBarTest.java:12)
	at com.onelogin.tests.GeneralTabBarTest.ContactTabBar(GeneralTabBarTest.java:12)
	at com.onelogin.tests.GeneralTabBarTest.ContactTabBar(GeneralTabBarTest.java:12)
	at com.onelogin.tests.GeneralTabBarTest.ContactTabBar(GeneralTabBarTest.java:12)
	at com.onelogin.tests.GeneralTabBarTest.ContactTabBar(GeneralTabBarTest.java:12)
	at com.onelogin.tests.GeneralTabBarTest.ContactTabBar(GeneralTabBarTest.java:12)
	at com.onelogin.tests.GeneralTabBarTest.ContactTabBar(GeneralTabBarTest.java:12)
	at com.onelogin.tests.GeneralTabBarTest.ContactTabBar(GeneralTabBarTest.java:12)
	at com.onelogin.tests.GeneralTabBarTest.ContactTabBar(GeneralTabBarTest.java:12)
	at com.onelogin.tests.GeneralTabBarTest.ContactTabBar(GeneralTabBarTest.java:12)
	at com.onelogin.tests.GeneralTabBarTest.ContactTabBar(GeneralTabBarTest.java:12)
	at com.onelogin.tests.GeneralTabBarTest.ContactTabBar(GeneralTabBarTest.java:12)
	at com.onelogin.tests.GeneralTabBarTest.ContactTabBar(GeneralTabBarTest.java:12)
	at com.onelogin.tests.GeneralTabBarTest.ContactTabBar(GeneralTabBarTest.java:12)
	at com.onelogin.tests.GeneralTabBarTest.ContactTabBar(GeneralTabBarTest.java:12)
	at com.onelogin.tests.GeneralTabBarTest.ContactTabBar(GeneralTabBarTest.java:12)
	at com.onelogin.tests.GeneralTabBarTest.ContactTabBar(GeneralTabBarTest.java:12)
	at com.onelogin.tests.GeneralTabBarTest.ContactTabBar(GeneralTabBarTest.java:12)
	at com.onelogin.tests.GeneralTabBarTest.ContactTabBar(GeneralTabBarTest.java:12)
	at com.onelogin.tests.GeneralTabBarTest.ContactTabBar(GeneralTabBarTest.java:12)
	at com.onelogin.tests.GeneralTabBarTest.ContactTabBar(GeneralTabBarTest.java:12)
	at com.onelogin.tests.GeneralTabBarTest.ContactTabBar(GeneralTabBarTest.java:12)
	at com.onelogin.tests.GeneralTabBarTest.ContactTabBar(GeneralTabBarTest.java:12)
	at com.onelogin.tests.GeneralTabBarTest.ContactTabBar(GeneralTabBarTest.java:12)
	at com.onelogin.tests.GeneralTabBarTest.ContactTabBar(GeneralTabBarTest.java:12)
	at com.onelogin.tests.GeneralTabBarTest.ContactTabBar(GeneralTabBarTest.java:12)
	at com.onelogin.tests.GeneralTabBarTest.ContactTabBar(GeneralTabBarTest.java:12)
	at com.onelogin.tests.GeneralTabBarTest.ContactTabBar(GeneralTabBarTest.java:12)
	at com.onelogin.tests.GeneralTabBarTest.ContactTabBar(GeneralTabBarTest.java:12)
	at com.onelogin.tests.GeneralTabBarTest.ContactTabBar(GeneralTabBarTest.java:12)
	at com.onelogin.tests.GeneralTabBarTest.ContactTabBar(GeneralTabBarTest.java:12)
	at com.onelogin.tests.GeneralTabBarTest.ContactTabBar(GeneralTabBarTest.java:12)
	at com.onelogin.tests.GeneralTabBarTest.ContactTabBar(GeneralTabBarTest.java:12)
	at com.onelogin.tests.GeneralTabBarTest.ContactTabBar(GeneralTabBarTest.java:12)
	at com.onelogin.tests.GeneralTabBarTest.ContactTabBar(GeneralTabBarTest.java:12)
	at com.onelogin.tests.GeneralTabBarTest.ContactTabBar(GeneralTabBarTest.java:12)
	at com.onelogin.tests.GeneralTabBarTest.ContactTabBar(GeneralTabBarTest.java:12)
	at com.onelogin.tests.GeneralTabBarTest.ContactTabBar(GeneralTabBarTest.java:12)
	at com.onelogin.tests.GeneralTabBarTest.ContactTabBar(GeneralTabBarTest.java:12)
	at com.onelogin.tests.GeneralTabBarTest.ContactTabBar(GeneralTabBarTest.java:12)
	at com.onelogin.tests.GeneralTabBarTest.ContactTabBar(GeneralTabBarTest.java:12)
	at com.onelogin.tests.GeneralTabBarTest.ContactTabBar(GeneralTabBarTest.java:12)
	at com.onelogin.tests.GeneralTabBarTest.ContactTabBar(GeneralTabBarTest.java:12)
	at com.onelogin.tests.GeneralTabBarTest.ContactTabBar(GeneralTabBarTest.java:12)
	at com.onelogin.tests.GeneralTabBarTest.ContactTabBar(GeneralTabBarTest.java:12)
	at com.onelogin.tests.GeneralTabBarTest.ContactTabBar(GeneralTabBarTest.java:12)
	at com.onelogin.tests.GeneralTabBarTest.ContactTabBar(GeneralTabBarTest.java:12)
	at com.onelogin.tests.GeneralTabBarTest.ContactTabBar(GeneralTabBarTest.java:12)
	at com.onelogin.tests.GeneralTabBarTest.ContactTabBar(GeneralTabBarTest.java:12)
	at com.onelogin.tests.GeneralTabBarTest.ContactTabBar(GeneralTabBarTest.java:12)
	at com.onelogin.tests.GeneralTabBarTest.ContactTabBar(GeneralTabBarTest.java:12)
	at com.onelogin.tests.GeneralTabBarTest.ContactTabBar(GeneralTabBarTest.java:12)
	at com.onelogin.tests.GeneralTabBarTest.ContactTabBar(GeneralTabBarTest.java:12)
	at com.onelogin.tests.GeneralTabBarTest.ContactTabBar(GeneralTabBarTest.java:12)
	at com.onelogin.tests.GeneralTabBarTest.ContactTabBar(GeneralTabBarTest.java:12)
	at com.onelogin.tests.GeneralTabBarTest.ContactTabBar(GeneralTabBarTest.java:12)
	at com.onelogin.tests.GeneralTabBarTest.ContactTabBar(GeneralTabBarTest.java:12)
	at com.onelogin.tests.GeneralTabBarTest.ContactTabBar(GeneralTabBarTest.java:12)
	at com.onelogin.tests.GeneralTabBarTest.ContactTabBar(GeneralTabBarTest.java:12)
	at com.onelogin.tests.GeneralTabBarTest.ContactTabBar(GeneralTabBarTest.java:12)
	at com.onelogin.tests.GeneralTabBarTest.ContactTabBar(GeneralTabBarTest.java:12)
	at com.onelogin.tests.GeneralTabBarTest.ContactTabBar(GeneralTabBarTest.java:12)
	at com.onelogin.tests.GeneralTabBarTest.ContactTabBar(GeneralTabBarTest.java:12)
	at com.onelogin.tests.GeneralTabBarTest.ContactTabBar(GeneralTabBarTest.java:12)
	at com.onelogin.tests.GeneralTabBarTest.ContactTabBar(GeneralTabBarTest.java:12)
	at com.onelogin.tests.GeneralTabBarTest.ContactTabBar(GeneralTabBarTest.java:12)
	at com.onelogin.tests.GeneralTabBarTest.ContactTabBar(GeneralTabBarTest.java:12)
	at com.onelogin.tests.GeneralTabBarTest.ContactTabBar(GeneralTabBarTest.java:12)
	at com.onelogin.tests.GeneralTabBarTest.ContactTabBar(GeneralTabBarTest.java:12)
	at com.onelogin.tests.GeneralTabBarTest.ContactTabBar(GeneralTabBarTest.java:12)
	at com.onelogin.tests.GeneralTabBarTest.ContactTabBar(GeneralTabBarTest.java:12)
	at com.onelogin.tests.GeneralTabBarTest.ContactTabBar(GeneralTabBarTest.java:12)
	at com.onelogin.tests.GeneralTabBarTest.ContactTabBar(GeneralTabBarTest.java:12)
	at com.onelogin.tests.GeneralTabBarTest.ContactTabBar(GeneralTabBarTest.java:12)
	at com.onelogin.tests.GeneralTabBarTest.ContactTabBar(GeneralTabBarTest.java:12)
	at com.onelogin.tests.GeneralTabBarTest.ContactTabBar(GeneralTabBarTest.java:12)
	at com.onelogin.tests.GeneralTabBarTest.ContactTabBar(GeneralTabBarTest.java:12)
	at com.onelogin.tests.GeneralTabBarTest.ContactTabBar(GeneralTabBarTest.java:12)
	at com.onelogin.tests.GeneralTabBarTest.ContactTabBar(GeneralTabBarTest.java:12)
	at com.onelogin.tests.GeneralTabBarTest.ContactTabBar(GeneralTabBarTest.java:12)
	at com.onelogin.tests.GeneralTabBarTest.ContactTabBar(GeneralTabBarTest.java:12)
	at com.onelogin.tests.GeneralTabBarTest.ContactTabBar(GeneralTabBarTest.java:12)
	at com.onelogin.tests.GeneralTabBarTest.ContactTabBar(GeneralTabBarTest.java:12)
	at com.onelogin.tests.GeneralTabBarTest.ContactTabBar(GeneralTabBarTest.java:12)
	at com.onelogin.tests.GeneralTabBarTest.ContactTabBar(GeneralTabBarTest.java:12)
	at com.onelogin.tests.GeneralTabBarTest.ContactTabBar(GeneralTabBarTest.java:12)
	at com.onelogin.tests.GeneralTabBarTest.ContactTabBar(GeneralTabBarTest.java:12)
	at com.onelogin.tests.GeneralTabBarTest.ContactTabBar(GeneralTabBarTest.java:12)
	at com.onelogin.tests.GeneralTabBarTest.ContactTabBar(GeneralTabBarTest.java:12)
	at com.onelogin.tests.GeneralTabBarTest.ContactTabBar(GeneralTabBarTest.java:12)
	at com.onelogin.tests.GeneralTabBarTest.ContactTabBar(GeneralTabBarTest.java:12)
	at com.onelogin.tests.GeneralTabBarTest.ContactTabBar(GeneralTabBarTest.java:12)
	at com.onelogin.tests.GeneralTabBarTest.ContactTabBar(GeneralTabBarTest.java:12)
	at com.onelogin.tests.GeneralTabBarTest.ContactTabBar(GeneralTabBarTest.java:12)
	at com.onelogin.tests.GeneralTabBarTest.ContactTabBar(GeneralTabBarTest.java:12)
	at com.onelogin.tests.GeneralTabBarTest.ContactTabBar(GeneralTabBarTest.java:12)
	at com.onelogin.tests.GeneralTabBarTest.ContactTabBar(GeneralTabBarTest.java:12)
	at com.onelogin.tests.GeneralTabBarTest.ContactTabBar(GeneralTabBarTest.java:12)
	at com.onelogin.tests.GeneralTabBarTest.ContactTabBar(GeneralTabBarTest.java:12)
	at com.onelogin.tests.GeneralTabBarTest.ContactTabBar(GeneralTabBarTest.java:12)
	at com.onelogin.tests.GeneralTabBarTest.ContactTabBar(GeneralTabBarTest.java:12)
	at com.onelogin.tests.GeneralTabBarTest.ContactTabBar(GeneralTabBarTest.java:12)
	at com.onelogin.tests.GeneralTabBarTest.ContactTabBar(GeneralTabBarTest.java:12)
	at com.onelogin.tests.GeneralTabBarTest.ContactTabBar(GeneralTabBarTest.java:12)
	at com.onelogin.tests.GeneralTabBarTest.ContactTabBar(GeneralTabBarTest.java:12)
	at com.onelogin.tests.GeneralTabBarTest.ContactTabBar(GeneralTabBarTest.java:12)
	at com.onelogin.tests.GeneralTabBarTest.ContactTabBar(GeneralTabBarTest.java:12)
	at com.onelogin.tests.GeneralTabBarTest.ContactTabBar(GeneralTabBarTest.java:12)
	at com.onelogin.tests.GeneralTabBarTest.ContactTabBar(GeneralTabBarTest.java:12)
	at com.onelogin.tests.GeneralTabBarTest.ContactTabBar(GeneralTabBarTest.java:12)
	at com.onelogin.tests.GeneralTabBarTest.ContactTabBar(GeneralTabBarTest.java:12)
	at com.onelogin.tests.GeneralTabBarTest.ContactTabBar(GeneralTabBarTest.java:12)
	at com.onelogin.tests.GeneralTabBarTest.ContactTabBar(GeneralTabBarTest.java:12)
	at com.onelogin.tests.GeneralTabBarTest.ContactTabBar(GeneralTabBarTest.java:12)
	at com.onelogin.tests.GeneralTabBarTest.ContactTabBar(GeneralTabBarTest.java:12)
	at com.onelogin.tests.GeneralTabBarTest.ContactTabBar(GeneralTabBarTest.java:12)
	at com.onelogin.tests.GeneralTabBarTest.ContactTabBar(GeneralTabBarTest.java:12)
	at com.onelogin.tests.GeneralTabBarTest.ContactTabBar(GeneralTabBarTest.java:12)
	at com.onelogin.tests.GeneralTabBarTest.ContactTabBar(GeneralTabBarTest.java:12)
	at com.onelogin.tests.GeneralTabBarTest.ContactTabBar(GeneralTabBarTest.java:12)
	at com.onelogin.tests.GeneralTabBarTest.ContactTabBar(GeneralTabBarTest.java:12)
	at com.onelogin.tests.GeneralTabBarTest.ContactTabBar(GeneralTabBarTest.java:12)
	at com.onelogin.tests.GeneralTabBarTest.ContactTabBar(GeneralTabBarTest.java:12)
	at com.onelogin.tests.GeneralTabBarTest.ContactTabBar(GeneralTabBarTest.java:12)
	at com.onelogin.tests.GeneralTabBarTest.ContactTabBar(GeneralTabBarTest.java:12)
	at com.onelogin.tests.GeneralTabBarTest.ContactTabBar(GeneralTabBarTest.java:12)
	at com.onelogin.tests.GeneralTabBarTest.ContactTabBar(GeneralTabBarTest.java:12)
	at com.onelogin.tests.GeneralTabBarTest.ContactTabBar(GeneralTabBarTest.java:12)
	at com.onelogin.tests.GeneralTabBarTest.ContactTabBar(GeneralTabBarTest.java:12)
	at com.onelogin.tests.GeneralTabBarTest.ContactTabBar(GeneralTabBarTest.java:12)
	at com.onelogin.tests.GeneralTabBarTest.ContactTabBar(GeneralTabBarTest.java:12)
	at com.onelogin.tests.GeneralTabBarTest.ContactTabBar(GeneralTabBarTest.java:12)
	at com.onelogin.tests.GeneralTabBarTest.ContactTabBar(GeneralTabBarTest.java:12)
	at com.onelogin.tests.GeneralTabBarTest.ContactTabBar(GeneralTabBarTest.java:12)
	at com.onelogin.tests.GeneralTabBarTest.ContactTabBar(GeneralTabBarTest.java:12)
	at com.onelogin.tests.GeneralTabBarTest.ContactTabBar(GeneralTabBarTest.java:12)
	at com.onelogin.tests.GeneralTabBarTest.ContactTabBar(GeneralTabBarTest.java:12)
	at com.onelogin.tests.GeneralTabBarTest.ContactTabBar(GeneralTabBarTest.java:12)
	at com.onelogin.tests.GeneralTabBarTest.ContactTabBar(GeneralTabBarTest.java:12)
	at com.onelogin.tests.GeneralTabBarTest.ContactTabBar(GeneralTabBarTest.java:12)
	at com.onelogin.tests.GeneralTabBarTest.ContactTabBar(GeneralTabBarTest.java:12)
	at com.onelogin.tests.GeneralTabBarTest.ContactTabBar(GeneralTabBarTest.java:12)
	at com.onelogin.tests.GeneralTabBarTest.ContactTabBar(GeneralTabBarTest.java:12)
	at com.onelogin.tests.GeneralTabBarTest.ContactTabBar(GeneralTabBarTest.java:12)
	at com.onelogin.tests.GeneralTabBarTest.ContactTabBar(GeneralTabBarTest.java:12)
	at com.onelogin.tests.GeneralTabBarTest.ContactTabBar(GeneralTabBarTest.java:12)
	at com.onelogin.tests.GeneralTabBarTest.ContactTabBar(GeneralTabBarTest.java:12)
	at com.onelogin.tests.GeneralTabBarTest.ContactTabBar(GeneralTabBarTest.java:12)
	at com.onelogin.tests.GeneralTabBarTest.ContactTabBar(GeneralTabBarTest.java:12)
	at com.onelogin.tests.GeneralTabBarTest.ContactTabBar(GeneralTabBarTest.java:12)
	at com.onelogin.tests.GeneralTabBarTest.ContactTabBar(GeneralTabBarTest.java:12)
	at com.onelogin.tests.GeneralTabBarTest.ContactTabBar(GeneralTabBarTest.java:12)
	at com.onelogin.tests.GeneralTabBarTest.ContactTabBar(GeneralTabBarTest.java:12)
	at com.onelogin.tests.GeneralTabBarTest.ContactTabBar(GeneralTabBarTest.java:12)
	at com.onelogin.tests.GeneralTabBarTest.ContactTabBar(GeneralTabBarTest.java:12)
	at com.onelogin.tests.GeneralTabBarTest.ContactTabBar(GeneralTabBarTest.java:12)
	at com.onelogin.tests.GeneralTabBarTest.ContactTabBar(GeneralTabBarTest.java:12)
	at com.onelogin.tests.GeneralTabBarTest.ContactTabBar(GeneralTabBarTest.java:12)
	at com.onelogin.tests.GeneralTabBarTest.ContactTabBar(GeneralTabBarTest.java:12)
	at com.onelogin.tests.GeneralTabBarTest.ContactTabBar(GeneralTabBarTest.java:12)
	at com.onelogin.tests.GeneralTabBarTest.ContactTabBar(GeneralTabBarTest.java:12)
	at com.onelogin.tests.GeneralTabBarTest.ContactTabBar(GeneralTabBarTest.java:12)
	at com.onelogin.tests.GeneralTabBarTest.ContactTabBar(GeneralTabBarTest.java:12)
	at com.onelogin.tests.GeneralTabBarTest.ContactTabBar(GeneralTabBarTest.java:12)
	at com.onelogin.tests.GeneralTabBarTest.ContactTabBar(GeneralTabBarTest.java:12)
	at com.onelogin.tests.GeneralTabBarTest.ContactTabBar(GeneralTabBarTest.java:12)
	at com.onelogin.tests.GeneralTabBarTest.ContactTabBar(GeneralTabBarTest.java:12)
	at com.onelogin.tests.GeneralTabBarTest.ContactTabBar(GeneralTabBarTest.java:12)
	at com.onelogin.tests.GeneralTabBarTest.ContactTabBar(GeneralTabBarTest.java:12)
	at com.onelogin.tests.GeneralTabBarTest.ContactTabBar(GeneralTabBarTest.java:12)
	at com.onelogin.tests.GeneralTabBarTest.ContactTabBar(GeneralTabBarTest.java:12)
	at com.onelogin.tests.GeneralTabBarTest.ContactTabBar(GeneralTabBarTest.java:12)
	at com.onelogin.tests.GeneralTabBarTest.ContactTabBar(GeneralTabBarTest.java:12)
	at com.onelogin.tests.GeneralTabBarTest.ContactTabBar(GeneralTabBarTest.java:12)
	at com.onelogin.tests.GeneralTabBarTest.ContactTabBar(GeneralTabBarTest.java:12)
	at com.onelogin.tests.GeneralTabBarTest.ContactTabBar(GeneralTabBarTest.java:12)
	at com.onelogin.tests.GeneralTabBarTest.ContactTabBar(GeneralTabBarTest.java:12)
	at com.onelogin.tests.GeneralTabBarTest.ContactTabBar(GeneralTabBarTest.java:12)
	at com.onelogin.tests.GeneralTabBarTest.ContactTabBar(GeneralTabBarTest.java:12)
	at com.onelogin.tests.GeneralTabBarTest.ContactTabBar(GeneralTabBarTest.java:12)
	at com.onelogin.tests.GeneralTabBarTest.ContactTabBar(GeneralTabBarTest.java:12)
	at com.onelogin.tests.GeneralTabBarTest.ContactTabBar(GeneralTabBarTest.java:12)
	at com.onelogin.tests.GeneralTabBarTest.ContactTabBar(GeneralTabBarTest.java:12)
	at com.onelogin.tests.GeneralTabBarTest.ContactTabBar(GeneralTabBarTest.java:12)
	at com.onelogin.tests.GeneralTabBarTest.ContactTabBar(GeneralTabBarTest.java:12)
	at com.onelogin.tests.GeneralTabBarTest.ContactTabBar(GeneralTabBarTest.java:12)
	at com.onelogin.tests.GeneralTabBarTest.ContactTabBar(GeneralTabBarTest.java:12)
	at com.onelogin.tests.GeneralTabBarTest.ContactTabBar(GeneralTabBarTest.java:12)
	at com.onelogin.tests.GeneralTabBarTest.ContactTabBar(GeneralTabBarTest.java:12)
	at com.onelogin.tests.GeneralTabBarTest.ContactTabBar(GeneralTabBarTest.java:12)
	at com.onelogin.tests.GeneralTabBarTest.ContactTabBar(GeneralTabBarTest.java:12)
	at com.onelogin.tests.GeneralTabBarTest.ContactTabBar(GeneralTabBarTest.java:12)
	at com.onelogin.tests.GeneralTabBarTest.ContactTabBar(GeneralTabBarTest.java:12)
	at com.onelogin.tests.GeneralTabBarTest.ContactTabBar(GeneralTabBarTest.java:12)
	at com.onelogin.tests.GeneralTabBarTest.ContactTabBar(GeneralTabBarTest.java:12)
	at com.onelogin.tests.GeneralTabBarTest.ContactTabBar(GeneralTabBarTest.java:12)
	at com.onelogin.tests.GeneralTabBarTest.ContactTabBar(GeneralTabBarTest.java:12)
	at com.onelogin.tests.GeneralTabBarTest.ContactTabBar(GeneralTabBarTest.java:12)
	at com.onelogin.tests.GeneralTabBarTest.ContactTabBar(GeneralTabBarTest.java:12)
	at com.onelogin.tests.GeneralTabBarTest.ContactTabBar(GeneralTabBarTest.java:12)
	at com.onelogin.tests.GeneralTabBarTest.ContactTabBar(GeneralTabBarTest.java:12)
	at com.onelogin.tests.GeneralTabBarTest.ContactTabBar(GeneralTabBarTest.java:12)
	at com.onelogin.tests.GeneralTabBarTest.ContactTabBar(GeneralTabBarTest.java:12)
	at com.onelogin.tests.GeneralTabBarTest.ContactTabBar(GeneralTabBarTest.java:12)
	at com.onelogin.tests.GeneralTabBarTest.ContactTabBar(GeneralTabBarTest.java:12)
	at com.onelogin.tests.GeneralTabBarTest.ContactTabBar(GeneralTabBarTest.java:12)
	at com.onelogin.tests.GeneralTabBarTest.ContactTabBar(GeneralTabBarTest.java:12)
	at com.onelogin.tests.GeneralTabBarTest.ContactTabBar(GeneralTabBarTest.java:12)
	at com.onelogin.tests.GeneralTabBarTest.ContactTabBar(GeneralTabBarTest.java:12)
	at com.onelogin.tests.GeneralTabBarTest.ContactTabBar(GeneralTabBarTest.java:12)
	at com.onelogin.tests.GeneralTabBarTest.ContactTabBar(GeneralTabBarTest.java:12)
	at com.onelogin.tests.GeneralTabBarTest.ContactTabBar(GeneralTabBarTest.java:12)
	at com.onelogin.tests.GeneralTabBarTest.ContactTabBar(GeneralTabBarTest.java:12)
	at com.onelogin.tests.GeneralTabBarTest.ContactTabBar(GeneralTabBarTest.java:12)
	at com.onelogin.tests.GeneralTabBarTest.ContactTabBar(GeneralTabBarTest.java:12)
	at com.onelogin.tests.GeneralTabBarTest.ContactTabBar(GeneralTabBarTest.java:12)
	at com.onelogin.tests.GeneralTabBarTest.ContactTabBar(GeneralTabBarTest.java:12)
	at com.onelogin.tests.GeneralTabBarTest.ContactTabBar(GeneralTabBarTest.java:12)
	at com.onelogin.tests.GeneralTabBarTest.ContactTabBar(GeneralTabBarTest.java:12)
	at com.onelogin.tests.GeneralTabBarTest.ContactTabBar(GeneralTabBarTest.java:12)
	at com.onelogin.tests.GeneralTabBarTest.ContactTabBar(GeneralTabBarTest.java:12)
	at com.onelogin.tests.GeneralTabBarTest.ContactTabBar(GeneralTabBarTest.java:12)
	at com.onelogin.tests.GeneralTabBarTest.ContactTabBar(GeneralTabBarTest.java:12)
	at com.onelogin.tests.GeneralTabBarTest.ContactTabBar(GeneralTabBarTest.java:12)
	at com.onelogin.tests.GeneralTabBarTest.ContactTabBar(GeneralTabBarTest.java:12)
	at com.onelogin.tests.GeneralTabBarTest.ContactTabBar(GeneralTabBarTest.java:12)
	at com.onelogin.tests.GeneralTabBarTest.ContactTabBar(GeneralTabBarTest.java:12)
	at com.onelogin.tests.GeneralTabBarTest.ContactTabBar(GeneralTabBarTest.java:12)
	at com.onelogin.tests.GeneralTabBarTest.ContactTabBar(GeneralTabBarTest.java:12)
	at com.onelogin.tests.GeneralTabBarTest.ContactTabBar(GeneralTabBarTest.java:12)
	at com.onelogin.tests.GeneralTabBarTest.ContactTabBar(GeneralTabBarTest.java:12)
	at com.onelogin.tests.GeneralTabBarTest.ContactTabBar(GeneralTabBarTest.java:12)
	at com.onelogin.tests.GeneralTabBarTest.ContactTabBar(GeneralTabBarTest.java:12)
	at com.onelogin.tests.GeneralTabBarTest.ContactTabBar(GeneralTabBarTest.java:12)
	at com.onelogin.tests.GeneralTabBarTest.ContactTabBar(GeneralTabBarTest.java:12)
	at com.onelogin.tests.GeneralTabBarTest.ContactTabBar(GeneralTabBarTest.java:12)
	at com.onelogin.tests.GeneralTabBarTest.ContactTabBar(GeneralTabBarTest.java:12)
	at com.onelogin.tests.GeneralTabBarTest.ContactTabBar(GeneralTabBarTest.java:12)
	at com.onelogin.tests.GeneralTabBarTest.ContactTabBar(GeneralTabBarTest.java:12)
	at com.onelogin.tests.GeneralTabBarTest.ContactTabBar(GeneralTabBarTest.java:12)
	at com.onelogin.tests.GeneralTabBarTest.ContactTabBar(GeneralTabBarTest.java:12)
	at com.onelogin.tests.GeneralTabBarTest.ContactTabBar(GeneralTabBarTest.java:12)
	at com.onelogin.tests.GeneralTabBarTest.ContactTabBar(GeneralTabBarTest.java:12)
	at com.onelogin.tests.GeneralTabBarTest.ContactTabBar(GeneralTabBarTest.java:12)
	at com.onelogin.tests.GeneralTabBarTest.ContactTabBar(GeneralTabBarTest.java:12)
	at com.onelogin.tests.GeneralTabBarTest.ContactTabBar(GeneralTabBarTest.java:12)
	at com.onelogin.tests.GeneralTabBarTest.ContactTabBar(GeneralTabBarTest.java:12)
	at com.onelogin.tests.GeneralTabBarTest.ContactTabBar(GeneralTabBarTest.java:12)
	at com.onelogin.tests.GeneralTabBarTest.ContactTabBar(GeneralTabBarTest.java:12)
	at com.onelogin.tests.GeneralTabBarTest.ContactTabBar(GeneralTabBarTest.java:12)
	at com.onelogin.tests.GeneralTabBarTest.ContactTabBar(GeneralTabBarTest.java:12)
	at com.onelogin.tests.GeneralTabBarTest.ContactTabBar(GeneralTabBarTest.java:12)
	at com.onelogin.tests.GeneralTabBarTest.ContactTabBar(GeneralTabBarTest.java:12)
	at com.onelogin.tests.GeneralTabBarTest.ContactTabBar(GeneralTabBarTest.java:12)
	at com.onelogin.tests.GeneralTabBarTest.ContactTabBar(GeneralTabBarTest.java:12)
	at com.onelogin.tests.GeneralTabBarTest.ContactTabBar(GeneralTabBarTest.java:12)
	at com.onelogin.tests.GeneralTabBarTest.ContactTabBar(GeneralTabBarTest.java:12)
	at com.onelogin.tests.GeneralTabBarTest.ContactTabBar(GeneralTabBarTest.java:12)
	at com.onelogin.tests.GeneralTabBarTest.ContactTabBar(GeneralTabBarTest.java:12)
	at com.onelogin.tests.GeneralTabBarTest.ContactTabBar(GeneralTabBarTest.java:12)
	at com.onelogin.tests.GeneralTabBarTest.ContactTabBar(GeneralTabBarTest.java:12)
	at com.onelogin.tests.GeneralTabBarTest.ContactTabBar(GeneralTabBarTest.java:12)
	at com.onelogin.tests.GeneralTabBarTest.ContactTabBar(GeneralTabBarTest.java:12)
	at com.onelogin.tests.GeneralTabBarTest.ContactTabBar(GeneralTabBarTest.java:12)
	at com.onelogin.tests.GeneralTabBarTest.ContactTabBar(GeneralTabBarTest.java:12)
	at com.onelogin.tests.GeneralTabBarTest.ContactTabBar(GeneralTabBarTest.java:12)
	at com.onelogin.tests.GeneralTabBarTest.ContactTabBar(GeneralTabBarTest.java:12)
	at com.onelogin.tests.GeneralTabBarTest.ContactTabBar(GeneralTabBarTest.java:12)
	at com.onelogin.tests.GeneralTabBarTest.ContactTabBar(GeneralTabBarTest.java:12)
	at com.onelogin.tests.GeneralTabBarTest.ContactTabBar(GeneralTabBarTest.java:12)
	at com.onelogin.tests.GeneralTabBarTest.ContactTabBar(GeneralTabBarTest.java:12)
	at com.onelogin.tests.GeneralTabBarTest.ContactTabBar(GeneralTabBarTest.java:12)
	at com.onelogin.tests.GeneralTabBarTest.ContactTabBar(GeneralTabBarTest.java:12)
	at com.onelogin.tests.GeneralTabBarTest.ContactTabBar(GeneralTabBarTest.java:12)
	at com.onelogin.tests.GeneralTabBarTest.ContactTabBar(GeneralTabBarTest.java:12)
	at com.onelogin.tests.GeneralTabBarTest.ContactTabBar(GeneralTabBarTest.java:12)
	at com.onelogin.tests.GeneralTabBarTest.ContactTabBar(GeneralTabBarTest.java:12)
	at com.onelogin.tests.GeneralTabBarTest.ContactTabBar(GeneralTabBarTest.java:12)
	at com.onelogin.tests.GeneralTabBarTest.ContactTabBar(GeneralTabBarTest.java:12)
	at com.onelogin.tests.GeneralTabBarTest.ContactTabBar(GeneralTabBarTest.java:12)
	at com.onelogin.tests.GeneralTabBarTest.ContactTabBar(GeneralTabBarTest.java:12)
	at com.onelogin.tests.GeneralTabBarTest.ContactTabBar(GeneralTabBarTest.java:12)
	at com.onelogin.tests.GeneralTabBarTest.ContactTabBar(GeneralTabBarTest.java:12)
	at com.onelogin.tests.GeneralTabBarTest.ContactTabBar(GeneralTabBarTest.java:12)
	at com.onelogin.tests.GeneralTabBarTest.ContactTabBar(GeneralTabBarTest.java:12)
	at com.onelogin.tests.GeneralTabBarTest.ContactTabBar(GeneralTabBarTest.java:12)
	at com.onelogin.tests.GeneralTabBarTest.ContactTabBar(GeneralTabBarTest.java:12)
	at com.onelogin.tests.GeneralTabBarTest.ContactTabBar(GeneralTabBarTest.java:12)
	at com.onelogin.tests.GeneralTabBarTest.ContactTabBar(GeneralTabBarTest.java:12)
	at com.onelogin.tests.GeneralTabBarTest.ContactTabBar(GeneralTabBarTest.java:12)
	at com.onelogin.tests.GeneralTabBarTest.ContactTabBar(GeneralTabBarTest.java:12)
	at com.onelogin.tests.GeneralTabBarTest.ContactTabBar(GeneralTabBarTest.java:12)
	at com.onelogin.tests.GeneralTabBarTest.ContactTabBar(GeneralTabBarTest.java:12)
	at com.onelogin.tests.GeneralTabBarTest.ContactTabBar(GeneralTabBarTest.java:12)
	at com.onelogin.tests.GeneralTabBarTest.ContactTabBar(GeneralTabBarTest.java:12)
	at com.onelogin.tests.GeneralTabBarTest.ContactTabBar(GeneralTabBarTest.java:12)
	at com.onelogin.tests.GeneralTabBarTest.ContactTabBar(GeneralTabBarTest.java:12)
	at com.onelogin.tests.GeneralTabBarTest.ContactTabBar(GeneralTabBarTest.java:12)
	at com.onelogin.tests.GeneralTabBarTest.ContactTabBar(GeneralTabBarTest.java:12)
	at com.onelogin.tests.GeneralTabBarTest.ContactTabBar(GeneralTabBarTest.java:12)
	at com.onelogin.tests.GeneralTabBarTest.ContactTabBar(GeneralTabBarTest.java:12)
	at com.onelogin.tests.GeneralTabBarTest.ContactTabBar(GeneralTabBarTest.java:12)
	at com.onelogin.tests.GeneralTabBarTest.ContactTabBar(GeneralTabBarTest.java:12)
	at com.onelogin.tests.GeneralTabBarTest.ContactTabBar(GeneralTabBarTest.java:12)
	at com.onelogin.tests.GeneralTabBarTest.ContactTabBar(GeneralTabBarTest.java:12)
	at com.onelogin.tests.GeneralTabBarTest.ContactTabBar(GeneralTabBarTest.java:12)
	at com.onelogin.tests.GeneralTabBarTest.ContactTabBar(GeneralTabBarTest.java:12)
	at com.onelogin.tests.GeneralTabBarTest.ContactTabBar(GeneralTabBarTest.java:12)
	at com.onelogin.tests.GeneralTabBarTest.ContactTabBar(GeneralTabBarTest.java:12)
	at com.onelogin.tests.GeneralTabBarTest.ContactTabBar(GeneralTabBarTest.java:12)
	at com.onelogin.tests.GeneralTabBarTest.ContactTabBar(GeneralTabBarTest.java:12)
	at com.onelogin.tests.GeneralTabBarTest.ContactTabBar(GeneralTabBarTest.java:12)
	at com.onelogin.tests.GeneralTabBarTest.ContactTabBar(GeneralTabBarTest.java:12)
	at com.onelogin.tests.GeneralTabBarTest.ContactTabBar(GeneralTabBarTest.java:12)
	at com.onelogin.tests.GeneralTabBarTest.ContactTabBar(GeneralTabBarTest.java:12)
	at com.onelogin.tests.GeneralTabBarTest.ContactTabBar(GeneralTabBarTest.java:12)
	at com.onelogin.tests.GeneralTabBarTest.ContactTabBar(GeneralTabBarTest.java:12)
	at com.onelogin.tests.GeneralTabBarTest.ContactTabBar(GeneralTabBarTest.java:12)
	at com.onelogin.tests.GeneralTabBarTest.ContactTabBar(GeneralTabBarTest.java:12)
	at com.onelogin.tests.GeneralTabBarTest.ContactTabBar(GeneralTabBarTest.java:12)
	at com.onelogin.tests.GeneralTabBarTest.ContactTabBar(GeneralTabBarTest.java:12)
	at com.onelogin.tests.GeneralTabBarTest.ContactTabBar(GeneralTabBarTest.java:12)
	at com.onelogin.tests.GeneralTabBarTest.ContactTabBar(GeneralTabBarTest.java:12)
	at com.onelogin.tests.GeneralTabBarTest.ContactTabBar(GeneralTabBarTest.java:12)
	at com.onelogin.tests.GeneralTabBarTest.ContactTabBar(GeneralTabBarTest.java:12)
	at com.onelogin.tests.GeneralTabBarTest.ContactTabBar(GeneralTabBarTest.java:12)
	at com.onelogin.tests.GeneralTabBarTest.ContactTabBar(GeneralTabBarTest.java:12)
	at com.onelogin.tests.GeneralTabBarTest.ContactTabBar(GeneralTabBarTest.java:12)
	at com.onelogin.tests.GeneralTabBarTest.ContactTabBar(GeneralTabBarTest.java:12)
	at com.onelogin.tests.GeneralTabBarTest.ContactTabBar(GeneralTabBarTest.java:12)
	at com.onelogin.tests.GeneralTabBarTest.ContactTabBar(GeneralTabBarTest.java:12)
	at com.onelogin.tests.GeneralTabBarTest.ContactTabBar(GeneralTabBarTest.java:12)
	at com.onelogin.tests.GeneralTabBarTest.ContactTabBar(GeneralTabBarTest.java:12)
	at com.onelogin.tests.GeneralTabBarTest.ContactTabBar(GeneralTabBarTest.java:12)
	at com.onelogin.tests.GeneralTabBarTest.ContactTabBar(GeneralTabBarTest.java:12)
	at com.onelogin.tests.GeneralTabBarTest.ContactTabBar(GeneralTabBarTest.java:12)
	at com.onelogin.tests.GeneralTabBarTest.ContactTabBar(GeneralTabBarTest.java:12)
	at com.onelogin.tests.GeneralTabBarTest.ContactTabBar(GeneralTabBarTest.java:12)
	at com.onelogin.tests.GeneralTabBarTest.ContactTabBar(GeneralTabBarTest.java:12)
	at com.onelogin.tests.GeneralTabBarTest.ContactTabBar(GeneralTabBarTest.java:12)
	at com.onelogin.tests.GeneralTabBarTest.ContactTabBar(GeneralTabBarTest.java:12)
	at com.onelogin.tests.GeneralTabBarTest.ContactTabBar(GeneralTabBarTest.java:12)
	at com.onelogin.tests.GeneralTabBarTest.ContactTabBar(GeneralTabBarTest.java:12)
	at com.onelogin.tests.GeneralTabBarTest.ContactTabBar(GeneralTabBarTest.java:12)
	at com.onelogin.tests.GeneralTabBarTest.ContactTabBar(GeneralTabBarTest.java:12)
	at com.onelogin.tests.GeneralTabBarTest.ContactTabBar(GeneralTabBarTest.java:12)
	at com.onelogin.tests.GeneralTabBarTest.ContactTabBar(GeneralTabBarTest.java:12)
	at com.onelogin.tests.GeneralTabBarTest.ContactTabBar(GeneralTabBarTest.java:12)
	at com.onelogin.tests.GeneralTabBarTest.ContactTabBar(GeneralTabBarTest.java:12)
	at com.onelogin.tests.GeneralTabBarTest.ContactTabBar(GeneralTabBarTest.java:12)
	at com.onelogin.tests.GeneralTabBarTest.ContactTabBar(GeneralTabBarTest.java:12)
	at com.onelogin.tests.GeneralTabBarTest.ContactTabBar(GeneralTabBarTest.java:12)
	at com.onelogin.tests.GeneralTabBarTest.ContactTabBar(GeneralTabBarTest.java:12)
	at com.onelogin.tests.GeneralTabBarTest.ContactTabBar(GeneralTabBarTest.java:12)
	at com.onelogin.tests.GeneralTabBarTest.ContactTabBar(GeneralTabBarTest.java:12)
	at com.onelogin.tests.GeneralTabBarTest.ContactTabBar(GeneralTabBarTest.java:12)
	at com.onelogin.tests.GeneralTabBarTest.ContactTabBar(GeneralTabBarTest.java:12)
	at com.onelogin.tests.GeneralTabBarTest.ContactTabBar(GeneralTabBarTest.java:12)
	at com.onelogin.tests.GeneralTabBarTest.ContactTabBar(GeneralTabBarTest.java:12)
	at com.onelogin.tests.GeneralTabBarTest.ContactTabBar(GeneralTabBarTest.java:12)
	at com.onelogin.tests.GeneralTabBarTest.ContactTabBar(GeneralTabBarTest.java:12)
	at com.onelogin.tests.GeneralTabBarTest.ContactTabBar(GeneralTabBarTest.java:12)
	at com.onelogin.tests.GeneralTabBarTest.ContactTabBar(GeneralTabBarTest.java:12)
	at com.onelogin.tests.GeneralTabBarTest.ContactTabBar(GeneralTabBarTest.java:12)
	at com.onelogin.tests.GeneralTabBarTest.ContactTabBar(GeneralTabBarTest.java:12)
	at com.onelogin.tests.GeneralTabBarTest.ContactTabBar(GeneralTabBarTest.java:12)
	at com.onelogin.tests.GeneralTabBarTest.ContactTabBar(GeneralTabBarTest.java:12)
	at com.onelogin.tests.GeneralTabBarTest.ContactTabBar(GeneralTabBarTest.java:12)
	at com.onelogin.tests.GeneralTabBarTest.ContactTabBar(GeneralTabBarTest.java:12)
	at com.onelogin.tests.GeneralTabBarTest.ContactTabBar(GeneralTabBarTest.java:12)
	at com.onelogin.tests.GeneralTabBarTest.ContactTabBar(GeneralTabBarTest.java:12)
	at com.onelogin.tests.GeneralTabBarTest.ContactTabBar(GeneralTabBarTest.java:12)
	at com.onelogin.tests.GeneralTabBarTest.ContactTabBar(GeneralTabBarTest.java:12)
	at com.onelogin.tests.GeneralTabBarTest.ContactTabBar(GeneralTabBarTest.java:12)
	at com.onelogin.tests.GeneralTabBarTest.ContactTabBar(GeneralTabBarTest.java:12)
	at com.onelogin.tests.GeneralTabBarTest.ContactTabBar(GeneralTabBarTest.java:12)
	at com.onelogin.tests.GeneralTabBarTest.ContactTabBar(GeneralTabBarTest.java:12)
	at com.onelogin.tests.GeneralTabBarTest.ContactTabBar(GeneralTabBarTest.java:12)
	at com.onelogin.tests.GeneralTabBarTest.ContactTabBar(GeneralTabBarTest.java:12)
	at com.onelogin.tests.GeneralTabBarTest.ContactTabBar(GeneralTabBarTest.java:12)
	at com.onelogin.tests.GeneralTabBarTest.ContactTabBar(GeneralTabBarTest.java:12)
	at com.onelogin.tests.GeneralTabBarTest.ContactTabBar(GeneralTabBarTest.java:12)
	at com.onelogin.tests.GeneralTabBarTest.ContactTabBar(GeneralTabBarTest.java:12)
	at com.onelogin.tests.GeneralTabBarTest.ContactTabBar(GeneralTabBarTest.java:12)
	at com.onelogin.tests.GeneralTabBarTest.ContactTabBar(GeneralTabBarTest.java:12)
	at com.onelogin.tests.GeneralTabBarTest.ContactTabBar(GeneralTabBarTest.java:12)
	at com.onelogin.tests.GeneralTabBarTest.ContactTabBar(GeneralTabBarTest.java:12)
	at com.onelogin.tests.GeneralTabBarTest.ContactTabBar(GeneralTabBarTest.java:12)
	at com.onelogin.tests.GeneralTabBarTest.ContactTabBar(GeneralTabBarTest.java:12)
	at com.onelogin.tests.GeneralTabBarTest.ContactTabBar(GeneralTabBarTest.java:12)
	at com.onelogin.tests.GeneralTabBarTest.ContactTabBar(GeneralTabBarTest.java:12)
	at com.onelogin.tests.GeneralTabBarTest.ContactTabBar(GeneralTabBarTest.java:12)
	at com.onelogin.tests.GeneralTabBarTest.ContactTabBar(GeneralTabBarTest.java:12)
	at com.onelogin.tests.GeneralTabBarTest.ContactTabBar(GeneralTabBarTest.java:12)
	at com.onelogin.tests.GeneralTabBarTest.ContactTabBar(GeneralTabBarTest.java:12)
	at com.onelogin.tests.GeneralTabBarTest.ContactTabBar(GeneralTabBarTest.java:12)
	at com.onelogin.tests.GeneralTabBarTest.ContactTabBar(GeneralTabBarTest.java:12)
	at com.onelogin.tests.GeneralTabBarTest.ContactTabBar(GeneralTabBarTest.java:12)
	at com.onelogin.tests.GeneralTabBarTest.ContactTabBar(GeneralTabBarTest.java:12)
	at com.onelogin.tests.GeneralTabBarTest.ContactTabBar(GeneralTabBarTest.java:12)
	at com.onelogin.tests.GeneralTabBarTest.ContactTabBar(GeneralTabBarTest.java:12)
	at com.onelogin.tests.GeneralTabBarTest.ContactTabBar(GeneralTabBarTest.java:12)
	at com.onelogin.tests.GeneralTabBarTest.ContactTabBar(GeneralTabBarTest.java:12)
	at com.onelogin.tests.GeneralTabBarTest.ContactTabBar(GeneralTabBarTest.java:12)
	at com.onelogin.tests.GeneralTabBarTest.ContactTabBar(GeneralTabBarTest.java:12)
	at com.onelogin.tests.GeneralTabBarTest.ContactTabBar(GeneralTabBarTest.java:12)
	at com.onelogin.tests.GeneralTabBarTest.ContactTabBar(GeneralTabBarTest.java:12)
	at com.onelogin.tests.GeneralTabBarTest.ContactTabBar(GeneralTabBarTest.java:12)
	at com.onelogin.tests.GeneralTabBarTest.ContactTabBar(GeneralTabBarTest.java:12)
	at com.onelogin.tests.GeneralTabBarTest.ContactTabBar(GeneralTabBarTest.java:12)
	at com.onelogin.tests.GeneralTabBarTest.ContactTabBar(GeneralTabBarTest.java:12)
	at com.onelogin.tests.GeneralTabBarTest.ContactTabBar(GeneralTabBarTest.java:12)
	at com.onelogin.tests.GeneralTabBarTest.ContactTabBar(GeneralTabBarTest.java:12)
	at com.onelogin.tests.GeneralTabBarTest.ContactTabBar(GeneralTabBarTest.java:12)
	at com.onelogin.tests.GeneralTabBarTest.ContactTabBar(GeneralTabBarTest.java:12)
	at com.onelogin.tests.GeneralTabBarTest.ContactTabBar(GeneralTabBarTest.java:12)
	at com.onelogin.tests.GeneralTabBarTest.ContactTabBar(GeneralTabBarTest.java:12)
	at com.onelogin.tests.GeneralTabBarTest.ContactTabBar(GeneralTabBarTest.java:12)
	at com.onelogin.tests.GeneralTabBarTest.ContactTabBar(GeneralTabBarTest.java:12)
	at com.onelogin.tests.GeneralTabBarTest.ContactTabBar(GeneralTabBarTest.java:12)
	at com.onelogin.tests.GeneralTabBarTest.ContactTabBar(GeneralTabBarTest.java:12)
	at com.onelogin.tests.GeneralTabBarTest.ContactTabBar(GeneralTabBarTest.java:12)
	at com.onelogin.tests.GeneralTabBarTest.ContactTabBar(GeneralTabBarTest.java:12)
	at com.onelogin.tests.GeneralTabBarTest.ContactTabBar(GeneralTabBarTest.java:12)
	at com.onelogin.tests.GeneralTabBarTest.ContactTabBar(GeneralTabBarTest.java:12)
	at com.onelogin.tests.GeneralTabBarTest.ContactTabBar(GeneralTabBarTest.java:12)
	at com.onelogin.tests.GeneralTabBarTest.ContactTabBar(GeneralTabBarTest.java:12)
	at com.onelogin.tests.GeneralTabBarTest.ContactTabBar(GeneralTabBarTest.java:12)
	at com.onelogin.tests.GeneralTabBarTest.ContactTabBar(GeneralTabBarTest.java:12)
	at com.onelogin.tests.GeneralTabBarTest.ContactTabBar(GeneralTabBarTest.java:12)
	at com.onelogin.tests.GeneralTabBarTest.ContactTabBar(GeneralTabBarTest.java:12)
	at com.onelogin.tests.GeneralTabBarTest.ContactTabBar(GeneralTabBarTest.java:12)
	at com.onelogin.tests.GeneralTabBarTest.ContactTabBar(GeneralTabBarTest.java:12)
	at com.onelogin.tests.GeneralTabBarTest.ContactTabBar(GeneralTabBarTest.java:12)
	at com.onelogin.tests.GeneralTabBarTest.ContactTabBar(GeneralTabBarTest.java:12)
	at com.onelogin.tests.GeneralTabBarTest.ContactTabBar(GeneralTabBarTest.java:12)
	at com.onelogin.tests.GeneralTabBarTest.ContactTabBar(GeneralTabBarTest.java:12)
	at com.onelogin.tests.GeneralTabBarTest.ContactTabBar(GeneralTabBarTest.java:12)
	at com.onelogin.tests.GeneralTabBarTest.ContactTabBar(GeneralTabBarTest.java:12)
	at com.onelogin.tests.GeneralTabBarTest.ContactTabBar(GeneralTabBarTest.java:12)
	at com.onelogin.tests.GeneralTabBarTest.ContactTabBar(GeneralTabBarTest.java:12)
	at com.onelogin.tests.GeneralTabBarTest.ContactTabBar(GeneralTabBarTest.java:12)
	at com.onelogin.tests.GeneralTabBarTest.ContactTabBar(GeneralTabBarTest.java:12)
	at com.onelogin.tests.GeneralTabBarTest.ContactTabBar(GeneralTabBarTest.java:12)
	at com.onelogin.tests.GeneralTabBarTest.ContactTabBar(GeneralTabBarTest.java:12)
	at com.onelogin.tests.GeneralTabBarTest.ContactTabBar(GeneralTabBarTest.java:12)
	at com.onelogin.tests.GeneralTabBarTest.ContactTabBar(GeneralTabBarTest.java:12)
	at com.onelogin.tests.GeneralTabBarTest.ContactTabBar(GeneralTabBarTest.java:12)
	at com.onelogin.tests.GeneralTabBarTest.ContactTabBar(GeneralTabBarTest.java:12)
	at com.onelogin.tests.GeneralTabBarTest.ContactTabBar(GeneralTabBarTest.java:12)
	at com.onelogin.tests.GeneralTabBarTest.ContactTabBar(GeneralTabBarTest.java:12)
	at com.onelogin.tests.GeneralTabBarTest.ContactTabBar(GeneralTabBarTest.java:12)
	at com.onelogin.tests.GeneralTabBarTest.ContactTabBar(GeneralTabBarTest.java:12)
	at com.onelogin.tests.GeneralTabBarTest.ContactTabBar(GeneralTabBarTest.java:12)
	at com.onelogin.tests.GeneralTabBarTest.ContactTabBar(GeneralTabBarTest.java:12)
	at com.onelogin.tests.GeneralTabBarTest.ContactTabBar(GeneralTabBarTest.java:12)
	at com.onelogin.tests.GeneralTabBarTest.ContactTabBar(GeneralTabBarTest.java:12)
	at com.onelogin.tests.GeneralTabBarTest.ContactTabBar(GeneralTabBarTest.java:12)
	at com.onelogin.tests.GeneralTabBarTest.ContactTabBar(GeneralTabBarTest.java:12)
	at com.onelogin.tests.GeneralTabBarTest.ContactTabBar(GeneralTabBarTest.java:12)
	at com.onelogin.tests.GeneralTabBarTest.ContactTabBar(GeneralTabBarTest.java:12)
	at com.onelogin.tests.GeneralTabBarTest.ContactTabBar(GeneralTabBarTest.java:12)
	at com.onelogin.tests.GeneralTabBarTest.ContactTabBar(GeneralTabBarTest.java:12)
	at com.onelogin.tests.GeneralTabBarTest.ContactTabBar(GeneralTabBarTest.java:12)
	at com.onelogin.tests.GeneralTabBarTest.ContactTabBar(GeneralTabBarTest.java:12)
	at com.onelogin.tests.GeneralTabBarTest.ContactTabBar(GeneralTabBarTest.java:12)
	at com.onelogin.tests.GeneralTabBarTest.ContactTabBar(GeneralTabBarTest.java:12)
	at com.onelogin.tests.GeneralTabBarTest.ContactTabBar(GeneralTabBarTest.java:12)
	at com.onelogin.tests.GeneralTabBarTest.ContactTabBar(GeneralTabBarTest.java:12)
	at com.onelogin.tests.GeneralTabBarTest.ContactTabBar(GeneralTabBarTest.java:12)
	at com.onelogin.tests.GeneralTabBarTest.ContactTabBar(GeneralTabBarTest.java:12)
	at com.onelogin.tests.GeneralTabBarTest.ContactTabBar(GeneralTabBarTest.java:12)
	at com.onelogin.tests.GeneralTabBarTest.ContactTabBar(GeneralTabBarTest.java:12)
	at com.onelogin.tests.GeneralTabBarTest.ContactTabBar(GeneralTabBarTest.java:12)
	at com.onelogin.tests.GeneralTabBarTest.ContactTabBar(GeneralTabBarTest.java:12)
	at com.onelogin.tests.GeneralTabBarTest.ContactTabBar(GeneralTabBarTest.java:12)
]]>
    </failure>
  </testcase> <!-- ContactTabBar -->
</testsuite> <!-- Default test -->
