<?xml version="1.0" encoding="UTF-8"?>
<testng-results skipped="0" failed="1" total="2" passed="1">
  <reporter-output>
  </reporter-output>
  <suite name="Default suite" duration-ms="23154" started-at="2015-04-06T07:00:56Z" finished-at="2015-04-06T07:01:19Z">
    <groups>
    </groups>
    <test name="Default test" duration-ms="23154" started-at="2015-04-06T07:00:56Z" finished-at="2015-04-06T07:01:19Z">
      <class name="com.onelogin.tests.LoginTest">
        <test-method status="PASS" signature="Launchbrowser()[pri:0, instance:com.onelogin.tests.LoginTest@4bd226a7]" name="Launchbrowser" is-config="true" duration-ms="13369" started-at="2015-04-06T12:30:56Z" finished-at="2015-04-06T12:31:09Z">
          <reporter-output>
          </reporter-output>
        </test-method> <!-- Launchbrowser -->
        <test-method status="PASS" signature="TestLogin()[pri:0, instance:com.onelogin.tests.LoginTest@4bd226a7]" name="TestLogin" duration-ms="8218" started-at="2015-04-06T12:31:09Z" finished-at="2015-04-06T12:31:17Z">
          <reporter-output>
          </reporter-output>
        </test-method> <!-- TestLogin -->
        <test-method status="PASS" signature="Quit()[pri:0, instance:com.onelogin.tests.LoginTest@4bd226a7]" name="Quit" is-config="true" duration-ms="0" started-at="2015-04-06T12:31:17Z" finished-at="2015-04-06T12:31:17Z">
          <reporter-output>
          </reporter-output>
        </test-method> <!-- Quit -->
      </class> <!-- com.onelogin.tests.LoginTest -->
      <class name="com.onelogin.tests.GeneralTabBarTest">
        <test-method status="FAIL" signature="ContactTabBar()[pri:0, instance:com.onelogin.tests.GeneralTabBarTest@31e956bd]" name="ContactTabBar" duration-ms="4" started-at="2015-04-06T12:31:17Z" finished-at="2015-04-06T12:31:17Z">
          <exception class="java.lang.StackOverflowError">
            <full-stacktrace>
              <![CDATA[java.lang.StackOverflowError
	at com.onelogin.tests.GeneralTabBarTest.ContactTabBar(GeneralTabBarTest.java:11)
	at com.onelogin.tests.GeneralTabBarTest.ContactTabBar(GeneralTabBarTest.java:12)
	at com.onelogin.tests.GeneralTabBarTest.ContactTabBar(GeneralTabBarTest.java:12)
	at com.onelogin.tests.GeneralTabBarTest.ContactTabBar(GeneralTabBarTest.java:12)
	at com.onelogin.tests.GeneralTabBarTest.ContactTabBar(GeneralTabBarTest.java:12)
	at com.onelogin.tests.GeneralTabBarTest.ContactTabBar(GeneralTabBarTest.java:12)
	at com.onelogin.tests.GeneralTabBarTest.ContactTabBar(GeneralTabBarTest.java:12)
	at com.onelogin.tests.GeneralTabBarTest.ContactTabBar(GeneralTabBarTest.java:12)
	at com.onelogin.tests.GeneralTabBarTest.ContactTabBar(GeneralTabBarTest.java:12)
	at com.onelogin.tests.GeneralTabBarTest.ContactTabBar(GeneralTabBarTest.java:12)
	at com.onelogin.tests.GeneralTabBarTest.ContactTabBar(GeneralTabBarTest.java:12)
	at com.onelogin.tests.GeneralTabBarTest.ContactTabBar(GeneralTabBarTest.java:12)
	at com.onelogin.tests.GeneralTabBarTest.ContactTabBar(GeneralTabBarTest.java:12)
	at com.onelogin.tests.GeneralTabBarTest.ContactTabBar(GeneralTabBarTest.java:12)
	at com.onelogin.tests.GeneralTabBarTest.ContactTabBar(GeneralTabBarTest.java:12)
	at com.onelogin.tests.GeneralTabBarTest.ContactTabBar(GeneralTabBarTest.java:12)
	at com.onelogin.tests.GeneralTabBarTest.ContactTabBar(GeneralTabBarTest.java:12)
	at com.onelogin.tests.GeneralTabBarTest.ContactTabBar(GeneralTabBarTest.java:12)
	at com.onelogin.tests.GeneralTabBarTest.ContactTabBar(GeneralTabBarTest.java:12)
	at com.onelogin.tests.GeneralTabBarTest.ContactTabBar(GeneralTabBarTest.java:12)
	at com.onelogin.tests.GeneralTabBarTest.ContactTabBar(GeneralTabBarTest.java:12)
	at com.onelogin.tests.GeneralTabBarTest.ContactTabBar(GeneralTabBarTest.java:12)
	at com.onelogin.tests.GeneralTabBarTest.ContactTabBar(GeneralTabBarTest.java:12)
	at com.onelogin.tests.GeneralTabBarTest.ContactTabBar(GeneralTabBarTest.java:12)
	at com.onelogin.tests.GeneralTabBarTest.ContactTabBar(GeneralTabBarTest.java:12)
	at com.onelogin.tests.GeneralTabBarTest.ContactTabBar(GeneralTabBarTest.java:12)
	at com.onelogin.tests.GeneralTabBarTest.ContactTabBar(GeneralTabBarTest.java:12)
	at com.onelogin.tests.GeneralTabBarTest.ContactTabBar(GeneralTabBarTest.java:12)
	at com.onelogin.tests.GeneralTabBarTest.ContactTabBar(GeneralTabBarTest.java:12)
	at com.onelogin.tests.GeneralTabBarTest.ContactTabBar(GeneralTabBarTest.java:12)
	at com.onelogin.tests.GeneralTabBarTest.ContactTabBar(GeneralTabBarTest.java:12)
	at com.onelogin.tests.GeneralTabBarTest.ContactTabBar(GeneralTabBarTest.java:12)
	at com.onelogin.tests.GeneralTabBarTest.ContactTabBar(GeneralTabBarTest.java:12)
	at com.onelogin.tests.GeneralTabBarTest.ContactTabBar(GeneralTabBarTest.java:12)
	at com.onelogin.tests.GeneralTabBarTest.ContactTabBar(GeneralTabBarTest.java:12)
	at com.onelogin.tests.GeneralTabBarTest.ContactTabBar(GeneralTabBarTest.java:12)
	at com.onelogin.tests.GeneralTabBarTest.ContactTabBar(GeneralTabBarTest.java:12)
	at com.onelogin.tests.GeneralTabBarTest.ContactTabBar(GeneralTabBarTest.java:12)
	at com.onelogin.tests.GeneralTabBarTest.ContactTabBar(GeneralTabBarTest.java:12)
	at com.onelogin.tests.GeneralTabBarTest.ContactTabBar(GeneralTabBarTest.java:12)
	at com.onelogin.tests.GeneralTabBarTest.ContactTabBar(GeneralTabBarTest.java:12)
	at com.onelogin.tests.GeneralTabBarTest.ContactTabBar(GeneralTabBarTest.java:12)
	at com.onelogin.tests.GeneralTabBarTest.ContactTabBar(GeneralTabBarTest.java:12)
	at com.onelogin.tests.GeneralTabBarTest.ContactTabBar(GeneralTabBarTest.java:12)
	at com.onelogin.tests.GeneralTabBarTest.ContactTabBar(GeneralTabBarTest.java:12)
	at com.onelogin.tests.GeneralTabBarTest.ContactTabBar(GeneralTabBarTest.java:12)
	at com.onelogin.tests.GeneralTabBarTest.ContactTabBar(GeneralTabBarTest.java:12)
	at com.onelogin.tests.GeneralTabBarTest.ContactTabBar(GeneralTabBarTest.java:12)
	at com.onelogin.tests.GeneralTabBarTest.ContactTabBar(GeneralTabBarTest.java:12)
	at com.onelogin.tests.GeneralTabBarTest.ContactTabBar(GeneralTabBarTest.java:12)
	at com.onelogin.tests.GeneralTabBarTest.ContactTabBar(GeneralTabBarTest.java:12)
	at com.onelogin.tests.GeneralTabBarTest.ContactTabBar(GeneralTabBarTest.java:12)
	at com.onelogin.tests.GeneralTabBarTest.ContactTabBar(GeneralTabBarTest.java:12)
	at com.onelogin.tests.GeneralTabBarTest.ContactTabBar(GeneralTabBarTest.java:12)
	at com.onelogin.tests.GeneralTabBarTest.ContactTabBar(GeneralTabBarTest.java:12)
	at com.onelogin.tests.GeneralTabBarTest.ContactTabBar(GeneralTabBarTest.java:12)
	at com.onelogin.tests.GeneralTabBarTest.ContactTabBar(GeneralTabBarTest.java:12)
	at com.onelogin.tests.GeneralTabBarTest.ContactTabBar(GeneralTabBarTest.java:12)
	at com.onelogin.tests.GeneralTabBarTest.ContactTabBar(GeneralTabBarTest.java:12)
	at com.onelogin.tests.GeneralTabBarTest.ContactTabBar(GeneralTabBarTest.java:12)
	at com.onelogin.tests.GeneralTabBarTest.ContactTabBar(GeneralTabBarTest.java:12)
	at com.onelogin.tests.GeneralTabBarTest.ContactTabBar(GeneralTabBarTest.java:12)
	at com.onelogin.tests.GeneralTabBarTest.ContactTabBar(GeneralTabBarTest.java:12)
	at com.onelogin.tests.GeneralTabBarTest.ContactTabBar(GeneralTabBarTest.java:12)
	at com.onelogin.tests.GeneralTabBarTest.ContactTabBar(GeneralTabBarTest.java:12)
	at com.onelogin.tests.GeneralTabBarTest.ContactTabBar(GeneralTabBarTest.java:12)
	at com.onelogin.tests.GeneralTabBarTest.ContactTabBar(GeneralTabBarTest.java:12)
	at com.onelogin.tests.GeneralTabBarTest.ContactTabBar(GeneralTabBarTest.java:12)
	at com.onelogin.tests.GeneralTabBarTest.ContactTabBar(GeneralTabBarTest.java:12)
	at com.onelogin.tests.GeneralTabBarTest.ContactTabBar(GeneralTabBarTest.java:12)
	at com.onelogin.tests.GeneralTabBarTest.ContactTabBar(GeneralTabBarTest.java:12)
	at com.onelogin.tests.GeneralTabBarTest.ContactTabBar(GeneralTabBarTest.java:12)
	at com.onelogin.tests.GeneralTabBarTest.ContactTabBar(GeneralTabBarTest.java:12)
	at com.onelogin.tests.GeneralTabBarTest.ContactTabBar(GeneralTabBarTest.java:12)
	at com.onelogin.tests.GeneralTabBarTest.ContactTabBar(GeneralTabBarTest.java:12)
	at com.onelogin.tests.GeneralTabBarTest.ContactTabBar(GeneralTabBarTest.java:12)
	at com.onelogin.tests.GeneralTabBarTest.ContactTabBar(GeneralTabBarTest.java:12)
	at com.onelogin.tests.GeneralTabBarTest.ContactTabBar(GeneralTabBarTest.java:12)
	at com.onelogin.tests.GeneralTabBarTest.ContactTabBar(GeneralTabBarTest.java:12)
	at com.onelogin.tests.GeneralTabBarTest.ContactTabBar(GeneralTabBarTest.java:12)
	at com.onelogin.tests.GeneralTabBarTest.ContactTabBar(GeneralTabBarTest.java:12)
	at com.onelogin.tests.GeneralTabBarTest.ContactTabBar(GeneralTabBarTest.java:12)
	at com.onelogin.tests.GeneralTabBarTest.ContactTabBar(GeneralTabBarTest.java:12)
	at com.onelogin.tests.GeneralTabBarTest.ContactTabBar(GeneralTabBarTest.java:12)
	at com.onelogin.tests.GeneralTabBarTest.ContactTabBar(GeneralTabBarTest.java:12)
	at com.onelogin.tests.GeneralTabBarTest.ContactTabBar(GeneralTabBarTest.java:12)
	at com.onelogin.tests.GeneralTabBarTest.ContactTabBar(GeneralTabBarTest.java:12)
	at com.onelogin.tests.GeneralTabBarTest.ContactTabBar(GeneralTabBarTest.java:12)
	at com.onelogin.tests.GeneralTabBarTest.ContactTabBar(GeneralTabBarTest.java:12)
	at com.onelogin.tests.GeneralTabBarTest.ContactTabBar(GeneralTabBarTest.java:12)
	at com.onelogin.tests.GeneralTabBarTest.ContactTabBar(GeneralTabBarTest.java:12)
	at com.onelogin.tests.GeneralTabBarTest.ContactTabBar(GeneralTabBarTest.java:12)
	at com.onelogin.tests.GeneralTabBarTest.ContactTabBar(GeneralTabBarTest.java:12)
	at com.onelogin.tests.GeneralTabBarTest.ContactTabBar(GeneralTabBarTest.java:12)
	at com.onelogin.tests.GeneralTabBarTest.ContactTabBar(GeneralTabBarTest.java:12)
	at com.onelogin.tests.GeneralTabBarTest.ContactTabBar(GeneralTabBarTest.java:12)
	at com.onelogin.tests.GeneralTabBarTest.ContactTabBar(GeneralTabBarTest.java:12)
	at com.onelogin.tests.GeneralTabBarTest.ContactTabBar(GeneralTabBarTest.java:12)
	at com.onelogin.tests.GeneralTabBarTest.ContactTabBar(GeneralTabBarTest.java:12)
	at com.onelogin.tests.GeneralTabBarTest.ContactTabBar(GeneralTabBarTest.java:12)
	at com.onelogin.tests.GeneralTabBarTest.ContactTabBar(GeneralTabBarTest.java:12)
	at com.onelogin.tests.GeneralTabBarTest.ContactTabBar(GeneralTabBarTest.java:12)
	at com.onelogin.tests.GeneralTabBarTest.ContactTabBar(GeneralTabBarTest.java:12)
	at com.onelogin.tests.GeneralTabBarTest.ContactTabBar(GeneralTabBarTest.java:12)
	at com.onelogin.tests.GeneralTabBarTest.ContactTabBar(GeneralTabBarTest.java:12)
	at com.onelogin.tests.GeneralTabBarTest.ContactTabBar(GeneralTabBarTest.java:12)
	at com.onelogin.tests.GeneralTabBarTest.ContactTabBar(GeneralTabBarTest.java:12)
	at com.onelogin.tests.GeneralTabBarTest.ContactTabBar(GeneralTabBarTest.java:12)
	at com.onelogin.tests.GeneralTabBarTest.ContactTabBar(GeneralTabBarTest.java:12)
	at com.onelogin.tests.GeneralTabBarTest.ContactTabBar(GeneralTabBarTest.java:12)
	at com.onelogin.tests.GeneralTabBarTest.ContactTabBar(GeneralTabBarTest.java:12)
	at com.onelogin.tests.GeneralTabBarTest.ContactTabBar(GeneralTabBarTest.java:12)
	at com.onelogin.tests.GeneralTabBarTest.ContactTabBar(GeneralTabBarTest.java:12)
	at com.onelogin.tests.GeneralTabBarTest.ContactTabBar(GeneralTabBarTest.java:12)
	at com.onelogin.tests.GeneralTabBarTest.ContactTabBar(GeneralTabBarTest.java:12)
	at com.onelogin.tests.GeneralTabBarTest.ContactTabBar(GeneralTabBarTest.java:12)
	at com.onelogin.tests.GeneralTabBarTest.ContactTabBar(GeneralTabBarTest.java:12)
	at com.onelogin.tests.GeneralTabBarTest.ContactTabBar(GeneralTabBarTest.java:12)
	at com.onelogin.tests.GeneralTabBarTest.ContactTabBar(GeneralTabBarTest.java:12)
	at com.onelogin.tests.GeneralTabBarTest.ContactTabBar(GeneralTabBarTest.java:12)
	at com.onelogin.tests.GeneralTabBarTest.ContactTabBar(GeneralTabBarTest.java:12)
	at com.onelogin.tests.GeneralTabBarTest.ContactTabBar(GeneralTabBarTest.java:12)
	at com.onelogin.tests.GeneralTabBarTest.ContactTabBar(GeneralTabBarTest.java:12)
	at com.onelogin.tests.GeneralTabBarTest.ContactTabBar(GeneralTabBarTest.java:12)
	at com.onelogin.tests.GeneralTabBarTest.ContactTabBar(GeneralTabBarTest.java:12)
	at com.onelogin.tests.GeneralTabBarTest.ContactTabBar(GeneralTabBarTest.java:12)
	at com.onelogin.tests.GeneralTabBarTest.ContactTabBar(GeneralTabBarTest.java:12)
	at com.onelogin.tests.GeneralTabBarTest.ContactTabBar(GeneralTabBarTest.java:12)
	at com.onelogin.tests.GeneralTabBarTest.ContactTabBar(GeneralTabBarTest.java:12)
	at com.onelogin.tests.GeneralTabBarTest.ContactTabBar(GeneralTabBarTest.java:12)
	at com.onelogin.tests.GeneralTabBarTest.ContactTabBar(GeneralTabBarTest.java:12)
	at com.onelogin.tests.GeneralTabBarTest.ContactTabBar(GeneralTabBarTest.java:12)
	at com.onelogin.tests.GeneralTabBarTest.ContactTabBar(GeneralTabBarTest.java:12)
	at com.onelogin.tests.GeneralTabBarTest.ContactTabBar(GeneralTabBarTest.java:12)
	at com.onelogin.tests.GeneralTabBarTest.ContactTabBar(GeneralTabBarTest.java:12)
	at com.onelogin.tests.GeneralTabBarTest.ContactTabBar(GeneralTabBarTest.java:12)
	at com.onelogin.tests.GeneralTabBarTest.ContactTabBar(GeneralTabBarTest.java:12)
	at com.onelogin.tests.GeneralTabBarTest.ContactTabBar(GeneralTabBarTest.java:12)
	at com.onelogin.tests.GeneralTabBarTest.ContactTabBar(GeneralTabBarTest.java:12)
	at com.onelogin.tests.GeneralTabBarTest.ContactTabBar(GeneralTabBarTest.java:12)
	at com.onelogin.tests.GeneralTabBarTest.ContactTabBar(GeneralTabBarTest.java:12)
	at com.onelogin.tests.GeneralTabBarTest.ContactTabBar(GeneralTabBarTest.java:12)
	at com.onelogin.tests.GeneralTabBarTest.ContactTabBar(GeneralTabBarTest.java:12)
	at com.onelogin.tests.GeneralTabBarTest.ContactTabBar(GeneralTabBarTest.java:12)
	at com.onelogin.tests.GeneralTabBarTest.ContactTabBar(GeneralTabBarTest.java:12)
	at com.onelogin.tests.GeneralTabBarTest.ContactTabBar(GeneralTabBarTest.java:12)
	at com.onelogin.tests.GeneralTabBarTest.ContactTabBar(GeneralTabBarTest.java:12)
	at com.onelogin.tests.GeneralTabBarTest.ContactTabBar(GeneralTabBarTest.java:12)
	at com.onelogin.tests.GeneralTabBarTest.ContactTabBar(GeneralTabBarTest.java:12)
	at com.onelogin.tests.GeneralTabBarTest.ContactTabBar(GeneralTabBarTest.java:12)
	at com.onelogin.tests.GeneralTabBarTest.ContactTabBar(GeneralTabBarTest.java:12)
	at com.onelogin.tests.GeneralTabBarTest.ContactTabBar(GeneralTabBarTest.java:12)
	at com.onelogin.tests.GeneralTabBarTest.ContactTabBar(GeneralTabBarTest.java:12)
	at com.onelogin.tests.GeneralTabBarTest.ContactTabBar(GeneralTabBarTest.java:12)
	at com.onelogin.tests.GeneralTabBarTest.ContactTabBar(GeneralTabBarTest.java:12)
	at com.onelogin.tests.GeneralTabBarTest.ContactTabBar(GeneralTabBarTest.java:12)
	at com.onelogin.tests.GeneralTabBarTest.ContactTabBar(GeneralTabBarTest.java:12)
	at com.onelogin.tests.GeneralTabBarTest.ContactTabBar(GeneralTabBarTest.java:12)
	at com.onelogin.tests.GeneralTabBarTest.ContactTabBar(GeneralTabBarTest.java:12)
	at com.onelogin.tests.GeneralTabBarTest.ContactTabBar(GeneralTabBarTest.java:12)
	at com.onelogin.tests.GeneralTabBarTest.ContactTabBar(GeneralTabBarTest.java:12)
	at com.onelogin.tests.GeneralTabBarTest.ContactTabBar(GeneralTabBarTest.java:12)
	at com.onelogin.tests.GeneralTabBarTest.ContactTabBar(GeneralTabBarTest.java:12)
	at com.onelogin.tests.GeneralTabBarTest.ContactTabBar(GeneralTabBarTest.java:12)
	at com.onelogin.tests.GeneralTabBarTest.ContactTabBar(GeneralTabBarTest.java:12)
	at com.onelogin.tests.GeneralTabBarTest.ContactTabBar(GeneralTabBarTest.java:12)
	at com.onelogin.tests.GeneralTabBarTest.ContactTabBar(GeneralTabBarTest.java:12)
	at com.onelogin.tests.GeneralTabBarTest.ContactTabBar(GeneralTabBarTest.java:12)
	at com.onelogin.tests.GeneralTabBarTest.ContactTabBar(GeneralTabBarTest.java:12)
	at com.onelogin.tests.GeneralTabBarTest.ContactTabBar(GeneralTabBarTest.java:12)
	at com.onelogin.tests.GeneralTabBarTest.ContactTabBar(GeneralTabBarTest.java:12)
	at com.onelogin.tests.GeneralTabBarTest.ContactTabBar(GeneralTabBarTest.java:12)
	at com.onelogin.tests.GeneralTabBarTest.ContactTabBar(GeneralTabBarTest.java:12)
	at com.onelogin.tests.GeneralTabBarTest.ContactTabBar(GeneralTabBarTest.java:12)
	at com.onelogin.tests.GeneralTabBarTest.ContactTabBar(GeneralTabBarTest.java:12)
	at com.onelogin.tests.GeneralTabBarTest.ContactTabBar(GeneralTabBarTest.java:12)
	at com.onelogin.tests.GeneralTabBarTest.ContactTabBar(GeneralTabBarTest.java:12)
	at com.onelogin.tests.GeneralTabBarTest.ContactTabBar(GeneralTabBarTest.java:12)
	at com.onelogin.tests.GeneralTabBarTest.ContactTabBar(GeneralTabBarTest.java:12)
	at com.onelogin.tests.GeneralTabBarTest.ContactTabBar(GeneralTabBarTest.java:12)
	at com.onelogin.tests.GeneralTabBarTest.ContactTabBar(GeneralTabBarTest.java:12)
	at com.onelogin.tests.GeneralTabBarTest.ContactTabBar(GeneralTabBarTest.java:12)
	at com.onelogin.tests.GeneralTabBarTest.ContactTabBar(GeneralTabBarTest.java:12)
	at com.onelogin.tests.GeneralTabBarTest.ContactTabBar(GeneralTabBarTest.java:12)
	at com.onelogin.tests.GeneralTabBarTest.ContactTabBar(GeneralTabBarTest.java:12)
	at com.onelogin.tests.GeneralTabBarTest.ContactTabBar(GeneralTabBarTest.java:12)
	at com.onelogin.tests.GeneralTabBarTest.ContactTabBar(GeneralTabBarTest.java:12)
	at com.onelogin.tests.GeneralTabBarTest.ContactTabBar(GeneralTabBarTest.java:12)
	at com.onelogin.tests.GeneralTabBarTest.ContactTabBar(GeneralTabBarTest.java:12)
	at com.onelogin.tests.GeneralTabBarTest.ContactTabBar(GeneralTabBarTest.java:12)
	at com.onelogin.tests.GeneralTabBarTest.ContactTabBar(GeneralTabBarTest.java:12)
	at com.onelogin.tests.GeneralTabBarTest.ContactTabBar(GeneralTabBarTest.java:12)
	at com.onelogin.tests.GeneralTabBarTest.ContactTabBar(GeneralTabBarTest.java:12)
	at com.onelogin.tests.GeneralTabBarTest.ContactTabBar(GeneralTabBarTest.java:12)
	at com.onelogin.tests.GeneralTabBarTest.ContactTabBar(GeneralTabBarTest.java:12)
	at com.onelogin.tests.GeneralTabBarTest.ContactTabBar(GeneralTabBarTest.java:12)
	at com.onelogin.tests.GeneralTabBarTest.ContactTabBar(GeneralTabBarTest.java:12)
	at com.onelogin.tests.GeneralTabBarTest.ContactTabBar(GeneralTabBarTest.java:12)
	at com.onelogin.tests.GeneralTabBarTest.ContactTabBar(GeneralTabBarTest.java:12)
	at com.onelogin.tests.GeneralTabBarTest.ContactTabBar(GeneralTabBarTest.java:12)
	at com.onelogin.tests.GeneralTabBarTest.ContactTabBar(GeneralTabBarTest.java:12)
	at com.onelogin.tests.GeneralTabBarTest.ContactTabBar(GeneralTabBarTest.java:12)
	at com.onelogin.tests.GeneralTabBarTest.ContactTabBar(GeneralTabBarTest.java:12)
	at com.onelogin.tests.GeneralTabBarTest.ContactTabBar(GeneralTabBarTest.java:12)
	at com.onelogin.tests.GeneralTabBarTest.ContactTabBar(GeneralTabBarTest.java:12)
	at com.onelogin.tests.GeneralTabBarTest.ContactTabBar(GeneralTabBarTest.java:12)
	at com.onelogin.tests.GeneralTabBarTest.ContactTabBar(GeneralTabBarTest.java:12)
	at com.onelogin.tests.GeneralTabBarTest.ContactTabBar(GeneralTabBarTest.java:12)
	at com.onelogin.tests.GeneralTabBarTest.ContactTabBar(GeneralTabBarTest.java:12)
	at com.onelogin.tests.GeneralTabBarTest.ContactTabBar(GeneralTabBarTest.java:12)
	at com.onelogin.tests.GeneralTabBarTest.ContactTabBar(GeneralTabBarTest.java:12)
	at com.onelogin.tests.GeneralTabBarTest.ContactTabBar(GeneralTabBarTest.java:12)
	at com.onelogin.tests.GeneralTabBarTest.ContactTabBar(GeneralTabBarTest.java:12)
	at com.onelogin.tests.GeneralTabBarTest.ContactTabBar(GeneralTabBarTest.java:12)
	at com.onelogin.tests.GeneralTabBarTest.ContactTabBar(GeneralTabBarTest.java:12)
	at com.onelogin.tests.GeneralTabBarTest.ContactTabBar(GeneralTabBarTest.java:12)
	at com.onelogin.tests.GeneralTabBarTest.ContactTabBar(GeneralTabBarTest.java:12)
	at com.onelogin.tests.GeneralTabBarTest.ContactTabBar(GeneralTabBarTest.java:12)
	at com.onelogin.tests.GeneralTabBarTest.ContactTabBar(GeneralTabBarTest.java:12)
	at com.onelogin.tests.GeneralTabBarTest.ContactTabBar(GeneralTabBarTest.java:12)
	at com.onelogin.tests.GeneralTabBarTest.ContactTabBar(GeneralTabBarTest.java:12)
	at com.onelogin.tests.GeneralTabBarTest.ContactTabBar(GeneralTabBarTest.java:12)
	at com.onelogin.tests.GeneralTabBarTest.ContactTabBar(GeneralTabBarTest.java:12)
	at com.onelogin.tests.GeneralTabBarTest.ContactTabBar(GeneralTabBarTest.java:12)
	at com.onelogin.tests.GeneralTabBarTest.ContactTabBar(GeneralTabBarTest.java:12)
	at com.onelogin.tests.GeneralTabBarTest.ContactTabBar(GeneralTabBarTest.java:12)
	at com.onelogin.tests.GeneralTabBarTest.ContactTabBar(GeneralTabBarTest.java:12)
	at com.onelogin.tests.GeneralTabBarTest.ContactTabBar(GeneralTabBarTest.java:12)
	at com.onelogin.tests.GeneralTabBarTest.ContactTabBar(GeneralTabBarTest.java:12)
	at com.onelogin.tests.GeneralTabBarTest.ContactTabBar(GeneralTabBarTest.java:12)
	at com.onelogin.tests.GeneralTabBarTest.ContactTabBar(GeneralTabBarTest.java:12)
	at com.onelogin.tests.GeneralTabBarTest.ContactTabBar(GeneralTabBarTest.java:12)
	at com.onelogin.tests.GeneralTabBarTest.ContactTabBar(GeneralTabBarTest.java:12)
	at com.onelogin.tests.GeneralTabBarTest.ContactTabBar(GeneralTabBarTest.java:12)
	at com.onelogin.tests.GeneralTabBarTest.ContactTabBar(GeneralTabBarTest.java:12)
	at com.onelogin.tests.GeneralTabBarTest.ContactTabBar(GeneralTabBarTest.java:12)
	at com.onelogin.tests.GeneralTabBarTest.ContactTabBar(GeneralTabBarTest.java:12)
	at com.onelogin.tests.GeneralTabBarTest.ContactTabBar(GeneralTabBarTest.java:12)
	at com.onelogin.tests.GeneralTabBarTest.ContactTabBar(GeneralTabBarTest.java:12)
	at com.onelogin.tests.GeneralTabBarTest.ContactTabBar(GeneralTabBarTest.java:12)
	at com.onelogin.tests.GeneralTabBarTest.ContactTabBar(GeneralTabBarTest.java:12)
	at com.onelogin.tests.GeneralTabBarTest.ContactTabBar(GeneralTabBarTest.java:12)
	at com.onelogin.tests.GeneralTabBarTest.ContactTabBar(GeneralTabBarTest.java:12)
	at com.onelogin.tests.GeneralTabBarTest.ContactTabBar(GeneralTabBarTest.java:12)
	at com.onelogin.tests.GeneralTabBarTest.ContactTabBar(GeneralTabBarTest.java:12)
	at com.onelogin.tests.GeneralTabBarTest.ContactTabBar(GeneralTabBarTest.java:12)
	at com.onelogin.tests.GeneralTabBarTest.ContactTabBar(GeneralTabBarTest.java:12)
	at com.onelogin.tests.GeneralTabBarTest.ContactTabBar(GeneralTabBarTest.java:12)
	at com.onelogin.tests.GeneralTabBarTest.ContactTabBar(GeneralTabBarTest.java:12)
	at com.onelogin.tests.GeneralTabBarTest.ContactTabBar(GeneralTabBarTest.java:12)
	at com.onelogin.tests.GeneralTabBarTest.ContactTabBar(GeneralTabBarTest.java:12)
	at com.onelogin.tests.GeneralTabBarTest.ContactTabBar(GeneralTabBarTest.java:12)
	at com.onelogin.tests.GeneralTabBarTest.ContactTabBar(GeneralTabBarTest.java:12)
	at com.onelogin.tests.GeneralTabBarTest.ContactTabBar(GeneralTabBarTest.java:12)
	at com.onelogin.tests.GeneralTabBarTest.ContactTabBar(GeneralTabBarTest.java:12)
	at com.onelogin.tests.GeneralTabBarTest.ContactTabBar(GeneralTabBarTest.java:12)
	at com.onelogin.tests.GeneralTabBarTest.ContactTabBar(GeneralTabBarTest.java:12)
	at com.onelogin.tests.GeneralTabBarTest.ContactTabBar(GeneralTabBarTest.java:12)
	at com.onelogin.tests.GeneralTabBarTest.ContactTabBar(GeneralTabBarTest.java:12)
	at com.onelogin.tests.GeneralTabBarTest.ContactTabBar(GeneralTabBarTest.java:12)
	at com.onelogin.tests.GeneralTabBarTest.ContactTabBar(GeneralTabBarTest.java:12)
	at com.onelogin.tests.GeneralTabBarTest.ContactTabBar(GeneralTabBarTest.java:12)
	at com.onelogin.tests.GeneralTabBarTest.ContactTabBar(GeneralTabBarTest.java:12)
	at com.onelogin.tests.GeneralTabBarTest.ContactTabBar(GeneralTabBarTest.java:12)
	at com.onelogin.tests.GeneralTabBarTest.ContactTabBar(GeneralTabBarTest.java:12)
	at com.onelogin.tests.GeneralTabBarTest.ContactTabBar(GeneralTabBarTest.java:12)
	at com.onelogin.tests.GeneralTabBarTest.ContactTabBar(GeneralTabBarTest.java:12)
	at com.onelogin.tests.GeneralTabBarTest.ContactTabBar(GeneralTabBarTest.java:12)
	at com.onelogin.tests.GeneralTabBarTest.ContactTabBar(GeneralTabBarTest.java:12)
	at com.onelogin.tests.GeneralTabBarTest.ContactTabBar(GeneralTabBarTest.java:12)
	at com.onelogin.tests.GeneralTabBarTest.ContactTabBar(GeneralTabBarTest.java:12)
	at com.onelogin.tests.GeneralTabBarTest.ContactTabBar(GeneralTabBarTest.java:12)
	at com.onelogin.tests.GeneralTabBarTest.ContactTabBar(GeneralTabBarTest.java:12)
	at com.onelogin.tests.GeneralTabBarTest.ContactTabBar(GeneralTabBarTest.java:12)
	at com.onelogin.tests.GeneralTabBarTest.ContactTabBar(GeneralTabBarTest.java:12)
	at com.onelogin.tests.GeneralTabBarTest.ContactTabBar(GeneralTabBarTest.java:12)
	at com.onelogin.tests.GeneralTabBarTest.ContactTabBar(GeneralTabBarTest.java:12)
	at com.onelogin.tests.GeneralTabBarTest.ContactTabBar(GeneralTabBarTest.java:12)
	at com.onelogin.tests.GeneralTabBarTest.ContactTabBar(GeneralTabBarTest.java:12)
	at com.onelogin.tests.GeneralTabBarTest.ContactTabBar(GeneralTabBarTest.java:12)
	at com.onelogin.tests.GeneralTabBarTest.ContactTabBar(GeneralTabBarTest.java:12)
	at com.onelogin.tests.GeneralTabBarTest.ContactTabBar(GeneralTabBarTest.java:12)
	at com.onelogin.tests.GeneralTabBarTest.ContactTabBar(GeneralTabBarTest.java:12)
	at com.onelogin.tests.GeneralTabBarTest.ContactTabBar(GeneralTabBarTest.java:12)
	at com.onelogin.tests.GeneralTabBarTest.ContactTabBar(GeneralTabBarTest.java:12)
	at com.onelogin.tests.GeneralTabBarTest.ContactTabBar(GeneralTabBarTest.java:12)
	at com.onelogin.tests.GeneralTabBarTest.ContactTabBar(GeneralTabBarTest.java:12)
	at com.onelogin.tests.GeneralTabBarTest.ContactTabBar(GeneralTabBarTest.java:12)
	at com.onelogin.tests.GeneralTabBarTest.ContactTabBar(GeneralTabBarTest.java:12)
	at com.onelogin.tests.GeneralTabBarTest.ContactTabBar(GeneralTabBarTest.java:12)
	at com.onelogin.tests.GeneralTabBarTest.ContactTabBar(GeneralTabBarTest.java:12)
	at com.onelogin.tests.GeneralTabBarTest.ContactTabBar(GeneralTabBarTest.java:12)
	at com.onelogin.tests.GeneralTabBarTest.ContactTabBar(GeneralTabBarTest.java:12)
	at com.onelogin.tests.GeneralTabBarTest.ContactTabBar(GeneralTabBarTest.java:12)
	at com.onelogin.tests.GeneralTabBarTest.ContactTabBar(GeneralTabBarTest.java:12)
	at com.onelogin.tests.GeneralTabBarTest.ContactTabBar(GeneralTabBarTest.java:12)
	at com.onelogin.tests.GeneralTabBarTest.ContactTabBar(GeneralTabBarTest.java:12)
	at com.onelogin.tests.GeneralTabBarTest.ContactTabBar(GeneralTabBarTest.java:12)
	at com.onelogin.tests.GeneralTabBarTest.ContactTabBar(GeneralTabBarTest.java:12)
	at com.onelogin.tests.GeneralTabBarTest.ContactTabBar(GeneralTabBarTest.java:12)
	at com.onelogin.tests.GeneralTabBarTest.ContactTabBar(GeneralTabBarTest.java:12)
	at com.onelogin.tests.GeneralTabBarTest.ContactTabBar(GeneralTabBarTest.java:12)
	at com.onelogin.tests.GeneralTabBarTest.ContactTabBar(GeneralTabBarTest.java:12)
	at com.onelogin.tests.GeneralTabBarTest.ContactTabBar(GeneralTabBarTest.java:12)
	at com.onelogin.tests.GeneralTabBarTest.ContactTabBar(GeneralTabBarTest.java:12)
	at com.onelogin.tests.GeneralTabBarTest.ContactTabBar(GeneralTabBarTest.java:12)
	at com.onelogin.tests.GeneralTabBarTest.ContactTabBar(GeneralTabBarTest.java:12)
	at com.onelogin.tests.GeneralTabBarTest.ContactTabBar(GeneralTabBarTest.java:12)
	at com.onelogin.tests.GeneralTabBarTest.ContactTabBar(GeneralTabBarTest.java:12)
	at com.onelogin.tests.GeneralTabBarTest.ContactTabBar(GeneralTabBarTest.java:12)
	at com.onelogin.tests.GeneralTabBarTest.ContactTabBar(GeneralTabBarTest.java:12)
	at com.onelogin.tests.GeneralTabBarTest.ContactTabBar(GeneralTabBarTest.java:12)
	at com.onelogin.tests.GeneralTabBarTest.ContactTabBar(GeneralTabBarTest.java:12)
	at com.onelogin.tests.GeneralTabBarTest.ContactTabBar(GeneralTabBarTest.java:12)
	at com.onelogin.tests.GeneralTabBarTest.ContactTabBar(GeneralTabBarTest.java:12)
	at com.onelogin.tests.GeneralTabBarTest.ContactTabBar(GeneralTabBarTest.java:12)
	at com.onelogin.tests.GeneralTabBarTest.ContactTabBar(GeneralTabBarTest.java:12)
	at com.onelogin.tests.GeneralTabBarTest.ContactTabBar(GeneralTabBarTest.java:12)
	at com.onelogin.tests.GeneralTabBarTest.ContactTabBar(GeneralTabBarTest.java:12)
	at com.onelogin.tests.GeneralTabBarTest.ContactTabBar(GeneralTabBarTest.java:12)
	at com.onelogin.tests.GeneralTabBarTest.ContactTabBar(GeneralTabBarTest.java:12)
	at com.onelogin.tests.GeneralTabBarTest.ContactTabBar(GeneralTabBarTest.java:12)
	at com.onelogin.tests.GeneralTabBarTest.ContactTabBar(GeneralTabBarTest.java:12)
	at com.onelogin.tests.GeneralTabBarTest.ContactTabBar(GeneralTabBarTest.java:12)
	at com.onelogin.tests.GeneralTabBarTest.ContactTabBar(GeneralTabBarTest.java:12)
	at com.onelogin.tests.GeneralTabBarTest.ContactTabBar(GeneralTabBarTest.java:12)
	at com.onelogin.tests.GeneralTabBarTest.ContactTabBar(GeneralTabBarTest.java:12)
	at com.onelogin.tests.GeneralTabBarTest.ContactTabBar(GeneralTabBarTest.java:12)
	at com.onelogin.tests.GeneralTabBarTest.ContactTabBar(GeneralTabBarTest.java:12)
	at com.onelogin.tests.GeneralTabBarTest.ContactTabBar(GeneralTabBarTest.java:12)
	at com.onelogin.tests.GeneralTabBarTest.ContactTabBar(GeneralTabBarTest.java:12)
	at com.onelogin.tests.GeneralTabBarTest.ContactTabBar(GeneralTabBarTest.java:12)
	at com.onelogin.tests.GeneralTabBarTest.ContactTabBar(GeneralTabBarTest.java:12)
	at com.onelogin.tests.GeneralTabBarTest.ContactTabBar(GeneralTabBarTest.java:12)
	at com.onelogin.tests.GeneralTabBarTest.ContactTabBar(GeneralTabBarTest.java:12)
	at com.onelogin.tests.GeneralTabBarTest.ContactTabBar(GeneralTabBarTest.java:12)
	at com.onelogin.tests.GeneralTabBarTest.ContactTabBar(GeneralTabBarTest.java:12)
	at com.onelogin.tests.GeneralTabBarTest.ContactTabBar(GeneralTabBarTest.java:12)
	at com.onelogin.tests.GeneralTabBarTest.ContactTabBar(GeneralTabBarTest.java:12)
	at com.onelogin.tests.GeneralTabBarTest.ContactTabBar(GeneralTabBarTest.java:12)
	at com.onelogin.tests.GeneralTabBarTest.ContactTabBar(GeneralTabBarTest.java:12)
	at com.onelogin.tests.GeneralTabBarTest.ContactTabBar(GeneralTabBarTest.java:12)
	at com.onelogin.tests.GeneralTabBarTest.ContactTabBar(GeneralTabBarTest.java:12)
	at com.onelogin.tests.GeneralTabBarTest.ContactTabBar(GeneralTabBarTest.java:12)
	at com.onelogin.tests.GeneralTabBarTest.ContactTabBar(GeneralTabBarTest.java:12)
	at com.onelogin.tests.GeneralTabBarTest.ContactTabBar(GeneralTabBarTest.java:12)
	at com.onelogin.tests.GeneralTabBarTest.ContactTabBar(GeneralTabBarTest.java:12)
	at com.onelogin.tests.GeneralTabBarTest.ContactTabBar(GeneralTabBarTest.java:12)
	at com.onelogin.tests.GeneralTabBarTest.ContactTabBar(GeneralTabBarTest.java:12)
	at com.onelogin.tests.GeneralTabBarTest.ContactTabBar(GeneralTabBarTest.java:12)
	at com.onelogin.tests.GeneralTabBarTest.ContactTabBar(GeneralTabBarTest.java:12)
	at com.onelogin.tests.GeneralTabBarTest.ContactTabBar(GeneralTabBarTest.java:12)
	at com.onelogin.tests.GeneralTabBarTest.ContactTabBar(GeneralTabBarTest.java:12)
	at com.onelogin.tests.GeneralTabBarTest.ContactTabBar(GeneralTabBarTest.java:12)
	at com.onelogin.tests.GeneralTabBarTest.ContactTabBar(GeneralTabBarTest.java:12)
	at com.onelogin.tests.GeneralTabBarTest.ContactTabBar(GeneralTabBarTest.java:12)
	at com.onelogin.tests.GeneralTabBarTest.ContactTabBar(GeneralTabBarTest.java:12)
	at com.onelogin.tests.GeneralTabBarTest.ContactTabBar(GeneralTabBarTest.java:12)
	at com.onelogin.tests.GeneralTabBarTest.ContactTabBar(GeneralTabBarTest.java:12)
	at com.onelogin.tests.GeneralTabBarTest.ContactTabBar(GeneralTabBarTest.java:12)
	at com.onelogin.tests.GeneralTabBarTest.ContactTabBar(GeneralTabBarTest.java:12)
	at com.onelogin.tests.GeneralTabBarTest.ContactTabBar(GeneralTabBarTest.java:12)
	at com.onelogin.tests.GeneralTabBarTest.ContactTabBar(GeneralTabBarTest.java:12)
	at com.onelogin.tests.GeneralTabBarTest.ContactTabBar(GeneralTabBarTest.java:12)
	at com.onelogin.tests.GeneralTabBarTest.ContactTabBar(GeneralTabBarTest.java:12)
	at com.onelogin.tests.GeneralTabBarTest.ContactTabBar(GeneralTabBarTest.java:12)
	at com.onelogin.tests.GeneralTabBarTest.ContactTabBar(GeneralTabBarTest.java:12)
	at com.onelogin.tests.GeneralTabBarTest.ContactTabBar(GeneralTabBarTest.java:12)
	at com.onelogin.tests.GeneralTabBarTest.ContactTabBar(GeneralTabBarTest.java:12)
	at com.onelogin.tests.GeneralTabBarTest.ContactTabBar(GeneralTabBarTest.java:12)
	at com.onelogin.tests.GeneralTabBarTest.ContactTabBar(GeneralTabBarTest.java:12)
	at com.onelogin.tests.GeneralTabBarTest.ContactTabBar(GeneralTabBarTest.java:12)
	at com.onelogin.tests.GeneralTabBarTest.ContactTabBar(GeneralTabBarTest.java:12)
	at com.onelogin.tests.GeneralTabBarTest.ContactTabBar(GeneralTabBarTest.java:12)
	at com.onelogin.tests.GeneralTabBarTest.ContactTabBar(GeneralTabBarTest.java:12)
	at com.onelogin.tests.GeneralTabBarTest.ContactTabBar(GeneralTabBarTest.java:12)
	at com.onelogin.tests.GeneralTabBarTest.ContactTabBar(GeneralTabBarTest.java:12)
	at com.onelogin.tests.GeneralTabBarTest.ContactTabBar(GeneralTabBarTest.java:12)
	at com.onelogin.tests.GeneralTabBarTest.ContactTabBar(GeneralTabBarTest.java:12)
	at com.onelogin.tests.GeneralTabBarTest.ContactTabBar(GeneralTabBarTest.java:12)
	at com.onelogin.tests.GeneralTabBarTest.ContactTabBar(GeneralTabBarTest.java:12)
	at com.onelogin.tests.GeneralTabBarTest.ContactTabBar(GeneralTabBarTest.java:12)
	at com.onelogin.tests.GeneralTabBarTest.ContactTabBar(GeneralTabBarTest.java:12)
	at com.onelogin.tests.GeneralTabBarTest.ContactTabBar(GeneralTabBarTest.java:12)
	at com.onelogin.tests.GeneralTabBarTest.ContactTabBar(GeneralTabBarTest.java:12)
	at com.onelogin.tests.GeneralTabBarTest.ContactTabBar(GeneralTabBarTest.java:12)
	at com.onelogin.tests.GeneralTabBarTest.ContactTabBar(GeneralTabBarTest.java:12)
	at com.onelogin.tests.GeneralTabBarTest.ContactTabBar(GeneralTabBarTest.java:12)
	at com.onelogin.tests.GeneralTabBarTest.ContactTabBar(GeneralTabBarTest.java:12)
	at com.onelogin.tests.GeneralTabBarTest.ContactTabBar(GeneralTabBarTest.java:12)
	at com.onelogin.tests.GeneralTabBarTest.ContactTabBar(GeneralTabBarTest.java:12)
	at com.onelogin.tests.GeneralTabBarTest.ContactTabBar(GeneralTabBarTest.java:12)
	at com.onelogin.tests.GeneralTabBarTest.ContactTabBar(GeneralTabBarTest.java:12)
	at com.onelogin.tests.GeneralTabBarTest.ContactTabBar(GeneralTabBarTest.java:12)
	at com.onelogin.tests.GeneralTabBarTest.ContactTabBar(GeneralTabBarTest.java:12)
	at com.onelogin.tests.GeneralTabBarTest.ContactTabBar(GeneralTabBarTest.java:12)
	at com.onelogin.tests.GeneralTabBarTest.ContactTabBar(GeneralTabBarTest.java:12)
	at com.onelogin.tests.GeneralTabBarTest.ContactTabBar(GeneralTabBarTest.java:12)
	at com.onelogin.tests.GeneralTabBarTest.ContactTabBar(GeneralTabBarTest.java:12)
	at com.onelogin.tests.GeneralTabBarTest.ContactTabBar(GeneralTabBarTest.java:12)
	at com.onelogin.tests.GeneralTabBarTest.ContactTabBar(GeneralTabBarTest.java:12)
	at com.onelogin.tests.GeneralTabBarTest.ContactTabBar(GeneralTabBarTest.java:12)
	at com.onelogin.tests.GeneralTabBarTest.ContactTabBar(GeneralTabBarTest.java:12)
	at com.onelogin.tests.GeneralTabBarTest.ContactTabBar(GeneralTabBarTest.java:12)
	at com.onelogin.tests.GeneralTabBarTest.ContactTabBar(GeneralTabBarTest.java:12)
	at com.onelogin.tests.GeneralTabBarTest.ContactTabBar(GeneralTabBarTest.java:12)
	at com.onelogin.tests.GeneralTabBarTest.ContactTabBar(GeneralTabBarTest.java:12)
	at com.onelogin.tests.GeneralTabBarTest.ContactTabBar(GeneralTabBarTest.java:12)
	at com.onelogin.tests.GeneralTabBarTest.ContactTabBar(GeneralTabBarTest.java:12)
	at com.onelogin.tests.GeneralTabBarTest.ContactTabBar(GeneralTabBarTest.java:12)
	at com.onelogin.tests.GeneralTabBarTest.ContactTabBar(GeneralTabBarTest.java:12)
	at com.onelogin.tests.GeneralTabBarTest.ContactTabBar(GeneralTabBarTest.java:12)
	at com.onelogin.tests.GeneralTabBarTest.ContactTabBar(GeneralTabBarTest.java:12)
	at com.onelogin.tests.GeneralTabBarTest.ContactTabBar(GeneralTabBarTest.java:12)
	at com.onelogin.tests.GeneralTabBarTest.ContactTabBar(GeneralTabBarTest.java:12)
	at com.onelogin.tests.GeneralTabBarTest.ContactTabBar(GeneralTabBarTest.java:12)
	at com.onelogin.tests.GeneralTabBarTest.ContactTabBar(GeneralTabBarTest.java:12)
	at com.onelogin.tests.GeneralTabBarTest.ContactTabBar(GeneralTabBarTest.java:12)
	at com.onelogin.tests.GeneralTabBarTest.ContactTabBar(GeneralTabBarTest.java:12)
	at com.onelogin.tests.GeneralTabBarTest.ContactTabBar(GeneralTabBarTest.java:12)
	at com.onelogin.tests.GeneralTabBarTest.ContactTabBar(GeneralTabBarTest.java:12)
	at com.onelogin.tests.GeneralTabBarTest.ContactTabBar(GeneralTabBarTest.java:12)
	at com.onelogin.tests.GeneralTabBarTest.ContactTabBar(GeneralTabBarTest.java:12)
	at com.onelogin.tests.GeneralTabBarTest.ContactTabBar(GeneralTabBarTest.java:12)
	at com.onelogin.tests.GeneralTabBarTest.ContactTabBar(GeneralTabBarTest.java:12)
	at com.onelogin.tests.GeneralTabBarTest.ContactTabBar(GeneralTabBarTest.java:12)
	at com.onelogin.tests.GeneralTabBarTest.ContactTabBar(GeneralTabBarTest.java:12)
	at com.onelogin.tests.GeneralTabBarTest.ContactTabBar(GeneralTabBarTest.java:12)
	at com.onelogin.tests.GeneralTabBarTest.ContactTabBar(GeneralTabBarTest.java:12)
	at com.onelogin.tests.GeneralTabBarTest.ContactTabBar(GeneralTabBarTest.java:12)
	at com.onelogin.tests.GeneralTabBarTest.ContactTabBar(GeneralTabBarTest.java:12)
	at com.onelogin.tests.GeneralTabBarTest.ContactTabBar(GeneralTabBarTest.java:12)
	at com.onelogin.tests.GeneralTabBarTest.ContactTabBar(GeneralTabBarTest.java:12)
	at com.onelogin.tests.GeneralTabBarTest.ContactTabBar(GeneralTabBarTest.java:12)
	at com.onelogin.tests.GeneralTabBarTest.ContactTabBar(GeneralTabBarTest.java:12)
	at com.onelogin.tests.GeneralTabBarTest.ContactTabBar(GeneralTabBarTest.java:12)
	at com.onelogin.tests.GeneralTabBarTest.ContactTabBar(GeneralTabBarTest.java:12)
	at com.onelogin.tests.GeneralTabBarTest.ContactTabBar(GeneralTabBarTest.java:12)
	at com.onelogin.tests.GeneralTabBarTest.ContactTabBar(GeneralTabBarTest.java:12)
	at com.onelogin.tests.GeneralTabBarTest.ContactTabBar(GeneralTabBarTest.java:12)
	at com.onelogin.tests.GeneralTabBarTest.ContactTabBar(GeneralTabBarTest.java:12)
	at com.onelogin.tests.GeneralTabBarTest.ContactTabBar(GeneralTabBarTest.java:12)
	at com.onelogin.tests.GeneralTabBarTest.ContactTabBar(GeneralTabBarTest.java:12)
	at com.onelogin.tests.GeneralTabBarTest.ContactTabBar(GeneralTabBarTest.java:12)
	at com.onelogin.tests.GeneralTabBarTest.ContactTabBar(GeneralTabBarTest.java:12)
	at com.onelogin.tests.GeneralTabBarTest.ContactTabBar(GeneralTabBarTest.java:12)
	at com.onelogin.tests.GeneralTabBarTest.ContactTabBar(GeneralTabBarTest.java:12)
	at com.onelogin.tests.GeneralTabBarTest.ContactTabBar(GeneralTabBarTest.java:12)
	at com.onelogin.tests.GeneralTabBarTest.ContactTabBar(GeneralTabBarTest.java:12)
	at com.onelogin.tests.GeneralTabBarTest.ContactTabBar(GeneralTabBarTest.java:12)
	at com.onelogin.tests.GeneralTabBarTest.ContactTabBar(GeneralTabBarTest.java:12)
	at com.onelogin.tests.GeneralTabBarTest.ContactTabBar(GeneralTabBarTest.java:12)
	at com.onelogin.tests.GeneralTabBarTest.ContactTabBar(GeneralTabBarTest.java:12)
	at com.onelogin.tests.GeneralTabBarTest.ContactTabBar(GeneralTabBarTest.java:12)
	at com.onelogin.tests.GeneralTabBarTest.ContactTabBar(GeneralTabBarTest.java:12)
	at com.onelogin.tests.GeneralTabBarTest.ContactTabBar(GeneralTabBarTest.java:12)
	at com.onelogin.tests.GeneralTabBarTest.ContactTabBar(GeneralTabBarTest.java:12)
	at com.onelogin.tests.GeneralTabBarTest.ContactTabBar(GeneralTabBarTest.java:12)
	at com.onelogin.tests.GeneralTabBarTest.ContactTabBar(GeneralTabBarTest.java:12)
	at com.onelogin.tests.GeneralTabBarTest.ContactTabBar(GeneralTabBarTest.java:12)
	at com.onelogin.tests.GeneralTabBarTest.ContactTabBar(GeneralTabBarTest.java:12)
	at com.onelogin.tests.GeneralTabBarTest.ContactTabBar(GeneralTabBarTest.java:12)
	at com.onelogin.tests.GeneralTabBarTest.ContactTabBar(GeneralTabBarTest.java:12)
	at com.onelogin.tests.GeneralTabBarTest.ContactTabBar(GeneralTabBarTest.java:12)
	at com.onelogin.tests.GeneralTabBarTest.ContactTabBar(GeneralTabBarTest.java:12)
	at com.onelogin.tests.GeneralTabBarTest.ContactTabBar(GeneralTabBarTest.java:12)
	at com.onelogin.tests.GeneralTabBarTest.ContactTabBar(GeneralTabBarTest.java:12)
	at com.onelogin.tests.GeneralTabBarTest.ContactTabBar(GeneralTabBarTest.java:12)
	at com.onelogin.tests.GeneralTabBarTest.ContactTabBar(GeneralTabBarTest.java:12)
	at com.onelogin.tests.GeneralTabBarTest.ContactTabBar(GeneralTabBarTest.java:12)
	at com.onelogin.tests.GeneralTabBarTest.ContactTabBar(GeneralTabBarTest.java:12)
	at com.onelogin.tests.GeneralTabBarTest.ContactTabBar(GeneralTabBarTest.java:12)
	at com.onelogin.tests.GeneralTabBarTest.ContactTabBar(GeneralTabBarTest.java:12)
	at com.onelogin.tests.GeneralTabBarTest.ContactTabBar(GeneralTabBarTest.java:12)
	at com.onelogin.tests.GeneralTabBarTest.ContactTabBar(GeneralTabBarTest.java:12)
	at com.onelogin.tests.GeneralTabBarTest.ContactTabBar(GeneralTabBarTest.java:12)
	at com.onelogin.tests.GeneralTabBarTest.ContactTabBar(GeneralTabBarTest.java:12)
	at com.onelogin.tests.GeneralTabBarTest.ContactTabBar(GeneralTabBarTest.java:12)
	at com.onelogin.tests.GeneralTabBarTest.ContactTabBar(GeneralTabBarTest.java:12)
	at com.onelogin.tests.GeneralTabBarTest.ContactTabBar(GeneralTabBarTest.java:12)
	at com.onelogin.tests.GeneralTabBarTest.ContactTabBar(GeneralTabBarTest.java:12)
	at com.onelogin.tests.GeneralTabBarTest.ContactTabBar(GeneralTabBarTest.java:12)
	at com.onelogin.tests.GeneralTabBarTest.ContactTabBar(GeneralTabBarTest.java:12)
	at com.onelogin.tests.GeneralTabBarTest.ContactTabBar(GeneralTabBarTest.java:12)
	at com.onelogin.tests.GeneralTabBarTest.ContactTabBar(GeneralTabBarTest.java:12)
	at com.onelogin.tests.GeneralTabBarTest.ContactTabBar(GeneralTabBarTest.java:12)
	at com.onelogin.tests.GeneralTabBarTest.ContactTabBar(GeneralTabBarTest.java:12)
	at com.onelogin.tests.GeneralTabBarTest.ContactTabBar(GeneralTabBarTest.java:12)
	at com.onelogin.tests.GeneralTabBarTest.ContactTabBar(GeneralTabBarTest.java:12)
	at com.onelogin.tests.GeneralTabBarTest.ContactTabBar(GeneralTabBarTest.java:12)
	at com.onelogin.tests.GeneralTabBarTest.ContactTabBar(GeneralTabBarTest.java:12)
	at com.onelogin.tests.GeneralTabBarTest.ContactTabBar(GeneralTabBarTest.java:12)
	at com.onelogin.tests.GeneralTabBarTest.ContactTabBar(GeneralTabBarTest.java:12)
	at com.onelogin.tests.GeneralTabBarTest.ContactTabBar(GeneralTabBarTest.java:12)
	at com.onelogin.tests.GeneralTabBarTest.ContactTabBar(GeneralTabBarTest.java:12)
	at com.onelogin.tests.GeneralTabBarTest.ContactTabBar(GeneralTabBarTest.java:12)
	at com.onelogin.tests.GeneralTabBarTest.ContactTabBar(GeneralTabBarTest.java:12)
	at com.onelogin.tests.GeneralTabBarTest.ContactTabBar(GeneralTabBarTest.java:12)
	at com.onelogin.tests.GeneralTabBarTest.ContactTabBar(GeneralTabBarTest.java:12)
	at com.onelogin.tests.GeneralTabBarTest.ContactTabBar(GeneralTabBarTest.java:12)
	at com.onelogin.tests.GeneralTabBarTest.ContactTabBar(GeneralTabBarTest.java:12)
	at com.onelogin.tests.GeneralTabBarTest.ContactTabBar(GeneralTabBarTest.java:12)
	at com.onelogin.tests.GeneralTabBarTest.ContactTabBar(GeneralTabBarTest.java:12)
	at com.onelogin.tests.GeneralTabBarTest.ContactTabBar(GeneralTabBarTest.java:12)
	at com.onelogin.tests.GeneralTabBarTest.ContactTabBar(GeneralTabBarTest.java:12)
	at com.onelogin.tests.GeneralTabBarTest.ContactTabBar(GeneralTabBarTest.java:12)
	at com.onelogin.tests.GeneralTabBarTest.ContactTabBar(GeneralTabBarTest.java:12)
	at com.onelogin.tests.GeneralTabBarTest.ContactTabBar(GeneralTabBarTest.java:12)
	at com.onelogin.tests.GeneralTabBarTest.ContactTabBar(GeneralTabBarTest.java:12)
	at com.onelogin.tests.GeneralTabBarTest.ContactTabBar(GeneralTabBarTest.java:12)
	at com.onelogin.tests.GeneralTabBarTest.ContactTabBar(GeneralTabBarTest.java:12)
	at com.onelogin.tests.GeneralTabBarTest.ContactTabBar(GeneralTabBarTest.java:12)
	at com.onelogin.tests.GeneralTabBarTest.ContactTabBar(GeneralTabBarTest.java:12)
	at com.onelogin.tests.GeneralTabBarTest.ContactTabBar(GeneralTabBarTest.java:12)
	at com.onelogin.tests.GeneralTabBarTest.ContactTabBar(GeneralTabBarTest.java:12)
	at com.onelogin.tests.GeneralTabBarTest.ContactTabBar(GeneralTabBarTest.java:12)
	at com.onelogin.tests.GeneralTabBarTest.ContactTabBar(GeneralTabBarTest.java:12)
	at com.onelogin.tests.GeneralTabBarTest.ContactTabBar(GeneralTabBarTest.java:12)
	at com.onelogin.tests.GeneralTabBarTest.ContactTabBar(GeneralTabBarTest.java:12)
	at com.onelogin.tests.GeneralTabBarTest.ContactTabBar(GeneralTabBarTest.java:12)
	at com.onelogin.tests.GeneralTabBarTest.ContactTabBar(GeneralTabBarTest.java:12)
	at com.onelogin.tests.GeneralTabBarTest.ContactTabBar(GeneralTabBarTest.java:12)
	at com.onelogin.tests.GeneralTabBarTest.ContactTabBar(GeneralTabBarTest.java:12)
	at com.onelogin.tests.GeneralTabBarTest.ContactTabBar(GeneralTabBarTest.java:12)
	at com.onelogin.tests.GeneralTabBarTest.ContactTabBar(GeneralTabBarTest.java:12)
	at com.onelogin.tests.GeneralTabBarTest.ContactTabBar(GeneralTabBarTest.java:12)
	at com.onelogin.tests.GeneralTabBarTest.ContactTabBar(GeneralTabBarTest.java:12)
	at com.onelogin.tests.GeneralTabBarTest.ContactTabBar(GeneralTabBarTest.java:12)
	at com.onelogin.tests.GeneralTabBarTest.ContactTabBar(GeneralTabBarTest.java:12)
	at com.onelogin.tests.GeneralTabBarTest.ContactTabBar(GeneralTabBarTest.java:12)
	at com.onelogin.tests.GeneralTabBarTest.ContactTabBar(GeneralTabBarTest.java:12)
	at com.onelogin.tests.GeneralTabBarTest.ContactTabBar(GeneralTabBarTest.java:12)
	at com.onelogin.tests.GeneralTabBarTest.ContactTabBar(GeneralTabBarTest.java:12)
	at com.onelogin.tests.GeneralTabBarTest.ContactTabBar(GeneralTabBarTest.java:12)
	at com.onelogin.tests.GeneralTabBarTest.ContactTabBar(GeneralTabBarTest.java:12)
	at com.onelogin.tests.GeneralTabBarTest.ContactTabBar(GeneralTabBarTest.java:12)
	at com.onelogin.tests.GeneralTabBarTest.ContactTabBar(GeneralTabBarTest.java:12)
	at com.onelogin.tests.GeneralTabBarTest.ContactTabBar(GeneralTabBarTest.java:12)
	at com.onelogin.tests.GeneralTabBarTest.ContactTabBar(GeneralTabBarTest.java:12)
	at com.onelogin.tests.GeneralTabBarTest.ContactTabBar(GeneralTabBarTest.java:12)
	at com.onelogin.tests.GeneralTabBarTest.ContactTabBar(GeneralTabBarTest.java:12)
	at com.onelogin.tests.GeneralTabBarTest.ContactTabBar(GeneralTabBarTest.java:12)
	at com.onelogin.tests.GeneralTabBarTest.ContactTabBar(GeneralTabBarTest.java:12)
	at com.onelogin.tests.GeneralTabBarTest.ContactTabBar(GeneralTabBarTest.java:12)
	at com.onelogin.tests.GeneralTabBarTest.ContactTabBar(GeneralTabBarTest.java:12)
	at com.onelogin.tests.GeneralTabBarTest.ContactTabBar(GeneralTabBarTest.java:12)
	at com.onelogin.tests.GeneralTabBarTest.ContactTabBar(GeneralTabBarTest.java:12)
	at com.onelogin.tests.GeneralTabBarTest.ContactTabBar(GeneralTabBarTest.java:12)
	at com.onelogin.tests.GeneralTabBarTest.ContactTabBar(GeneralTabBarTest.java:12)
	at com.onelogin.tests.GeneralTabBarTest.ContactTabBar(GeneralTabBarTest.java:12)
	at com.onelogin.tests.GeneralTabBarTest.ContactTabBar(GeneralTabBarTest.java:12)
	at com.onelogin.tests.GeneralTabBarTest.ContactTabBar(GeneralTabBarTest.java:12)
	at com.onelogin.tests.GeneralTabBarTest.ContactTabBar(GeneralTabBarTest.java:12)
	at com.onelogin.tests.GeneralTabBarTest.ContactTabBar(GeneralTabBarTest.java:12)
	at com.onelogin.tests.GeneralTabBarTest.ContactTabBar(GeneralTabBarTest.java:12)
	at com.onelogin.tests.GeneralTabBarTest.ContactTabBar(GeneralTabBarTest.java:12)
	at com.onelogin.tests.GeneralTabBarTest.ContactTabBar(GeneralTabBarTest.java:12)
	at com.onelogin.tests.GeneralTabBarTest.ContactTabBar(GeneralTabBarTest.java:12)
	at com.onelogin.tests.GeneralTabBarTest.ContactTabBar(GeneralTabBarTest.java:12)
	at com.onelogin.tests.GeneralTabBarTest.ContactTabBar(GeneralTabBarTest.java:12)
	at com.onelogin.tests.GeneralTabBarTest.ContactTabBar(GeneralTabBarTest.java:12)
	at com.onelogin.tests.GeneralTabBarTest.ContactTabBar(GeneralTabBarTest.java:12)
	at com.onelogin.tests.GeneralTabBarTest.ContactTabBar(GeneralTabBarTest.java:12)
	at com.onelogin.tests.GeneralTabBarTest.ContactTabBar(GeneralTabBarTest.java:12)
	at com.onelogin.tests.GeneralTabBarTest.ContactTabBar(GeneralTabBarTest.java:12)
	at com.onelogin.tests.GeneralTabBarTest.ContactTabBar(GeneralTabBarTest.java:12)
	at com.onelogin.tests.GeneralTabBarTest.ContactTabBar(GeneralTabBarTest.java:12)
	at com.onelogin.tests.GeneralTabBarTest.ContactTabBar(GeneralTabBarTest.java:12)
	at com.onelogin.tests.GeneralTabBarTest.ContactTabBar(GeneralTabBarTest.java:12)
	at com.onelogin.tests.GeneralTabBarTest.ContactTabBar(GeneralTabBarTest.java:12)
	at com.onelogin.tests.GeneralTabBarTest.ContactTabBar(GeneralTabBarTest.java:12)
	at com.onelogin.tests.GeneralTabBarTest.ContactTabBar(GeneralTabBarTest.java:12)
	at com.onelogin.tests.GeneralTabBarTest.ContactTabBar(GeneralTabBarTest.java:12)
	at com.onelogin.tests.GeneralTabBarTest.ContactTabBar(GeneralTabBarTest.java:12)
	at com.onelogin.tests.GeneralTabBarTest.ContactTabBar(GeneralTabBarTest.java:12)
	at com.onelogin.tests.GeneralTabBarTest.ContactTabBar(GeneralTabBarTest.java:12)
	at com.onelogin.tests.GeneralTabBarTest.ContactTabBar(GeneralTabBarTest.java:12)
	at com.onelogin.tests.GeneralTabBarTest.ContactTabBar(GeneralTabBarTest.java:12)
	at com.onelogin.tests.GeneralTabBarTest.ContactTabBar(GeneralTabBarTest.java:12)
	at com.onelogin.tests.GeneralTabBarTest.ContactTabBar(GeneralTabBarTest.java:12)
	at com.onelogin.tests.GeneralTabBarTest.ContactTabBar(GeneralTabBarTest.java:12)
	at com.onelogin.tests.GeneralTabBarTest.ContactTabBar(GeneralTabBarTest.java:12)
	at com.onelogin.tests.GeneralTabBarTest.ContactTabBar(GeneralTabBarTest.java:12)
	at com.onelogin.tests.GeneralTabBarTest.ContactTabBar(GeneralTabBarTest.java:12)
	at com.onelogin.tests.GeneralTabBarTest.ContactTabBar(GeneralTabBarTest.java:12)
	at com.onelogin.tests.GeneralTabBarTest.ContactTabBar(GeneralTabBarTest.java:12)
	at com.onelogin.tests.GeneralTabBarTest.ContactTabBar(GeneralTabBarTest.java:12)
	at com.onelogin.tests.GeneralTabBarTest.ContactTabBar(GeneralTabBarTest.java:12)
	at com.onelogin.tests.GeneralTabBarTest.ContactTabBar(GeneralTabBarTest.java:12)
	at com.onelogin.tests.GeneralTabBarTest.ContactTabBar(GeneralTabBarTest.java:12)
	at com.onelogin.tests.GeneralTabBarTest.ContactTabBar(GeneralTabBarTest.java:12)
	at com.onelogin.tests.GeneralTabBarTest.ContactTabBar(GeneralTabBarTest.java:12)
	at com.onelogin.tests.GeneralTabBarTest.ContactTabBar(GeneralTabBarTest.java:12)
	at com.onelogin.tests.GeneralTabBarTest.ContactTabBar(GeneralTabBarTest.java:12)
	at com.onelogin.tests.GeneralTabBarTest.ContactTabBar(GeneralTabBarTest.java:12)
	at com.onelogin.tests.GeneralTabBarTest.ContactTabBar(GeneralTabBarTest.java:12)
	at com.onelogin.tests.GeneralTabBarTest.ContactTabBar(GeneralTabBarTest.java:12)
	at com.onelogin.tests.GeneralTabBarTest.ContactTabBar(GeneralTabBarTest.java:12)
	at com.onelogin.tests.GeneralTabBarTest.ContactTabBar(GeneralTabBarTest.java:12)
	at com.onelogin.tests.GeneralTabBarTest.ContactTabBar(GeneralTabBarTest.java:12)
	at com.onelogin.tests.GeneralTabBarTest.ContactTabBar(GeneralTabBarTest.java:12)
	at com.onelogin.tests.GeneralTabBarTest.ContactTabBar(GeneralTabBarTest.java:12)
	at com.onelogin.tests.GeneralTabBarTest.ContactTabBar(GeneralTabBarTest.java:12)
	at com.onelogin.tests.GeneralTabBarTest.ContactTabBar(GeneralTabBarTest.java:12)
	at com.onelogin.tests.GeneralTabBarTest.ContactTabBar(GeneralTabBarTest.java:12)
	at com.onelogin.tests.GeneralTabBarTest.ContactTabBar(GeneralTabBarTest.java:12)
	at com.onelogin.tests.GeneralTabBarTest.ContactTabBar(GeneralTabBarTest.java:12)
	at com.onelogin.tests.GeneralTabBarTest.ContactTabBar(GeneralTabBarTest.java:12)
	at com.onelogin.tests.GeneralTabBarTest.ContactTabBar(GeneralTabBarTest.java:12)
	at com.onelogin.tests.GeneralTabBarTest.ContactTabBar(GeneralTabBarTest.java:12)
	at com.onelogin.tests.GeneralTabBarTest.ContactTabBar(GeneralTabBarTest.java:12)
	at com.onelogin.tests.GeneralTabBarTest.ContactTabBar(GeneralTabBarTest.java:12)
	at com.onelogin.tests.GeneralTabBarTest.ContactTabBar(GeneralTabBarTest.java:12)
	at com.onelogin.tests.GeneralTabBarTest.ContactTabBar(GeneralTabBarTest.java:12)
	at com.onelogin.tests.GeneralTabBarTest.ContactTabBar(GeneralTabBarTest.java:12)
	at com.onelogin.tests.GeneralTabBarTest.ContactTabBar(GeneralTabBarTest.java:12)
	at com.onelogin.tests.GeneralTabBarTest.ContactTabBar(GeneralTabBarTest.java:12)
	at com.onelogin.tests.GeneralTabBarTest.ContactTabBar(GeneralTabBarTest.java:12)
	at com.onelogin.tests.GeneralTabBarTest.ContactTabBar(GeneralTabBarTest.java:12)
	at com.onelogin.tests.GeneralTabBarTest.ContactTabBar(GeneralTabBarTest.java:12)
	at com.onelogin.tests.GeneralTabBarTest.ContactTabBar(GeneralTabBarTest.java:12)
	at com.onelogin.tests.GeneralTabBarTest.ContactTabBar(GeneralTabBarTest.java:12)
	at com.onelogin.tests.GeneralTabBarTest.ContactTabBar(GeneralTabBarTest.java:12)
	at com.onelogin.tests.GeneralTabBarTest.ContactTabBar(GeneralTabBarTest.java:12)
	at com.onelogin.tests.GeneralTabBarTest.ContactTabBar(GeneralTabBarTest.java:12)
	at com.onelogin.tests.GeneralTabBarTest.ContactTabBar(GeneralTabBarTest.java:12)
	at com.onelogin.tests.GeneralTabBarTest.ContactTabBar(GeneralTabBarTest.java:12)
	at com.onelogin.tests.GeneralTabBarTest.ContactTabBar(GeneralTabBarTest.java:12)
	at com.onelogin.tests.GeneralTabBarTest.ContactTabBar(GeneralTabBarTest.java:12)
	at com.onelogin.tests.GeneralTabBarTest.ContactTabBar(GeneralTabBarTest.java:12)
	at com.onelogin.tests.GeneralTabBarTest.ContactTabBar(GeneralTabBarTest.java:12)
	at com.onelogin.tests.GeneralTabBarTest.ContactTabBar(GeneralTabBarTest.java:12)
	at com.onelogin.tests.GeneralTabBarTest.ContactTabBar(GeneralTabBarTest.java:12)
	at com.onelogin.tests.GeneralTabBarTest.ContactTabBar(GeneralTabBarTest.java:12)
	at com.onelogin.tests.GeneralTabBarTest.ContactTabBar(GeneralTabBarTest.java:12)
	at com.onelogin.tests.GeneralTabBarTest.ContactTabBar(GeneralTabBarTest.java:12)
	at com.onelogin.tests.GeneralTabBarTest.ContactTabBar(GeneralTabBarTest.java:12)
	at com.onelogin.tests.GeneralTabBarTest.ContactTabBar(GeneralTabBarTest.java:12)
	at com.onelogin.tests.GeneralTabBarTest.ContactTabBar(GeneralTabBarTest.java:12)
	at com.onelogin.tests.GeneralTabBarTest.ContactTabBar(GeneralTabBarTest.java:12)
	at com.onelogin.tests.GeneralTabBarTest.ContactTabBar(GeneralTabBarTest.java:12)
	at com.onelogin.tests.GeneralTabBarTest.ContactTabBar(GeneralTabBarTest.java:12)
	at com.onelogin.tests.GeneralTabBarTest.ContactTabBar(GeneralTabBarTest.java:12)
	at com.onelogin.tests.GeneralTabBarTest.ContactTabBar(GeneralTabBarTest.java:12)
	at com.onelogin.tests.GeneralTabBarTest.ContactTabBar(GeneralTabBarTest.java:12)
	at com.onelogin.tests.GeneralTabBarTest.ContactTabBar(GeneralTabBarTest.java:12)
	at com.onelogin.tests.GeneralTabBarTest.ContactTabBar(GeneralTabBarTest.java:12)
	at com.onelogin.tests.GeneralTabBarTest.ContactTabBar(GeneralTabBarTest.java:12)
	at com.onelogin.tests.GeneralTabBarTest.ContactTabBar(GeneralTabBarTest.java:12)
	at com.onelogin.tests.GeneralTabBarTest.ContactTabBar(GeneralTabBarTest.java:12)
	at com.onelogin.tests.GeneralTabBarTest.ContactTabBar(GeneralTabBarTest.java:12)
	at com.onelogin.tests.GeneralTabBarTest.ContactTabBar(GeneralTabBarTest.java:12)
	at com.onelogin.tests.GeneralTabBarTest.ContactTabBar(GeneralTabBarTest.java:12)
	at com.onelogin.tests.GeneralTabBarTest.ContactTabBar(GeneralTabBarTest.java:12)
	at com.onelogin.tests.GeneralTabBarTest.ContactTabBar(GeneralTabBarTest.java:12)
	at com.onelogin.tests.GeneralTabBarTest.ContactTabBar(GeneralTabBarTest.java:12)
	at com.onelogin.tests.GeneralTabBarTest.ContactTabBar(GeneralTabBarTest.java:12)
	at com.onelogin.tests.GeneralTabBarTest.ContactTabBar(GeneralTabBarTest.java:12)
	at com.onelogin.tests.GeneralTabBarTest.ContactTabBar(GeneralTabBarTest.java:12)
	at com.onelogin.tests.GeneralTabBarTest.ContactTabBar(GeneralTabBarTest.java:12)
	at com.onelogin.tests.GeneralTabBarTest.ContactTabBar(GeneralTabBarTest.java:12)
	at com.onelogin.tests.GeneralTabBarTest.ContactTabBar(GeneralTabBarTest.java:12)
	at com.onelogin.tests.GeneralTabBarTest.ContactTabBar(GeneralTabBarTest.java:12)
	at com.onelogin.tests.GeneralTabBarTest.ContactTabBar(GeneralTabBarTest.java:12)
	at com.onelogin.tests.GeneralTabBarTest.ContactTabBar(GeneralTabBarTest.java:12)
	at com.onelogin.tests.GeneralTabBarTest.ContactTabBar(GeneralTabBarTest.java:12)
	at com.onelogin.tests.GeneralTabBarTest.ContactTabBar(GeneralTabBarTest.java:12)
	at com.onelogin.tests.GeneralTabBarTest.ContactTabBar(GeneralTabBarTest.java:12)
	at com.onelogin.tests.GeneralTabBarTest.ContactTabBar(GeneralTabBarTest.java:12)
	at com.onelogin.tests.GeneralTabBarTest.ContactTabBar(GeneralTabBarTest.java:12)
	at com.onelogin.tests.GeneralTabBarTest.ContactTabBar(GeneralTabBarTest.java:12)
	at com.onelogin.tests.GeneralTabBarTest.ContactTabBar(GeneralTabBarTest.java:12)
	at com.onelogin.tests.GeneralTabBarTest.ContactTabBar(GeneralTabBarTest.java:12)
	at com.onelogin.tests.GeneralTabBarTest.ContactTabBar(GeneralTabBarTest.java:12)
	at com.onelogin.tests.GeneralTabBarTest.ContactTabBar(GeneralTabBarTest.java:12)
	at com.onelogin.tests.GeneralTabBarTest.ContactTabBar(GeneralTabBarTest.java:12)
	at com.onelogin.tests.GeneralTabBarTest.ContactTabBar(GeneralTabBarTest.java:12)
	at com.onelogin.tests.GeneralTabBarTest.ContactTabBar(GeneralTabBarTest.java:12)
	at com.onelogin.tests.GeneralTabBarTest.ContactTabBar(GeneralTabBarTest.java:12)
	at com.onelogin.tests.GeneralTabBarTest.ContactTabBar(GeneralTabBarTest.java:12)
	at com.onelogin.tests.GeneralTabBarTest.ContactTabBar(GeneralTabBarTest.java:12)
	at com.onelogin.tests.GeneralTabBarTest.ContactTabBar(GeneralTabBarTest.java:12)
	at com.onelogin.tests.GeneralTabBarTest.ContactTabBar(GeneralTabBarTest.java:12)
	at com.onelogin.tests.GeneralTabBarTest.ContactTabBar(GeneralTabBarTest.java:12)
	at com.onelogin.tests.GeneralTabBarTest.ContactTabBar(GeneralTabBarTest.java:12)
	at com.onelogin.tests.GeneralTabBarTest.ContactTabBar(GeneralTabBarTest.java:12)
	at com.onelogin.tests.GeneralTabBarTest.ContactTabBar(GeneralTabBarTest.java:12)
	at com.onelogin.tests.GeneralTabBarTest.ContactTabBar(GeneralTabBarTest.java:12)
	at com.onelogin.tests.GeneralTabBarTest.ContactTabBar(GeneralTabBarTest.java:12)
	at com.onelogin.tests.GeneralTabBarTest.ContactTabBar(GeneralTabBarTest.java:12)
	at com.onelogin.tests.GeneralTabBarTest.ContactTabBar(GeneralTabBarTest.java:12)
	at com.onelogin.tests.GeneralTabBarTest.ContactTabBar(GeneralTabBarTest.java:12)
	at com.onelogin.tests.GeneralTabBarTest.ContactTabBar(GeneralTabBarTest.java:12)
	at com.onelogin.tests.GeneralTabBarTest.ContactTabBar(GeneralTabBarTest.java:12)
	at com.onelogin.tests.GeneralTabBarTest.ContactTabBar(GeneralTabBarTest.java:12)
	at com.onelogin.tests.GeneralTabBarTest.ContactTabBar(GeneralTabBarTest.java:12)
	at com.onelogin.tests.GeneralTabBarTest.ContactTabBar(GeneralTabBarTest.java:12)
	at com.onelogin.tests.GeneralTabBarTest.ContactTabBar(GeneralTabBarTest.java:12)
	at com.onelogin.tests.GeneralTabBarTest.ContactTabBar(GeneralTabBarTest.java:12)
	at com.onelogin.tests.GeneralTabBarTest.ContactTabBar(GeneralTabBarTest.java:12)
	at com.onelogin.tests.GeneralTabBarTest.ContactTabBar(GeneralTabBarTest.java:12)
	at com.onelogin.tests.GeneralTabBarTest.ContactTabBar(GeneralTabBarTest.java:12)
	at com.onelogin.tests.GeneralTabBarTest.ContactTabBar(GeneralTabBarTest.java:12)
	at com.onelogin.tests.GeneralTabBarTest.ContactTabBar(GeneralTabBarTest.java:12)
	at com.onelogin.tests.GeneralTabBarTest.ContactTabBar(GeneralTabBarTest.java:12)
	at com.onelogin.tests.GeneralTabBarTest.ContactTabBar(GeneralTabBarTest.java:12)
	at com.onelogin.tests.GeneralTabBarTest.ContactTabBar(GeneralTabBarTest.java:12)
	at com.onelogin.tests.GeneralTabBarTest.ContactTabBar(GeneralTabBarTest.java:12)
	at com.onelogin.tests.GeneralTabBarTest.ContactTabBar(GeneralTabBarTest.java:12)
	at com.onelogin.tests.GeneralTabBarTest.ContactTabBar(GeneralTabBarTest.java:12)
	at com.onelogin.tests.GeneralTabBarTest.ContactTabBar(GeneralTabBarTest.java:12)
	at com.onelogin.tests.GeneralTabBarTest.ContactTabBar(GeneralTabBarTest.java:12)
	at com.onelogin.tests.GeneralTabBarTest.ContactTabBar(GeneralTabBarTest.java:12)
	at com.onelogin.tests.GeneralTabBarTest.ContactTabBar(GeneralTabBarTest.java:12)
	at com.onelogin.tests.GeneralTabBarTest.ContactTabBar(GeneralTabBarTest.java:12)
	at com.onelogin.tests.GeneralTabBarTest.ContactTabBar(GeneralTabBarTest.java:12)
	at com.onelogin.tests.GeneralTabBarTest.ContactTabBar(GeneralTabBarTest.java:12)
	at com.onelogin.tests.GeneralTabBarTest.ContactTabBar(GeneralTabBarTest.java:12)
	at com.onelogin.tests.GeneralTabBarTest.ContactTabBar(GeneralTabBarTest.java:12)
	at com.onelogin.tests.GeneralTabBarTest.ContactTabBar(GeneralTabBarTest.java:12)
	at com.onelogin.tests.GeneralTabBarTest.ContactTabBar(GeneralTabBarTest.java:12)
	at com.onelogin.tests.GeneralTabBarTest.ContactTabBar(GeneralTabBarTest.java:12)
	at com.onelogin.tests.GeneralTabBarTest.ContactTabBar(GeneralTabBarTest.java:12)
	at com.onelogin.tests.GeneralTabBarTest.ContactTabBar(GeneralTabBarTest.java:12)
	at com.onelogin.tests.GeneralTabBarTest.ContactTabBar(GeneralTabBarTest.java:12)
	at com.onelogin.tests.GeneralTabBarTest.ContactTabBar(GeneralTabBarTest.java:12)
	at com.onelogin.tests.GeneralTabBarTest.ContactTabBar(GeneralTabBarTest.java:12)
	at com.onelogin.tests.GeneralTabBarTest.ContactTabBar(GeneralTabBarTest.java:12)
	at com.onelogin.tests.GeneralTabBarTest.ContactTabBar(GeneralTabBarTest.java:12)
	at com.onelogin.tests.GeneralTabBarTest.ContactTabBar(GeneralTabBarTest.java:12)
	at com.onelogin.tests.GeneralTabBarTest.ContactTabBar(GeneralTabBarTest.java:12)
	at com.onelogin.tests.GeneralTabBarTest.ContactTabBar(GeneralTabBarTest.java:12)
	at com.onelogin.tests.GeneralTabBarTest.ContactTabBar(GeneralTabBarTest.java:12)
	at com.onelogin.tests.GeneralTabBarTest.ContactTabBar(GeneralTabBarTest.java:12)
	at com.onelogin.tests.GeneralTabBarTest.ContactTabBar(GeneralTabBarTest.java:12)
	at com.onelogin.tests.GeneralTabBarTest.ContactTabBar(GeneralTabBarTest.java:12)
	at com.onelogin.tests.GeneralTabBarTest.ContactTabBar(GeneralTabBarTest.java:12)
	at com.onelogin.tests.GeneralTabBarTest.ContactTabBar(GeneralTabBarTest.java:12)
	at com.onelogin.tests.GeneralTabBarTest.ContactTabBar(GeneralTabBarTest.java:12)
	at com.onelogin.tests.GeneralTabBarTest.ContactTabBar(GeneralTabBarTest.java:12)
	at com.onelogin.tests.GeneralTabBarTest.ContactTabBar(GeneralTabBarTest.java:12)
	at com.onelogin.tests.GeneralTabBarTest.ContactTabBar(GeneralTabBarTest.java:12)
	at com.onelogin.tests.GeneralTabBarTest.ContactTabBar(GeneralTabBarTest.java:12)
	at com.onelogin.tests.GeneralTabBarTest.ContactTabBar(GeneralTabBarTest.java:12)
	at com.onelogin.tests.GeneralTabBarTest.ContactTabBar(GeneralTabBarTest.java:12)
	at com.onelogin.tests.GeneralTabBarTest.ContactTabBar(GeneralTabBarTest.java:12)
	at com.onelogin.tests.GeneralTabBarTest.ContactTabBar(GeneralTabBarTest.java:12)
	at com.onelogin.tests.GeneralTabBarTest.ContactTabBar(GeneralTabBarTest.java:12)
	at com.onelogin.tests.GeneralTabBarTest.ContactTabBar(GeneralTabBarTest.java:12)
	at com.onelogin.tests.GeneralTabBarTest.ContactTabBar(GeneralTabBarTest.java:12)
	at com.onelogin.tests.GeneralTabBarTest.ContactTabBar(GeneralTabBarTest.java:12)
	at com.onelogin.tests.GeneralTabBarTest.ContactTabBar(GeneralTabBarTest.java:12)
	at com.onelogin.tests.GeneralTabBarTest.ContactTabBar(GeneralTabBarTest.java:12)
	at com.onelogin.tests.GeneralTabBarTest.ContactTabBar(GeneralTabBarTest.java:12)
	at com.onelogin.tests.GeneralTabBarTest.ContactTabBar(GeneralTabBarTest.java:12)
	at com.onelogin.tests.GeneralTabBarTest.ContactTabBar(GeneralTabBarTest.java:12)
	at com.onelogin.tests.GeneralTabBarTest.ContactTabBar(GeneralTabBarTest.java:12)
	at com.onelogin.tests.GeneralTabBarTest.ContactTabBar(GeneralTabBarTest.java:12)
	at com.onelogin.tests.GeneralTabBarTest.ContactTabBar(GeneralTabBarTest.java:12)
	at com.onelogin.tests.GeneralTabBarTest.ContactTabBar(GeneralTabBarTest.java:12)
	at com.onelogin.tests.GeneralTabBarTest.ContactTabBar(GeneralTabBarTest.java:12)
	at com.onelogin.tests.GeneralTabBarTest.ContactTabBar(GeneralTabBarTest.java:12)
	at com.onelogin.tests.GeneralTabBarTest.ContactTabBar(GeneralTabBarTest.java:12)
	at com.onelogin.tests.GeneralTabBarTest.ContactTabBar(GeneralTabBarTest.java:12)
	at com.onelogin.tests.GeneralTabBarTest.ContactTabBar(GeneralTabBarTest.java:12)
	at com.onelogin.tests.GeneralTabBarTest.ContactTabBar(GeneralTabBarTest.java:12)
	at com.onelogin.tests.GeneralTabBarTest.ContactTabBar(GeneralTabBarTest.java:12)
	at com.onelogin.tests.GeneralTabBarTest.ContactTabBar(GeneralTabBarTest.java:12)
	at com.onelogin.tests.GeneralTabBarTest.ContactTabBar(GeneralTabBarTest.java:12)
	at com.onelogin.tests.GeneralTabBarTest.ContactTabBar(GeneralTabBarTest.java:12)
	at com.onelogin.tests.GeneralTabBarTest.ContactTabBar(GeneralTabBarTest.java:12)
	at com.onelogin.tests.GeneralTabBarTest.ContactTabBar(GeneralTabBarTest.java:12)
	at com.onelogin.tests.GeneralTabBarTest.ContactTabBar(GeneralTabBarTest.java:12)
	at com.onelogin.tests.GeneralTabBarTest.ContactTabBar(GeneralTabBarTest.java:12)
	at com.onelogin.tests.GeneralTabBarTest.ContactTabBar(GeneralTabBarTest.java:12)
	at com.onelogin.tests.GeneralTabBarTest.ContactTabBar(GeneralTabBarTest.java:12)
	at com.onelogin.tests.GeneralTabBarTest.ContactTabBar(GeneralTabBarTest.java:12)
	at com.onelogin.tests.GeneralTabBarTest.ContactTabBar(GeneralTabBarTest.java:12)
	at com.onelogin.tests.GeneralTabBarTest.ContactTabBar(GeneralTabBarTest.java:12)
	at com.onelogin.tests.GeneralTabBarTest.ContactTabBar(GeneralTabBarTest.java:12)
	at com.onelogin.tests.GeneralTabBarTest.ContactTabBar(GeneralTabBarTest.java:12)
	at com.onelogin.tests.GeneralTabBarTest.ContactTabBar(GeneralTabBarTest.java:12)
	at com.onelogin.tests.GeneralTabBarTest.ContactTabBar(GeneralTabBarTest.java:12)
	at com.onelogin.tests.GeneralTabBarTest.ContactTabBar(GeneralTabBarTest.java:12)
	at com.onelogin.tests.GeneralTabBarTest.ContactTabBar(GeneralTabBarTest.java:12)
	at com.onelogin.tests.GeneralTabBarTest.ContactTabBar(GeneralTabBarTest.java:12)
	at com.onelogin.tests.GeneralTabBarTest.ContactTabBar(GeneralTabBarTest.java:12)
	at com.onelogin.tests.GeneralTabBarTest.ContactTabBar(GeneralTabBarTest.java:12)
	at com.onelogin.tests.GeneralTabBarTest.ContactTabBar(GeneralTabBarTest.java:12)
	at com.onelogin.tests.GeneralTabBarTest.ContactTabBar(GeneralTabBarTest.java:12)
	at com.onelogin.tests.GeneralTabBarTest.ContactTabBar(GeneralTabBarTest.java:12)
	at com.onelogin.tests.GeneralTabBarTest.ContactTabBar(GeneralTabBarTest.java:12)
	at com.onelogin.tests.GeneralTabBarTest.ContactTabBar(GeneralTabBarTest.java:12)
	at com.onelogin.tests.GeneralTabBarTest.ContactTabBar(GeneralTabBarTest.java:12)
	at com.onelogin.tests.GeneralTabBarTest.ContactTabBar(GeneralTabBarTest.java:12)
	at com.onelogin.tests.GeneralTabBarTest.ContactTabBar(GeneralTabBarTest.java:12)
	at com.onelogin.tests.GeneralTabBarTest.ContactTabBar(GeneralTabBarTest.java:12)
	at com.onelogin.tests.GeneralTabBarTest.ContactTabBar(GeneralTabBarTest.java:12)
	at com.onelogin.tests.GeneralTabBarTest.ContactTabBar(GeneralTabBarTest.java:12)
	at com.onelogin.tests.GeneralTabBarTest.ContactTabBar(GeneralTabBarTest.java:12)
	at com.onelogin.tests.GeneralTabBarTest.ContactTabBar(GeneralTabBarTest.java:12)
	at com.onelogin.tests.GeneralTabBarTest.ContactTabBar(GeneralTabBarTest.java:12)
	at com.onelogin.tests.GeneralTabBarTest.ContactTabBar(GeneralTabBarTest.java:12)
	at com.onelogin.tests.GeneralTabBarTest.ContactTabBar(GeneralTabBarTest.java:12)
	at com.onelogin.tests.GeneralTabBarTest.ContactTabBar(GeneralTabBarTest.java:12)
	at com.onelogin.tests.GeneralTabBarTest.ContactTabBar(GeneralTabBarTest.java:12)
	at com.onelogin.tests.GeneralTabBarTest.ContactTabBar(GeneralTabBarTest.java:12)
	at com.onelogin.tests.GeneralTabBarTest.ContactTabBar(GeneralTabBarTest.java:12)
	at com.onelogin.tests.GeneralTabBarTest.ContactTabBar(GeneralTabBarTest.java:12)
	at com.onelogin.tests.GeneralTabBarTest.ContactTabBar(GeneralTabBarTest.java:12)
	at com.onelogin.tests.GeneralTabBarTest.ContactTabBar(GeneralTabBarTest.java:12)
	at com.onelogin.tests.GeneralTabBarTest.ContactTabBar(GeneralTabBarTest.java:12)
	at com.onelogin.tests.GeneralTabBarTest.ContactTabBar(GeneralTabBarTest.java:12)
	at com.onelogin.tests.GeneralTabBarTest.ContactTabBar(GeneralTabBarTest.java:12)
	at com.onelogin.tests.GeneralTabBarTest.ContactTabBar(GeneralTabBarTest.java:12)
	at com.onelogin.tests.GeneralTabBarTest.ContactTabBar(GeneralTabBarTest.java:12)
	at com.onelogin.tests.GeneralTabBarTest.ContactTabBar(GeneralTabBarTest.java:12)
	at com.onelogin.tests.GeneralTabBarTest.ContactTabBar(GeneralTabBarTest.java:12)
	at com.onelogin.tests.GeneralTabBarTest.ContactTabBar(GeneralTabBarTest.java:12)
	at com.onelogin.tests.GeneralTabBarTest.ContactTabBar(GeneralTabBarTest.java:12)
	at com.onelogin.tests.GeneralTabBarTest.ContactTabBar(GeneralTabBarTest.java:12)
	at com.onelogin.tests.GeneralTabBarTest.ContactTabBar(GeneralTabBarTest.java:12)
	at com.onelogin.tests.GeneralTabBarTest.ContactTabBar(GeneralTabBarTest.java:12)
	at com.onelogin.tests.GeneralTabBarTest.ContactTabBar(GeneralTabBarTest.java:12)
	at com.onelogin.tests.GeneralTabBarTest.ContactTabBar(GeneralTabBarTest.java:12)
	at com.onelogin.tests.GeneralTabBarTest.ContactTabBar(GeneralTabBarTest.java:12)
	at com.onelogin.tests.GeneralTabBarTest.ContactTabBar(GeneralTabBarTest.java:12)
	at com.onelogin.tests.GeneralTabBarTest.ContactTabBar(GeneralTabBarTest.java:12)
	at com.onelogin.tests.GeneralTabBarTest.ContactTabBar(GeneralTabBarTest.java:12)
	at com.onelogin.tests.GeneralTabBarTest.ContactTabBar(GeneralTabBarTest.java:12)
	at com.onelogin.tests.GeneralTabBarTest.ContactTabBar(GeneralTabBarTest.java:12)
	at com.onelogin.tests.GeneralTabBarTest.ContactTabBar(GeneralTabBarTest.java:12)
	at com.onelogin.tests.GeneralTabBarTest.ContactTabBar(GeneralTabBarTest.java:12)
	at com.onelogin.tests.GeneralTabBarTest.ContactTabBar(GeneralTabBarTest.java:12)
	at com.onelogin.tests.GeneralTabBarTest.ContactTabBar(GeneralTabBarTest.java:12)
	at com.onelogin.tests.GeneralTabBarTest.ContactTabBar(GeneralTabBarTest.java:12)
	at com.onelogin.tests.GeneralTabBarTest.ContactTabBar(GeneralTabBarTest.java:12)
	at com.onelogin.tests.GeneralTabBarTest.ContactTabBar(GeneralTabBarTest.java:12)
	at com.onelogin.tests.GeneralTabBarTest.ContactTabBar(GeneralTabBarTest.java:12)
	at com.onelogin.tests.GeneralTabBarTest.ContactTabBar(GeneralTabBarTest.java:12)
	at com.onelogin.tests.GeneralTabBarTest.ContactTabBar(GeneralTabBarTest.java:12)
	at com.onelogin.tests.GeneralTabBarTest.ContactTabBar(GeneralTabBarTest.java:12)
	at com.onelogin.tests.GeneralTabBarTest.ContactTabBar(GeneralTabBarTest.java:12)
	at com.onelogin.tests.GeneralTabBarTest.ContactTabBar(GeneralTabBarTest.java:12)
	at com.onelogin.tests.GeneralTabBarTest.ContactTabBar(GeneralTabBarTest.java:12)
	at com.onelogin.tests.GeneralTabBarTest.ContactTabBar(GeneralTabBarTest.java:12)
	at com.onelogin.tests.GeneralTabBarTest.ContactTabBar(GeneralTabBarTest.java:12)
	at com.onelogin.tests.GeneralTabBarTest.ContactTabBar(GeneralTabBarTest.java:12)
	at com.onelogin.tests.GeneralTabBarTest.ContactTabBar(GeneralTabBarTest.java:12)
	at com.onelogin.tests.GeneralTabBarTest.ContactTabBar(GeneralTabBarTest.java:12)
	at com.onelogin.tests.GeneralTabBarTest.ContactTabBar(GeneralTabBarTest.java:12)
	at com.onelogin.tests.GeneralTabBarTest.ContactTabBar(GeneralTabBarTest.java:12)
	at com.onelogin.tests.GeneralTabBarTest.ContactTabBar(GeneralTabBarTest.java:12)
	at com.onelogin.tests.GeneralTabBarTest.ContactTabBar(GeneralTabBarTest.java:12)
	at com.onelogin.tests.GeneralTabBarTest.ContactTabBar(GeneralTabBarTest.java:12)
	at com.onelogin.tests.GeneralTabBarTest.ContactTabBar(GeneralTabBarTest.java:12)
	at com.onelogin.tests.GeneralTabBarTest.ContactTabBar(GeneralTabBarTest.java:12)
	at com.onelogin.tests.GeneralTabBarTest.ContactTabBar(GeneralTabBarTest.java:12)
	at com.onelogin.tests.GeneralTabBarTest.ContactTabBar(GeneralTabBarTest.java:12)
	at com.onelogin.tests.GeneralTabBarTest.ContactTabBar(GeneralTabBarTest.java:12)
	at com.onelogin.tests.GeneralTabBarTest.ContactTabBar(GeneralTabBarTest.java:12)
	at com.onelogin.tests.GeneralTabBarTest.ContactTabBar(GeneralTabBarTest.java:12)
	at com.onelogin.tests.GeneralTabBarTest.ContactTabBar(GeneralTabBarTest.java:12)
	at com.onelogin.tests.GeneralTabBarTest.ContactTabBar(GeneralTabBarTest.java:12)
	at com.onelogin.tests.GeneralTabBarTest.ContactTabBar(GeneralTabBarTest.java:12)
	at com.onelogin.tests.GeneralTabBarTest.ContactTabBar(GeneralTabBarTest.java:12)
	at com.onelogin.tests.GeneralTabBarTest.ContactTabBar(GeneralTabBarTest.java:12)
	at com.onelogin.tests.GeneralTabBarTest.ContactTabBar(GeneralTabBarTest.java:12)
	at com.onelogin.tests.GeneralTabBarTest.ContactTabBar(GeneralTabBarTest.java:12)
	at com.onelogin.tests.GeneralTabBarTest.ContactTabBar(GeneralTabBarTest.java:12)
	at com.onelogin.tests.GeneralTabBarTest.ContactTabBar(GeneralTabBarTest.java:12)
	at com.onelogin.tests.GeneralTabBarTest.ContactTabBar(GeneralTabBarTest.java:12)
	at com.onelogin.tests.GeneralTabBarTest.ContactTabBar(GeneralTabBarTest.java:12)
	at com.onelogin.tests.GeneralTabBarTest.ContactTabBar(GeneralTabBarTest.java:12)
	at com.onelogin.tests.GeneralTabBarTest.ContactTabBar(GeneralTabBarTest.java:12)
	at com.onelogin.tests.GeneralTabBarTest.ContactTabBar(GeneralTabBarTest.java:12)
	at com.onelogin.tests.GeneralTabBarTest.ContactTabBar(GeneralTabBarTest.java:12)
	at com.onelogin.tests.GeneralTabBarTest.ContactTabBar(GeneralTabBarTest.java:12)
	at com.onelogin.tests.GeneralTabBarTest.ContactTabBar(GeneralTabBarTest.java:12)
	at com.onelogin.tests.GeneralTabBarTest.ContactTabBar(GeneralTabBarTest.java:12)
	at com.onelogin.tests.GeneralTabBarTest.ContactTabBar(GeneralTabBarTest.java:12)
	at com.onelogin.tests.GeneralTabBarTest.ContactTabBar(GeneralTabBarTest.java:12)
	at com.onelogin.tests.GeneralTabBarTest.ContactTabBar(GeneralTabBarTest.java:12)
	at com.onelogin.tests.GeneralTabBarTest.ContactTabBar(GeneralTabBarTest.java:12)
	at com.onelogin.tests.GeneralTabBarTest.ContactTabBar(GeneralTabBarTest.java:12)
	at com.onelogin.tests.GeneralTabBarTest.ContactTabBar(GeneralTabBarTest.java:12)
	at com.onelogin.tests.GeneralTabBarTest.ContactTabBar(GeneralTabBarTest.java:12)
	at com.onelogin.tests.GeneralTabBarTest.ContactTabBar(GeneralTabBarTest.java:12)
	at com.onelogin.tests.GeneralTabBarTest.ContactTabBar(GeneralTabBarTest.java:12)
	at com.onelogin.tests.GeneralTabBarTest.ContactTabBar(GeneralTabBarTest.java:12)
	at com.onelogin.tests.GeneralTabBarTest.ContactTabBar(GeneralTabBarTest.java:12)
	at com.onelogin.tests.GeneralTabBarTest.ContactTabBar(GeneralTabBarTest.java:12)
	at com.onelogin.tests.GeneralTabBarTest.ContactTabBar(GeneralTabBarTest.java:12)
	at com.onelogin.tests.GeneralTabBarTest.ContactTabBar(GeneralTabBarTest.java:12)
	at com.onelogin.tests.GeneralTabBarTest.ContactTabBar(GeneralTabBarTest.java:12)
	at com.onelogin.tests.GeneralTabBarTest.ContactTabBar(GeneralTabBarTest.java:12)
	at com.onelogin.tests.GeneralTabBarTest.ContactTabBar(GeneralTabBarTest.java:12)
	at com.onelogin.tests.GeneralTabBarTest.ContactTabBar(GeneralTabBarTest.java:12)
	at com.onelogin.tests.GeneralTabBarTest.ContactTabBar(GeneralTabBarTest.java:12)
	at com.onelogin.tests.GeneralTabBarTest.ContactTabBar(GeneralTabBarTest.java:12)
	at com.onelogin.tests.GeneralTabBarTest.ContactTabBar(GeneralTabBarTest.java:12)
	at com.onelogin.tests.GeneralTabBarTest.ContactTabBar(GeneralTabBarTest.java:12)
	at com.onelogin.tests.GeneralTabBarTest.ContactTabBar(GeneralTabBarTest.java:12)
	at com.onelogin.tests.GeneralTabBarTest.ContactTabBar(GeneralTabBarTest.java:12)
	at com.onelogin.tests.GeneralTabBarTest.ContactTabBar(GeneralTabBarTest.java:12)
	at com.onelogin.tests.GeneralTabBarTest.ContactTabBar(GeneralTabBarTest.java:12)
	at com.onelogin.tests.GeneralTabBarTest.ContactTabBar(GeneralTabBarTest.java:12)
	at com.onelogin.tests.GeneralTabBarTest.ContactTabBar(GeneralTabBarTest.java:12)
	at com.onelogin.tests.GeneralTabBarTest.ContactTabBar(GeneralTabBarTest.java:12)
	at com.onelogin.tests.GeneralTabBarTest.ContactTabBar(GeneralTabBarTest.java:12)
	at com.onelogin.tests.GeneralTabBarTest.ContactTabBar(GeneralTabBarTest.java:12)
	at com.onelogin.tests.GeneralTabBarTest.ContactTabBar(GeneralTabBarTest.java:12)
	at com.onelogin.tests.GeneralTabBarTest.ContactTabBar(GeneralTabBarTest.java:12)
	at com.onelogin.tests.GeneralTabBarTest.ContactTabBar(GeneralTabBarTest.java:12)
	at com.onelogin.tests.GeneralTabBarTest.ContactTabBar(GeneralTabBarTest.java:12)
	at com.onelogin.tests.GeneralTabBarTest.ContactTabBar(GeneralTabBarTest.java:12)
	at com.onelogin.tests.GeneralTabBarTest.ContactTabBar(GeneralTabBarTest.java:12)
	at com.onelogin.tests.GeneralTabBarTest.ContactTabBar(GeneralTabBarTest.java:12)
	at com.onelogin.tests.GeneralTabBarTest.ContactTabBar(GeneralTabBarTest.java:12)
	at com.onelogin.tests.GeneralTabBarTest.ContactTabBar(GeneralTabBarTest.java:12)
	at com.onelogin.tests.GeneralTabBarTest.ContactTabBar(GeneralTabBarTest.java:12)
	at com.onelogin.tests.GeneralTabBarTest.ContactTabBar(GeneralTabBarTest.java:12)
	at com.onelogin.tests.GeneralTabBarTest.ContactTabBar(GeneralTabBarTest.java:12)
	at com.onelogin.tests.GeneralTabBarTest.ContactTabBar(GeneralTabBarTest.java:12)
	at com.onelogin.tests.GeneralTabBarTest.ContactTabBar(GeneralTabBarTest.java:12)
	at com.onelogin.tests.GeneralTabBarTest.ContactTabBar(GeneralTabBarTest.java:12)
	at com.onelogin.tests.GeneralTabBarTest.ContactTabBar(GeneralTabBarTest.java:12)
	at com.onelogin.tests.GeneralTabBarTest.ContactTabBar(GeneralTabBarTest.java:12)
	at com.onelogin.tests.GeneralTabBarTest.ContactTabBar(GeneralTabBarTest.java:12)
	at com.onelogin.tests.GeneralTabBarTest.ContactTabBar(GeneralTabBarTest.java:12)
	at com.onelogin.tests.GeneralTabBarTest.ContactTabBar(GeneralTabBarTest.java:12)
	at com.onelogin.tests.GeneralTabBarTest.ContactTabBar(GeneralTabBarTest.java:12)
	at com.onelogin.tests.GeneralTabBarTest.ContactTabBar(GeneralTabBarTest.java:12)
	at com.onelogin.tests.GeneralTabBarTest.ContactTabBar(GeneralTabBarTest.java:12)
	at com.onelogin.tests.GeneralTabBarTest.ContactTabBar(GeneralTabBarTest.java:12)
	at com.onelogin.tests.GeneralTabBarTest.ContactTabBar(GeneralTabBarTest.java:12)
	at com.onelogin.tests.GeneralTabBarTest.ContactTabBar(GeneralTabBarTest.java:12)
	at com.onelogin.tests.GeneralTabBarTest.ContactTabBar(GeneralTabBarTest.java:12)
	at com.onelogin.tests.GeneralTabBarTest.ContactTabBar(GeneralTabBarTest.java:12)
	at com.onelogin.tests.GeneralTabBarTest.ContactTabBar(GeneralTabBarTest.java:12)
	at com.onelogin.tests.GeneralTabBarTest.ContactTabBar(GeneralTabBarTest.java:12)
	at com.onelogin.tests.GeneralTabBarTest.ContactTabBar(GeneralTabBarTest.java:12)
	at com.onelogin.tests.GeneralTabBarTest.ContactTabBar(GeneralTabBarTest.java:12)
	at com.onelogin.tests.GeneralTabBarTest.ContactTabBar(GeneralTabBarTest.java:12)
	at com.onelogin.tests.GeneralTabBarTest.ContactTabBar(GeneralTabBarTest.java:12)
	at com.onelogin.tests.GeneralTabBarTest.ContactTabBar(GeneralTabBarTest.java:12)
	at com.onelogin.tests.GeneralTabBarTest.ContactTabBar(GeneralTabBarTest.java:12)
	at com.onelogin.tests.GeneralTabBarTest.ContactTabBar(GeneralTabBarTest.java:12)
	at com.onelogin.tests.GeneralTabBarTest.ContactTabBar(GeneralTabBarTest.java:12)
	at com.onelogin.tests.GeneralTabBarTest.ContactTabBar(GeneralTabBarTest.java:12)
	at com.onelogin.tests.GeneralTabBarTest.ContactTabBar(GeneralTabBarTest.java:12)
	at com.onelogin.tests.GeneralTabBarTest.ContactTabBar(GeneralTabBarTest.java:12)
	at com.onelogin.tests.GeneralTabBarTest.ContactTabBar(GeneralTabBarTest.java:12)
	at com.onelogin.tests.GeneralTabBarTest.ContactTabBar(GeneralTabBarTest.java:12)
	at com.onelogin.tests.GeneralTabBarTest.ContactTabBar(GeneralTabBarTest.java:12)
	at com.onelogin.tests.GeneralTabBarTest.ContactTabBar(GeneralTabBarTest.java:12)
	at com.onelogin.tests.GeneralTabBarTest.ContactTabBar(GeneralTabBarTest.java:12)
	at com.onelogin.tests.GeneralTabBarTest.ContactTabBar(GeneralTabBarTest.java:12)
	at com.onelogin.tests.GeneralTabBarTest.ContactTabBar(GeneralTabBarTest.java:12)
	at com.onelogin.tests.GeneralTabBarTest.ContactTabBar(GeneralTabBarTest.java:12)
	at com.onelogin.tests.GeneralTabBarTest.ContactTabBar(GeneralTabBarTest.java:12)
	at com.onelogin.tests.GeneralTabBarTest.ContactTabBar(GeneralTabBarTest.java:12)
	at com.onelogin.tests.GeneralTabBarTest.ContactTabBar(GeneralTabBarTest.java:12)
	at com.onelogin.tests.GeneralTabBarTest.ContactTabBar(GeneralTabBarTest.java:12)
	at com.onelogin.tests.GeneralTabBarTest.ContactTabBar(GeneralTabBarTest.java:12)
	at com.onelogin.tests.GeneralTabBarTest.ContactTabBar(GeneralTabBarTest.java:12)
	at com.onelogin.tests.GeneralTabBarTest.ContactTabBar(GeneralTabBarTest.java:12)
	at com.onelogin.tests.GeneralTabBarTest.ContactTabBar(GeneralTabBarTest.java:12)
	at com.onelogin.tests.GeneralTabBarTest.ContactTabBar(GeneralTabBarTest.java:12)
	at com.onelogin.tests.GeneralTabBarTest.ContactTabBar(GeneralTabBarTest.java:12)
	at com.onelogin.tests.GeneralTabBarTest.ContactTabBar(GeneralTabBarTest.java:12)
	at com.onelogin.tests.GeneralTabBarTest.ContactTabBar(GeneralTabBarTest.java:12)
	at com.onelogin.tests.GeneralTabBarTest.ContactTabBar(GeneralTabBarTest.java:12)
	at com.onelogin.tests.GeneralTabBarTest.ContactTabBar(GeneralTabBarTest.java:12)
	at com.onelogin.tests.GeneralTabBarTest.ContactTabBar(GeneralTabBarTest.java:12)
	at com.onelogin.tests.GeneralTabBarTest.ContactTabBar(GeneralTabBarTest.java:12)
	at com.onelogin.tests.GeneralTabBarTest.ContactTabBar(GeneralTabBarTest.java:12)
	at com.onelogin.tests.GeneralTabBarTest.ContactTabBar(GeneralTabBarTest.java:12)
	at com.onelogin.tests.GeneralTabBarTest.ContactTabBar(GeneralTabBarTest.java:12)
	at com.onelogin.tests.GeneralTabBarTest.ContactTabBar(GeneralTabBarTest.java:12)
	at com.onelogin.tests.GeneralTabBarTest.ContactTabBar(GeneralTabBarTest.java:12)
	at com.onelogin.tests.GeneralTabBarTest.ContactTabBar(GeneralTabBarTest.java:12)
	at com.onelogin.tests.GeneralTabBarTest.ContactTabBar(GeneralTabBarTest.java:12)
	at com.onelogin.tests.GeneralTabBarTest.ContactTabBar(GeneralTabBarTest.java:12)
	at com.onelogin.tests.GeneralTabBarTest.ContactTabBar(GeneralTabBarTest.java:12)
	at com.onelogin.tests.GeneralTabBarTest.ContactTabBar(GeneralTabBarTest.java:12)
	at com.onelogin.tests.GeneralTabBarTest.ContactTabBar(GeneralTabBarTest.java:12)
	at com.onelogin.tests.GeneralTabBarTest.ContactTabBar(GeneralTabBarTest.java:12)
	at com.onelogin.tests.GeneralTabBarTest.ContactTabBar(GeneralTabBarTest.java:12)
	at com.onelogin.tests.GeneralTabBarTest.ContactTabBar(GeneralTabBarTest.java:12)
	at com.onelogin.tests.GeneralTabBarTest.ContactTabBar(GeneralTabBarTest.java:12)
	at com.onelogin.tests.GeneralTabBarTest.ContactTabBar(GeneralTabBarTest.java:12)
	at com.onelogin.tests.GeneralTabBarTest.ContactTabBar(GeneralTabBarTest.java:12)
	at com.onelogin.tests.GeneralTabBarTest.ContactTabBar(GeneralTabBarTest.java:12)
	at com.onelogin.tests.GeneralTabBarTest.ContactTabBar(GeneralTabBarTest.java:12)
	at com.onelogin.tests.GeneralTabBarTest.ContactTabBar(GeneralTabBarTest.java:12)
	at com.onelogin.tests.GeneralTabBarTest.ContactTabBar(GeneralTabBarTest.java:12)
	at com.onelogin.tests.GeneralTabBarTest.ContactTabBar(GeneralTabBarTest.java:12)
	at com.onelogin.tests.GeneralTabBarTest.ContactTabBar(GeneralTabBarTest.java:12)
	at com.onelogin.tests.GeneralTabBarTest.ContactTabBar(GeneralTabBarTest.java:12)
	at com.onelogin.tests.GeneralTabBarTest.ContactTabBar(GeneralTabBarTest.java:12)
	at com.onelogin.tests.GeneralTabBarTest.ContactTabBar(GeneralTabBarTest.java:12)
	at com.onelogin.tests.GeneralTabBarTest.ContactTabBar(GeneralTabBarTest.java:12)
	at com.onelogin.tests.GeneralTabBarTest.ContactTabBar(GeneralTabBarTest.java:12)
	at com.onelogin.tests.GeneralTabBarTest.ContactTabBar(GeneralTabBarTest.java:12)
	at com.onelogin.tests.GeneralTabBarTest.ContactTabBar(GeneralTabBarTest.java:12)
	at com.onelogin.tests.GeneralTabBarTest.ContactTabBar(GeneralTabBarTest.java:12)
	at com.onelogin.tests.GeneralTabBarTest.ContactTabBar(GeneralTabBarTest.java:12)
	at com.onelogin.tests.GeneralTabBarTest.ContactTabBar(GeneralTabBarTest.java:12)
	at com.onelogin.tests.GeneralTabBarTest.ContactTabBar(GeneralTabBarTest.java:12)
	at com.onelogin.tests.GeneralTabBarTest.ContactTabBar(GeneralTabBarTest.java:12)
	at com.onelogin.tests.GeneralTabBarTest.ContactTabBar(GeneralTabBarTest.java:12)
	at com.onelogin.tests.GeneralTabBarTest.ContactTabBar(GeneralTabBarTest.java:12)
	at com.onelogin.tests.GeneralTabBarTest.ContactTabBar(GeneralTabBarTest.java:12)
	at com.onelogin.tests.GeneralTabBarTest.ContactTabBar(GeneralTabBarTest.java:12)
	at com.onelogin.tests.GeneralTabBarTest.ContactTabBar(GeneralTabBarTest.java:12)
	at com.onelogin.tests.GeneralTabBarTest.ContactTabBar(GeneralTabBarTest.java:12)
	at com.onelogin.tests.GeneralTabBarTest.ContactTabBar(GeneralTabBarTest.java:12)
	at com.onelogin.tests.GeneralTabBarTest.ContactTabBar(GeneralTabBarTest.java:12)
	at com.onelogin.tests.GeneralTabBarTest.ContactTabBar(GeneralTabBarTest.java:12)
	at com.onelogin.tests.GeneralTabBarTest.ContactTabBar(GeneralTabBarTest.java:12)
	at com.onelogin.tests.GeneralTabBarTest.ContactTabBar(GeneralTabBarTest.java:12)
	at com.onelogin.tests.GeneralTabBarTest.ContactTabBar(GeneralTabBarTest.java:12)
	at com.onelogin.tests.GeneralTabBarTest.ContactTabBar(GeneralTabBarTest.java:12)
]]>
            </full-stacktrace>
          </exception> <!-- java.lang.StackOverflowError -->
          <reporter-output>
          </reporter-output>
        </test-method> <!-- ContactTabBar -->
      </class> <!-- com.onelogin.tests.GeneralTabBarTest -->
    </test> <!-- Default test -->
  </suite> <!-- Default suite -->
</testng-results>
